#
# A fatal error has been detected by the Java Runtime Environment:
#
#  EXCEPTION_ACCESS_VIOLATION (0xc0000005) at pc=0x00007ffc6c6f557a, pid=11640, tid=14572
#
# JRE version: Java(TM) SE Runtime Environment 18.9 (11.0.8+10) (build 11.0.8+10-LTS)
# Java VM: Java HotSpot(TM) 64-Bit Server VM 18.9 (11.0.8+10-LTS, mixed mode, tiered, compressed oops, g1 gc, windows-amd64)
# Problematic frame:
# C  [ntdll.dll+0xa557a]
#
# No core dump will be written. Minidumps are not enabled by default on client versions of Windows
#
# If you would like to submit a bug report, please visit:
#   https://bugreport.java.com/bugreport/crash.jsp
# The crash happened outside the Java Virtual Machine in native code.
# See problematic frame for where to report the bug.
#

---------------  S U M M A R Y ------------

Command Line: -Dfile.encoding=windows-1252 -Duser.country=IN -Duser.language=en -Duser.variant ServerStart

Host: Intel(R) Core(TM) i7-10750H CPU @ 2.60GHz, 12 cores, 15G,  Windows 10 , 64 bit Build 19041 (10.0.19041.546)
Time: Sun Oct 18 10:11:39 2020 India Standard Time elapsed time: 90 seconds (0d 0h 1m 30s)

---------------  T H R E A D  ---------------

Current thread (0x00000219e6303000):  JavaThread "pool-11-thread-1" [_thread_in_native, id=14572, stack(0x000000bbe8d00000,0x000000bbe8e00000)]

Stack: [0x000000bbe8d00000,0x000000bbe8e00000],  sp=0x000000bbe8dfdfa8,  free space=1015k
Native frames: (J=compiled Java code, j=interpreted, Vv=VM code, C=native code)
C  [ntdll.dll+0xa557a]
C  [ntdll.dll+0x1786b]
C  [ntdll.dll+0x16e2c]
C  [msvcrt.dll+0x19d40]
C  [xuggle830369000041663124.dll+0xb6dc4a]

Java frames: (J=compiled Java code, j=interpreted, Vv=VM code)
J 1834  com.xuggle.xuggler.XugglerJNI.IStreamCoder_encodeAudio(JLcom/xuggle/xuggler/IStreamCoder;JLcom/xuggle/xuggler/IPacket;JLcom/xuggle/xuggler/IAudioSamples;J)I (0 bytes) @ 0x00000219d0ea57ed [0x00000219d0ea5740+0x00000000000000ad]
J 2301 c1 stream.H264StreamEncoder.encode([BI)Ljava/nio/ByteBuffer; (144 bytes) @ 0x00000219c9c2c8b4 [0x00000219c9c2bba0+0x0000000000000d14]
J 1937 c1 stream.Server$EncodeAudioTask.run()V (162 bytes) @ 0x00000219c9c1d53c [0x00000219c9c1d440+0x00000000000000fc]
j  java.util.concurrent.ThreadPoolExecutor.runWorker(Ljava/util/concurrent/ThreadPoolExecutor$Worker;)V+92 java.base@11.0.8
j  java.util.concurrent.ThreadPoolExecutor$Worker.run()V+5 java.base@11.0.8
j  java.lang.Thread.run()V+11 java.base@11.0.8
v  ~StubRoutines::call_stub

siginfo: EXCEPTION_ACCESS_VIOLATION (0xc0000005), reading address 0xffffffffffffffff


Register to memory mapping:

RIP=0x00007ffc6c6f557a ntdll.dll
RAX=0x0000000000000001 is an unknown value
RBX=0xa0e0cea3cf196b64 is an unknown value
RCX=0xa81032ee7c954e50 is an unknown value
RDX=0xbc2c4cc2f6787bb8 is an unknown value
RSP=0x000000bbe8dfdfa8 is pointing into the stack for thread: 0x00000219e6303000
RBP=0x0000000000000020 is an unknown value
RSI=0xa81032ee7c954e58 is an unknown value
RDI=0x00000219ef1edff0 points into unknown readable memory: 64 6b 19 cf a3 ce e0 a0
R8 =0x000000000000002f is an unknown value
R9 =64 is a compressed pointer to class: 0x0000000800000040
R10=0xa81032ee7c954e58 is an unknown value
R11=0xffffffffffffffff is an unknown value
R12=64 is a compressed pointer to class: 0x0000000800000040
R13=0x00000219bf691140 points into unknown readable memory: c0 0c 69 bf 19 02 00 00
R14=0x000000bbe3e84000 points into unknown readable memory: 00 00 00 00 00 00 00 00
R15=0x00000219ef1edfd0 points into unknown readable memory: 1b 58 ef ef d3 f5 86 b0


Registers:
RAX=0x0000000000000001, RBX=0xa0e0cea3cf196b64, RCX=0xa81032ee7c954e50, RDX=0xbc2c4cc2f6787bb8
RSP=0x000000bbe8dfdfa8, RBP=0x0000000000000020, RSI=0xa81032ee7c954e58, RDI=0x00000219ef1edff0
R8 =0x000000000000002f, R9 =0x0000000000000040, R10=0xa81032ee7c954e58, R11=0xffffffffffffffff
R12=0x0000000000000040, R13=0x00000219bf691140, R14=0x000000bbe3e84000, R15=0x00000219ef1edfd0
RIP=0x00007ffc6c6f557a, EFLAGS=0x0000000000010203

Top of Stack: (sp=0x000000bbe8dfdfa8)
0x000000bbe8dfdfa8:   00007ffc6c66786b 00000000007500dc
0x000000bbe8dfdfb8:   00000000000000e7 00000219edf4e790
0x000000bbe8dfdfc8:   00000219bf820150 0000021900000000
0x000000bbe8dfdfd8:   000000000000000d 000000bb00000000
0x000000bbe8dfdfe8:   00000219bf691140 00000219bf820320
0x000000bbe8dfdff8:   00000219bf690000 00000219bf6902a8
0x000000bbe8dfe008:   000000006e975dd7 0000000000000020
0x000000bbe8dfe018:   00000219bf690cc0 00000219e6303340
0x000000bbe8dfe028:   0000000000000000 0000000000000000
0x000000bbe8dfe038:   0000000000000020 0000000000000010
0x000000bbe8dfe048:   0000000000000002 0000000000000000
0x000000bbe8dfe058:   000000bbe8dfe129 00000219bf820000
0x000000bbe8dfe068:   00007ffc6c666e2c 00000219bf690000
0x000000bbe8dfe078:   000000bb00000000 0000000000000010
0x000000bbe8dfe088:   0000000000000000 000000bbe8dfe340
0x000000bbe8dfe098:   00007ffc13000013 0000021900000002 

Instructions: (pc=0x00007ffc6c6f557a)
0x00007ffc6c6f555a:   c4 20 5d c3 cc cc 48 8d 43 ff 48 c1 e8 06 48 8d
0x00007ffc6c6f556a:   14 c1 49 8b c2 48 c1 e8 06 4c 8d 14 c1 49 8b f2
0x00007ffc6c6f557a:   4d 39 1a 75 13 49 8b c2 49 83 c2 08 48 3b c2 4c
0x00007ffc6c6f558a:   0f 44 d1 4c 3b d6 75 e8 4c 3b d2 0f 85 d9 e5 f5 


Stack slot to memory mapping:
stack at sp + 0 slots: 0x00007ffc6c66786b ntdll.dll
stack at sp + 1 slots: 0x00000000007500dc is an unknown value
stack at sp + 2 slots: 0x00000000000000e7 is an unknown value
stack at sp + 3 slots: 0x00000219edf4e790 points into unknown readable memory: 40 11 69 bf 19 02 00 00
stack at sp + 4 slots: 0x00000219bf820150 points into unknown readable memory: 00 f5 ec ed 19 02 00 00
stack at sp + 5 slots: 0x0000021900000000 is an unknown value
stack at sp + 6 slots: 0x000000000000000d is an unknown value
stack at sp + 7 slots: 0x000000bb00000000 is an unknown value


---------------  P R O C E S S  ---------------

Threads class SMR info:
_java_thread_list=0x00000219e624aff0, length=37, elements={
0x00000219bf71e000, 0x00000219e5399800, 0x00000219e53a2800, 0x00000219e53be800,
0x00000219e5ca5800, 0x00000219e5ca7800, 0x00000219e5cab000, 0x00000219e5caf000,
0x00000219e5e47800, 0x00000219e5e49800, 0x00000219e6228000, 0x00000219e60fe800,
0x00000219e6e67000, 0x00000219e6e94000, 0x00000219e6e0c800, 0x00000219e70f0800,
0x00000219e65d3800, 0x00000219e62fd800, 0x00000219e66f0000, 0x00000219e66f2800,
0x00000219e66f3800, 0x00000219e66f1000, 0x00000219e66f4000, 0x00000219e66f5000,
0x00000219e66ef800, 0x00000219e66f1800, 0x00000219e66f6000, 0x00000219e6303800,
0x00000219e6308800, 0x00000219e6307000, 0x00000219e6307800, 0x00000219e6305800,
0x00000219e6303000, 0x00000219e630a000, 0x00000219e6309800, 0x00000219e6304800,
0x00000219e630c000
}

Java Threads: ( => current thread )
  0x00000219bf71e000 JavaThread "main" [_thread_in_Java, id=18028, stack(0x000000bbe4300000,0x000000bbe4400000)]
  0x00000219e5399800 JavaThread "Reference Handler" daemon [_thread_blocked, id=13436, stack(0x000000bbe4a00000,0x000000bbe4b00000)]
  0x00000219e53a2800 JavaThread "Finalizer" daemon [_thread_blocked, id=16360, stack(0x000000bbe4b00000,0x000000bbe4c00000)]
  0x00000219e53be800 JavaThread "Signal Dispatcher" daemon [_thread_blocked, id=10844, stack(0x000000bbe4c00000,0x000000bbe4d00000)]
  0x00000219e5ca5800 JavaThread "Attach Listener" daemon [_thread_blocked, id=18632, stack(0x000000bbe4d00000,0x000000bbe4e00000)]
  0x00000219e5ca7800 JavaThread "C2 CompilerThread0" daemon [_thread_blocked, id=17948, stack(0x000000bbe4e00000,0x000000bbe4f00000)]
  0x00000219e5cab000 JavaThread "C1 CompilerThread0" daemon [_thread_blocked, id=8136, stack(0x000000bbe4f00000,0x000000bbe5000000)]
  0x00000219e5caf000 JavaThread "Sweeper thread" daemon [_thread_blocked, id=12036, stack(0x000000bbe5000000,0x000000bbe5100000)]
  0x00000219e5e47800 JavaThread "Service Thread" daemon [_thread_blocked, id=19956, stack(0x000000bbe5100000,0x000000bbe5200000)]
  0x00000219e5e49800 JavaThread "Common-Cleaner" daemon [_thread_blocked, id=10404, stack(0x000000bbe5300000,0x000000bbe5400000)]
  0x00000219e6228000 JavaThread "atomic-processor-1" daemon [_thread_in_native, id=11564, stack(0x000000bbe5600000,0x000000bbe5700000)]
  0x00000219e60fe800 JavaThread "webcam-discovery-service" daemon [_thread_blocked, id=11120, stack(0x000000bbe5500000,0x000000bbe5600000)]
  0x00000219e6e67000 JavaThread "webcam-lock-[HD Webcam 0]" daemon [_thread_blocked, id=16372, stack(0x000000bbe5700000,0x000000bbe5800000)]
  0x00000219e6e94000 JavaThread "frames-refresher-[0]" daemon [_thread_blocked, id=10780, stack(0x000000bbe6000000,0x000000bbe6100000)]
  0x00000219e6e0c800 JavaThread "Java Sound Event Dispatcher" daemon [_thread_blocked, id=17924, stack(0x000000bbe6200000,0x000000bbe6300000)]
  0x00000219e70f0800 JavaThread "Thread-2" [_thread_in_native, id=18664, stack(0x000000bbe7a00000,0x000000bbe7b00000)]
  0x00000219e65d3800 JavaThread "Java2D Disposer" daemon [_thread_blocked, id=14548, stack(0x000000bbe6600000,0x000000bbe6700000)]
  0x00000219e62fd800 JavaThread "Thread-4" daemon [_thread_blocked, id=2064, stack(0x000000bbe7c00000,0x000000bbe7d00000)]
  0x00000219e66f0000 JavaThread "Thread-6" daemon [_thread_blocked, id=15120, stack(0x000000bbe7d00000,0x000000bbe7e00000)]
  0x00000219e66f2800 JavaThread "pool-6-thread-1" [_thread_blocked, id=3780, stack(0x000000bbe7b00000,0x000000bbe7c00000)]
  0x00000219e66f3800 JavaThread "pool-6-thread-2" [_thread_blocked, id=16616, stack(0x000000bbe7e00000,0x000000bbe7f00000)]
  0x00000219e66f1000 JavaThread "Timer-0" daemon [_thread_in_native, id=6972, stack(0x000000bbe7f00000,0x000000bbe8000000)]
  0x00000219e66f4000 JavaThread "pool-5-thread-1" [_thread_in_native, id=6264, stack(0x000000bbe8000000,0x000000bbe8100000)]
  0x00000219e66f5000 JavaThread "pool-6-thread-3" [_thread_blocked, id=16012, stack(0x000000bbe8100000,0x000000bbe8200000)]
  0x00000219e66ef800 JavaThread "pool-4-thread-1" [_thread_blocked, id=10812, stack(0x000000bbe8300000,0x000000bbe8400000)]
  0x00000219e66f1800 JavaThread "pool-6-thread-4" [_thread_blocked, id=17208, stack(0x000000bbe8400000,0x000000bbe8500000)]
  0x00000219e66f6000 JavaThread "pool-6-thread-5" [_thread_blocked, id=8080, stack(0x000000bbe8600000,0x000000bbe8700000)]
  0x00000219e6303800 JavaThread "Thread-9" daemon [_thread_in_vm, id=7000, stack(0x000000bbe4100000,0x000000bbe4200000)]
  0x00000219e6308800 JavaThread "Thread-11" daemon [_thread_in_native, id=14476, stack(0x000000bbe4200000,0x000000bbe4300000)]
  0x00000219e6307000 JavaThread "pool-12-thread-1" [_thread_blocked, id=3936, stack(0x000000bbe4000000,0x000000bbe4100000)]
  0x00000219e6307800 JavaThread "pool-12-thread-2" [_thread_blocked, id=9892, stack(0x000000bbe8b00000,0x000000bbe8c00000)]
  0x00000219e6305800 JavaThread "Timer-1" daemon [_thread_blocked, id=10372, stack(0x000000bbe8c00000,0x000000bbe8d00000)]
=>0x00000219e6303000 JavaThread "pool-11-thread-1" [_thread_in_native, id=14572, stack(0x000000bbe8d00000,0x000000bbe8e00000)]
  0x00000219e630a000 JavaThread "pool-12-thread-3" [_thread_blocked, id=4660, stack(0x000000bbe8e00000,0x000000bbe8f00000)]
  0x00000219e6309800 JavaThread "pool-10-thread-1" [_thread_in_native, id=8084, stack(0x000000bbe8f00000,0x000000bbe9000000)]
  0x00000219e6304800 JavaThread "pool-12-thread-4" [_thread_blocked, id=2024, stack(0x000000bbe9000000,0x000000bbe9100000)]
  0x00000219e630c000 JavaThread "pool-12-thread-5" [_thread_blocked, id=18212, stack(0x000000bbe9100000,0x000000bbe9200000)]

Other Threads:
  0x00000219e5398000 VMThread "VM Thread" [stack: 0x000000bbe4900000,0x000000bbe4a00000] [id=6412]
  0x00000219e5e4e000 WatcherThread [stack: 0x000000bbe5200000,0x000000bbe5300000] [id=15852]
  0x00000219bf735000 GCTaskThread "GC Thread#0" [stack: 0x000000bbe4400000,0x000000bbe4500000] [id=14804]
  0x00000219e6e56800 GCTaskThread "GC Thread#1" [stack: 0x000000bbe6700000,0x000000bbe6800000] [id=16140]
  0x00000219e5e37800 GCTaskThread "GC Thread#2" [stack: 0x000000bbe6800000,0x000000bbe6900000] [id=9348]
  0x00000219e5e38000 GCTaskThread "GC Thread#3" [stack: 0x000000bbe6900000,0x000000bbe6a00000] [id=9344]
  0x00000219e7029800 GCTaskThread "GC Thread#4" [stack: 0x000000bbe6a00000,0x000000bbe6b00000] [id=12772]
  0x00000219e702a000 GCTaskThread "GC Thread#5" [stack: 0x000000bbe6b00000,0x000000bbe6c00000] [id=15816]
  0x00000219e78b0000 GCTaskThread "GC Thread#6" [stack: 0x000000bbe8200000,0x000000bbe8300000] [id=1440]
  0x00000219e78b1000 GCTaskThread "GC Thread#7" [stack: 0x000000bbe8500000,0x000000bbe8600000] [id=4236]
  0x00000219e78b1800 GCTaskThread "GC Thread#8" [stack: 0x000000bbe8700000,0x000000bbe8800000] [id=1240]
  0x00000219e78b2000 GCTaskThread "GC Thread#9" [stack: 0x000000bbe8800000,0x000000bbe8900000] [id=17112]
  0x00000219bf791800 ConcurrentGCThread "G1 Main Marker" [stack: 0x000000bbe4500000,0x000000bbe4600000] [id=16300]
  0x00000219bf793000 ConcurrentGCThread "G1 Conc#0" [stack: 0x000000bbe4600000,0x000000bbe4700000] [id=6908]
  0x00000219e70d6000 ConcurrentGCThread "G1 Conc#1" [stack: 0x000000bbe8900000,0x000000bbe8a00000] [id=20288]
  0x00000219e65f8800 ConcurrentGCThread "G1 Conc#2" [stack: 0x000000bbe8a00000,0x000000bbe8b00000] [id=17740]
  0x00000219e5278800 ConcurrentGCThread "G1 Refine#0" [stack: 0x000000bbe4700000,0x000000bbe4800000] [id=18728]
  0x00000219e5279800 ConcurrentGCThread "G1 Young RemSet Sampling" [stack: 0x000000bbe4800000,0x000000bbe4900000] [id=15416]

Threads with active compile tasks:

VM state:not at safepoint (normal execution)

VM Mutex/Monitor currently owned by a thread: None

Heap address: 0x0000000702c00000, size: 4052 MB, Compressed Oops mode: Zero based, Oop shift amount: 3
Narrow klass base: 0x0000000800000000, Narrow klass shift: 0
Compressed class space size: 1073741824 Address: 0x0000000800000000

Heap:
 garbage-first heap   total 260096K, used 91959K [0x0000000702c00000, 0x0000000800000000)
  region size 1024K, 27 young (27648K), 2 survivors (2048K)
 Metaspace       used 17648K, capacity 18087K, committed 18304K, reserved 1064960K
  class space    used 1705K, capacity 1875K, committed 1920K, reserved 1048576K
Heap Regions: E=young(eden), S=young(survivor), O=old, HS=humongous(starts), HC=humongous(continues), CS=collection set, F=free, A=archive, TAMS=top-at-mark-start (previous, next)
|   0|0x0000000702c00000, 0x0000000702d00000, 0x0000000702d00000|100%| O|  |TAMS 0x0000000702d00000, 0x0000000702c00000| Untracked 
|   1|0x0000000702d00000, 0x0000000702e00000, 0x0000000702e00000|100%| O|  |TAMS 0x0000000702e00000, 0x0000000702d00000| Untracked 
|   2|0x0000000702e00000, 0x0000000702f00000, 0x0000000702f00000|100%|HS|  |TAMS 0x0000000702e00000, 0x0000000702e00000| Complete 
|   3|0x0000000702f00000, 0x0000000703000000, 0x0000000703000000|100%|HS|  |TAMS 0x0000000702f00000, 0x0000000702f00000| Complete 
|   4|0x0000000703000000, 0x0000000703100000, 0x0000000703100000|100%|HS|  |TAMS 0x0000000703000000, 0x0000000703000000| Complete 
|   5|0x0000000703100000, 0x0000000703200000, 0x0000000703200000|100%|HC|  |TAMS 0x0000000703100000, 0x0000000703100000| Complete 
|   6|0x0000000703200000, 0x0000000703300000, 0x0000000703300000|100%|HS|  |TAMS 0x0000000703300000, 0x0000000703200000| Complete 
|   7|0x0000000703300000, 0x0000000703400000, 0x0000000703400000|100%|HS|  |TAMS 0x0000000703400000, 0x0000000703300000| Complete 
|   8|0x0000000703400000, 0x0000000703500000, 0x0000000703500000|100%|HC|  |TAMS 0x0000000703500000, 0x0000000703400000| Complete 
|   9|0x0000000703500000, 0x0000000703600000, 0x0000000703600000|100%|HS|  |TAMS 0x0000000703500000, 0x0000000703500000| Complete 
|  10|0x0000000703600000, 0x0000000703700000, 0x0000000703700000|100%|HS|  |TAMS 0x0000000703600000, 0x0000000703600000| Complete 
|  11|0x0000000703700000, 0x0000000703800000, 0x0000000703800000|100%|HS|  |TAMS 0x0000000703700000, 0x0000000703700000| Complete 
|  12|0x0000000703800000, 0x0000000703900000, 0x0000000703900000|100%|HS|  |TAMS 0x0000000703900000, 0x0000000703800000| Complete 
|  13|0x0000000703900000, 0x0000000703a00000, 0x0000000703a00000|100%|HS|  |TAMS 0x0000000703900000, 0x0000000703900000| Complete 
|  14|0x0000000703a00000, 0x0000000703b00000, 0x0000000703b00000|100%|HS|  |TAMS 0x0000000703a00000, 0x0000000703a00000| Complete 
|  15|0x0000000703b00000, 0x0000000703c00000, 0x0000000703c00000|100%|HS|  |TAMS 0x0000000703b00000, 0x0000000703b00000| Complete 
|  16|0x0000000703c00000, 0x0000000703d00000, 0x0000000703d00000|100%|HS|  |TAMS 0x0000000703d00000, 0x0000000703c00000| Complete 
|  17|0x0000000703d00000, 0x0000000703e00000, 0x0000000703e00000|100%|HS|  |TAMS 0x0000000703d00000, 0x0000000703d00000| Complete 
|  18|0x0000000703e00000, 0x0000000703f00000, 0x0000000703f00000|100%|HS|  |TAMS 0x0000000703e00000, 0x0000000703e00000| Complete 
|  19|0x0000000703f00000, 0x0000000704000000, 0x0000000704000000|100%|HS|  |TAMS 0x0000000703f00000, 0x0000000703f00000| Complete 
|  20|0x0000000704000000, 0x0000000704100000, 0x0000000704100000|100%|HS|  |TAMS 0x0000000704100000, 0x0000000704000000| Complete 
|  21|0x0000000704100000, 0x0000000704200000, 0x0000000704200000|100%|HS|  |TAMS 0x0000000704100000, 0x0000000704100000| Complete 
|  22|0x0000000704200000, 0x0000000704300000, 0x0000000704300000|100%|HS|  |TAMS 0x0000000704200000, 0x0000000704200000| Complete 
|  23|0x0000000704300000, 0x0000000704400000, 0x0000000704400000|100%|HS|  |TAMS 0x0000000704300000, 0x0000000704300000| Complete 
|  24|0x0000000704400000, 0x0000000704500000, 0x0000000704500000|100%|HS|  |TAMS 0x0000000704500000, 0x0000000704400000| Complete 
|  25|0x0000000704500000, 0x0000000704600000, 0x0000000704600000|100%|HS|  |TAMS 0x0000000704500000, 0x0000000704500000| Complete 
|  26|0x0000000704600000, 0x0000000704700000, 0x0000000704700000|100%|HS|  |TAMS 0x0000000704600000, 0x0000000704600000| Complete 
|  27|0x0000000704700000, 0x0000000704800000, 0x0000000704800000|100%|HS|  |TAMS 0x0000000704700000, 0x0000000704700000| Complete 
|  28|0x0000000704800000, 0x0000000704900000, 0x0000000704900000|100%|HS|  |TAMS 0x0000000704900000, 0x0000000704800000| Complete 
|  29|0x0000000704900000, 0x0000000704a00000, 0x0000000704a00000|100%|HS|  |TAMS 0x0000000704900000, 0x0000000704900000| Complete 
|  30|0x0000000704a00000, 0x0000000704b00000, 0x0000000704b00000|100%|HS|  |TAMS 0x0000000704a00000, 0x0000000704a00000| Complete 
|  31|0x0000000704b00000, 0x0000000704c00000, 0x0000000704c00000|100%|HS|  |TAMS 0x0000000704b00000, 0x0000000704b00000| Complete 
|  32|0x0000000704c00000, 0x0000000704d00000, 0x0000000704d00000|100%|HS|  |TAMS 0x0000000704d00000, 0x0000000704c00000| Complete 
|  33|0x0000000704d00000, 0x0000000704e00000, 0x0000000704e00000|100%|HS|  |TAMS 0x0000000704d00000, 0x0000000704d00000| Complete 
|  34|0x0000000704e00000, 0x0000000704f00000, 0x0000000704f00000|100%|HS|  |TAMS 0x0000000704e00000, 0x0000000704e00000| Complete 
|  35|0x0000000704f00000, 0x0000000705000000, 0x0000000705000000|100%|HS|  |TAMS 0x0000000704f00000, 0x0000000704f00000| Complete 
|  36|0x0000000705000000, 0x0000000705100000, 0x0000000705100000|100%|HS|  |TAMS 0x0000000705100000, 0x0000000705000000| Complete 
|  37|0x0000000705100000, 0x0000000705200000, 0x0000000705200000|100%|HS|  |TAMS 0x0000000705100000, 0x0000000705100000| Complete 
|  38|0x0000000705200000, 0x0000000705300000, 0x0000000705300000|100%|HS|  |TAMS 0x0000000705200000, 0x0000000705200000| Complete 
|  39|0x0000000705300000, 0x0000000705400000, 0x0000000705400000|100%|HS|  |TAMS 0x0000000705300000, 0x0000000705300000| Complete 
|  40|0x0000000705400000, 0x0000000705500000, 0x0000000705500000|100%|HS|  |TAMS 0x0000000705500000, 0x0000000705400000| Complete 
|  41|0x0000000705500000, 0x0000000705600000, 0x0000000705600000|100%|HS|  |TAMS 0x0000000705500000, 0x0000000705500000| Complete 
|  42|0x0000000705600000, 0x0000000705700000, 0x0000000705700000|100%|HS|  |TAMS 0x0000000705600000, 0x0000000705600000| Complete 
|  43|0x0000000705700000, 0x0000000705800000, 0x0000000705800000|100%|HS|  |TAMS 0x0000000705700000, 0x0000000705700000| Complete 
|  44|0x0000000705800000, 0x0000000705900000, 0x0000000705900000|100%|HS|  |TAMS 0x0000000705900000, 0x0000000705800000| Complete 
|  45|0x0000000705900000, 0x0000000705a00000, 0x0000000705a00000|100%|HS|  |TAMS 0x0000000705900000, 0x0000000705900000| Complete 
|  46|0x0000000705a00000, 0x0000000705a00000, 0x0000000705b00000|  0%| F|  |TAMS 0x0000000705a00000, 0x0000000705a00000| Untracked 
|  47|0x0000000705b00000, 0x0000000705b00000, 0x0000000705c00000|  0%| F|  |TAMS 0x0000000705b00000, 0x0000000705b00000| Untracked 
|  48|0x0000000705c00000, 0x0000000705d00000, 0x0000000705d00000|100%|HS|  |TAMS 0x0000000705d00000, 0x0000000705c00000| Complete 
|  49|0x0000000705d00000, 0x0000000705d00000, 0x0000000705e00000|  0%| F|  |TAMS 0x0000000705d00000, 0x0000000705d00000| Untracked 
|  50|0x0000000705e00000, 0x0000000705e00000, 0x0000000705f00000|  0%| F|  |TAMS 0x0000000705e00000, 0x0000000705e00000| Untracked 
|  51|0x0000000705f00000, 0x0000000705f00000, 0x0000000706000000|  0%| F|  |TAMS 0x0000000705f00000, 0x0000000705f00000| Untracked 
|  52|0x0000000706000000, 0x0000000706100000, 0x0000000706100000|100%|HS|  |TAMS 0x0000000706100000, 0x0000000706000000| Complete 
|  53|0x0000000706100000, 0x0000000706100000, 0x0000000706200000|  0%| F|  |TAMS 0x0000000706100000, 0x0000000706100000| Untracked 
|  54|0x0000000706200000, 0x0000000706200000, 0x0000000706300000|  0%| F|  |TAMS 0x0000000706200000, 0x0000000706200000| Untracked 
|  55|0x0000000706300000, 0x0000000706300000, 0x0000000706400000|  0%| F|  |TAMS 0x0000000706300000, 0x0000000706300000| Untracked 
|  56|0x0000000706400000, 0x0000000706500000, 0x0000000706500000|100%|HS|  |TAMS 0x0000000706500000, 0x0000000706400000| Complete 
|  57|0x0000000706500000, 0x0000000706500000, 0x0000000706600000|  0%| F|  |TAMS 0x0000000706500000, 0x0000000706500000| Untracked 
|  58|0x0000000706600000, 0x0000000706600000, 0x0000000706700000|  0%| F|  |TAMS 0x0000000706600000, 0x0000000706600000| Untracked 
|  59|0x0000000706700000, 0x0000000706700000, 0x0000000706800000|  0%| F|  |TAMS 0x0000000706700000, 0x0000000706700000| Untracked 
|  60|0x0000000706800000, 0x0000000706900000, 0x0000000706900000|100%|HS|  |TAMS 0x0000000706900000, 0x0000000706800000| Complete 
|  61|0x0000000706900000, 0x0000000706900000, 0x0000000706a00000|  0%| F|  |TAMS 0x0000000706900000, 0x0000000706900000| Untracked 
|  62|0x0000000706a00000, 0x0000000706a00000, 0x0000000706b00000|  0%| F|  |TAMS 0x0000000706a00000, 0x0000000706a00000| Untracked 
|  63|0x0000000706b00000, 0x0000000706b00000, 0x0000000706c00000|  0%| F|  |TAMS 0x0000000706b00000, 0x0000000706b00000| Untracked 
|  64|0x0000000706c00000, 0x0000000706d00000, 0x0000000706d00000|100%|HS|  |TAMS 0x0000000706d00000, 0x0000000706c00000| Complete 
|  65|0x0000000706d00000, 0x0000000706d00000, 0x0000000706e00000|  0%| F|  |TAMS 0x0000000706d00000, 0x0000000706d00000| Untracked 
|  66|0x0000000706e00000, 0x0000000706e00000, 0x0000000706f00000|  0%| F|  |TAMS 0x0000000706e00000, 0x0000000706e00000| Untracked 
|  67|0x0000000706f00000, 0x0000000706f00000, 0x0000000707000000|  0%| F|  |TAMS 0x0000000706f00000, 0x0000000706f00000| Untracked 
|  68|0x0000000707000000, 0x0000000707100000, 0x0000000707100000|100%|HS|  |TAMS 0x0000000707100000, 0x0000000707000000| Complete 
|  69|0x0000000707100000, 0x0000000707100000, 0x0000000707200000|  0%| F|  |TAMS 0x0000000707100000, 0x0000000707100000| Untracked 
|  70|0x0000000707200000, 0x0000000707200000, 0x0000000707300000|  0%| F|  |TAMS 0x0000000707200000, 0x0000000707200000| Untracked 
|  71|0x0000000707300000, 0x0000000707300000, 0x0000000707400000|  0%| F|  |TAMS 0x0000000707300000, 0x0000000707300000| Untracked 
|  72|0x0000000707400000, 0x0000000707500000, 0x0000000707500000|100%|HS|  |TAMS 0x0000000707500000, 0x0000000707400000| Complete 
|  73|0x0000000707500000, 0x0000000707500000, 0x0000000707600000|  0%| F|  |TAMS 0x0000000707500000, 0x0000000707500000| Untracked 
|  74|0x0000000707600000, 0x0000000707600000, 0x0000000707700000|  0%| F|  |TAMS 0x0000000707600000, 0x0000000707600000| Untracked 
|  75|0x0000000707700000, 0x0000000707700000, 0x0000000707800000|  0%| F|  |TAMS 0x0000000707700000, 0x0000000707700000| Untracked 
|  76|0x0000000707800000, 0x0000000707900000, 0x0000000707900000|100%|HS|  |TAMS 0x0000000707900000, 0x0000000707800000| Complete 
|  77|0x0000000707900000, 0x0000000707900000, 0x0000000707a00000|  0%| F|  |TAMS 0x0000000707900000, 0x0000000707900000| Untracked 
|  78|0x0000000707a00000, 0x0000000707a00000, 0x0000000707b00000|  0%| F|  |TAMS 0x0000000707a00000, 0x0000000707a00000| Untracked 
|  79|0x0000000707b00000, 0x0000000707b00000, 0x0000000707c00000|  0%| F|  |TAMS 0x0000000707b00000, 0x0000000707b00000| Untracked 
|  80|0x0000000707c00000, 0x0000000707d00000, 0x0000000707d00000|100%|HS|  |TAMS 0x0000000707d00000, 0x0000000707c00000| Complete 
|  81|0x0000000707d00000, 0x0000000707d00000, 0x0000000707e00000|  0%| F|  |TAMS 0x0000000707d00000, 0x0000000707d00000| Untracked 
|  82|0x0000000707e00000, 0x0000000707e00000, 0x0000000707f00000|  0%| F|  |TAMS 0x0000000707e00000, 0x0000000707e00000| Untracked 
|  83|0x0000000707f00000, 0x0000000707f00000, 0x0000000708000000|  0%| F|  |TAMS 0x0000000707f00000, 0x0000000707f00000| Untracked 
|  84|0x0000000708000000, 0x0000000708100000, 0x0000000708100000|100%|HS|  |TAMS 0x0000000708100000, 0x0000000708000000| Complete 
|  85|0x0000000708100000, 0x0000000708100000, 0x0000000708200000|  0%| F|  |TAMS 0x0000000708100000, 0x0000000708100000| Untracked 
|  86|0x0000000708200000, 0x0000000708200000, 0x0000000708300000|  0%| F|  |TAMS 0x0000000708200000, 0x0000000708200000| Untracked 
|  87|0x0000000708300000, 0x0000000708300000, 0x0000000708400000|  0%| F|  |TAMS 0x0000000708300000, 0x0000000708300000| Untracked 
|  88|0x0000000708400000, 0x0000000708500000, 0x0000000708500000|100%|HS|  |TAMS 0x0000000708500000, 0x0000000708400000| Complete 
|  89|0x0000000708500000, 0x0000000708500000, 0x0000000708600000|  0%| F|  |TAMS 0x0000000708500000, 0x0000000708500000| Untracked 
|  90|0x0000000708600000, 0x0000000708600000, 0x0000000708700000|  0%| F|  |TAMS 0x0000000708600000, 0x0000000708600000| Untracked 
|  91|0x0000000708700000, 0x0000000708700000, 0x0000000708800000|  0%| F|  |TAMS 0x0000000708700000, 0x0000000708700000| Untracked 
|  92|0x0000000708800000, 0x0000000708900000, 0x0000000708900000|100%|HS|  |TAMS 0x0000000708900000, 0x0000000708800000| Complete 
|  93|0x0000000708900000, 0x0000000708900000, 0x0000000708a00000|  0%| F|  |TAMS 0x0000000708900000, 0x0000000708900000| Untracked 
|  94|0x0000000708a00000, 0x0000000708a00000, 0x0000000708b00000|  0%| F|  |TAMS 0x0000000708a00000, 0x0000000708a00000| Untracked 
|  95|0x0000000708b00000, 0x0000000708b00000, 0x0000000708c00000|  0%| F|  |TAMS 0x0000000708b00000, 0x0000000708b00000| Untracked 
|  96|0x0000000708c00000, 0x0000000708d00000, 0x0000000708d00000|100%|HS|  |TAMS 0x0000000708d00000, 0x0000000708c00000| Complete 
|  97|0x0000000708d00000, 0x0000000708d00000, 0x0000000708e00000|  0%| F|  |TAMS 0x0000000708d00000, 0x0000000708d00000| Untracked 
|  98|0x0000000708e00000, 0x0000000708e00000, 0x0000000708f00000|  0%| F|  |TAMS 0x0000000708e00000, 0x0000000708e00000| Untracked 
|  99|0x0000000708f00000, 0x0000000708f00000, 0x0000000709000000|  0%| F|  |TAMS 0x0000000708f00000, 0x0000000708f00000| Untracked 
| 100|0x0000000709000000, 0x0000000709100000, 0x0000000709100000|100%|HS|  |TAMS 0x0000000709100000, 0x0000000709000000| Complete 
| 101|0x0000000709100000, 0x0000000709100000, 0x0000000709200000|  0%| F|  |TAMS 0x0000000709100000, 0x0000000709100000| Untracked 
| 102|0x0000000709200000, 0x0000000709200000, 0x0000000709300000|  0%| F|  |TAMS 0x0000000709200000, 0x0000000709200000| Untracked 
| 103|0x0000000709300000, 0x0000000709300000, 0x0000000709400000|  0%| F|  |TAMS 0x0000000709300000, 0x0000000709300000| Untracked 
| 104|0x0000000709400000, 0x0000000709500000, 0x0000000709500000|100%|HS|  |TAMS 0x0000000709500000, 0x0000000709400000| Complete 
| 105|0x0000000709500000, 0x0000000709500000, 0x0000000709600000|  0%| F|  |TAMS 0x0000000709500000, 0x0000000709500000| Untracked 
| 106|0x0000000709600000, 0x0000000709600000, 0x0000000709700000|  0%| F|  |TAMS 0x0000000709600000, 0x0000000709600000| Untracked 
| 107|0x0000000709700000, 0x0000000709700000, 0x0000000709800000|  0%| F|  |TAMS 0x0000000709700000, 0x0000000709700000| Untracked 
| 108|0x0000000709800000, 0x0000000709900000, 0x0000000709900000|100%|HS|  |TAMS 0x0000000709900000, 0x0000000709800000| Complete 
| 109|0x0000000709900000, 0x0000000709900000, 0x0000000709a00000|  0%| F|  |TAMS 0x0000000709900000, 0x0000000709900000| Untracked 
| 110|0x0000000709a00000, 0x0000000709ab5600, 0x0000000709b00000| 70%| O|  |TAMS 0x0000000709ab5600, 0x0000000709a00000| Untracked 
| 111|0x0000000709b00000, 0x0000000709b00000, 0x0000000709c00000|  0%| F|  |TAMS 0x0000000709b00000, 0x0000000709b00000| Untracked 
| 112|0x0000000709c00000, 0x0000000709c00000, 0x0000000709d00000|  0%| F|  |TAMS 0x0000000709c00000, 0x0000000709c00000| Untracked 
| 113|0x0000000709d00000, 0x0000000709d00000, 0x0000000709e00000|  0%| F|  |TAMS 0x0000000709d00000, 0x0000000709d00000| Untracked 
| 114|0x0000000709e00000, 0x0000000709f00000, 0x0000000709f00000|100%| O|  |TAMS 0x0000000709f00000, 0x0000000709e00000| Untracked 
| 115|0x0000000709f00000, 0x000000070a000000, 0x000000070a000000|100%| O|  |TAMS 0x000000070a000000, 0x0000000709f00000| Untracked 
| 116|0x000000070a000000, 0x000000070a100000, 0x000000070a100000|100%| O|  |TAMS 0x000000070a100000, 0x000000070a000000| Untracked 
| 117|0x000000070a100000, 0x000000070a100000, 0x000000070a200000|  0%| F|  |TAMS 0x000000070a100000, 0x000000070a100000| Untracked 
| 118|0x000000070a200000, 0x000000070a200000, 0x000000070a300000|  0%| F|  |TAMS 0x000000070a200000, 0x000000070a200000| Untracked 
| 119|0x000000070a300000, 0x000000070a300000, 0x000000070a400000|  0%| F|  |TAMS 0x000000070a300000, 0x000000070a300000| Untracked 
| 120|0x000000070a400000, 0x000000070a400000, 0x000000070a500000|  0%| F|  |TAMS 0x000000070a400000, 0x000000070a400000| Untracked 
| 121|0x000000070a500000, 0x000000070a500000, 0x000000070a600000|  0%| F|  |TAMS 0x000000070a500000, 0x000000070a500000| Untracked 
| 122|0x000000070a600000, 0x000000070a600000, 0x000000070a700000|  0%| F|  |TAMS 0x000000070a600000, 0x000000070a600000| Untracked 
| 123|0x000000070a700000, 0x000000070a700000, 0x000000070a800000|  0%| F|  |TAMS 0x000000070a700000, 0x000000070a700000| Untracked 
| 124|0x000000070a800000, 0x000000070a800000, 0x000000070a900000|  0%| F|  |TAMS 0x000000070a800000, 0x000000070a800000| Untracked 
| 125|0x000000070a900000, 0x000000070a900000, 0x000000070aa00000|  0%| F|  |TAMS 0x000000070a900000, 0x000000070a900000| Untracked 
| 126|0x000000070aa00000, 0x000000070aa00000, 0x000000070ab00000|  0%| F|  |TAMS 0x000000070aa00000, 0x000000070aa00000| Untracked 
| 127|0x000000070ab00000, 0x000000070ab00000, 0x000000070ac00000|  0%| F|  |TAMS 0x000000070ab00000, 0x000000070ab00000| Untracked 
| 128|0x000000070ac00000, 0x000000070ac00000, 0x000000070ad00000|  0%| F|  |TAMS 0x000000070ac00000, 0x000000070ac00000| Untracked 
| 129|0x000000070ad00000, 0x000000070ad00000, 0x000000070ae00000|  0%| F|  |TAMS 0x000000070ad00000, 0x000000070ad00000| Untracked 
| 130|0x000000070ae00000, 0x000000070ae00000, 0x000000070af00000|  0%| F|  |TAMS 0x000000070ae00000, 0x000000070ae00000| Untracked 
| 131|0x000000070af00000, 0x000000070af00000, 0x000000070b000000|  0%| F|  |TAMS 0x000000070af00000, 0x000000070af00000| Untracked 
| 132|0x000000070b000000, 0x000000070b000000, 0x000000070b100000|  0%| F|  |TAMS 0x000000070b000000, 0x000000070b000000| Untracked 
| 133|0x000000070b100000, 0x000000070b100000, 0x000000070b200000|  0%| F|  |TAMS 0x000000070b100000, 0x000000070b100000| Untracked 
| 134|0x000000070b200000, 0x000000070b200000, 0x000000070b300000|  0%| F|  |TAMS 0x000000070b200000, 0x000000070b200000| Untracked 
| 135|0x000000070b300000, 0x000000070b300000, 0x000000070b400000|  0%| F|  |TAMS 0x000000070b300000, 0x000000070b300000| Untracked 
| 136|0x000000070b400000, 0x000000070b400000, 0x000000070b500000|  0%| F|  |TAMS 0x000000070b400000, 0x000000070b400000| Untracked 
| 137|0x000000070b500000, 0x000000070b500000, 0x000000070b600000|  0%| F|  |TAMS 0x000000070b500000, 0x000000070b500000| Untracked 
| 138|0x000000070b600000, 0x000000070b600000, 0x000000070b700000|  0%| F|  |TAMS 0x000000070b600000, 0x000000070b600000| Untracked 
| 139|0x000000070b700000, 0x000000070b700000, 0x000000070b800000|  0%| F|  |TAMS 0x000000070b700000, 0x000000070b700000| Untracked 
| 140|0x000000070b800000, 0x000000070b800000, 0x000000070b900000|  0%| F|  |TAMS 0x000000070b800000, 0x000000070b800000| Untracked 
| 141|0x000000070b900000, 0x000000070b900000, 0x000000070ba00000|  0%| F|  |TAMS 0x000000070b900000, 0x000000070b900000| Untracked 
| 142|0x000000070ba00000, 0x000000070ba00000, 0x000000070bb00000|  0%| F|  |TAMS 0x000000070ba00000, 0x000000070ba00000| Untracked 
| 143|0x000000070bb00000, 0x000000070bb00000, 0x000000070bc00000|  0%| F|  |TAMS 0x000000070bb00000, 0x000000070bb00000| Untracked 
| 144|0x000000070bc00000, 0x000000070bc00000, 0x000000070bd00000|  0%| F|  |TAMS 0x000000070bc00000, 0x000000070bc00000| Untracked 
| 145|0x000000070bd00000, 0x000000070bd00000, 0x000000070be00000|  0%| F|  |TAMS 0x000000070bd00000, 0x000000070bd00000| Untracked 
| 146|0x000000070be00000, 0x000000070be00000, 0x000000070bf00000|  0%| F|  |TAMS 0x000000070be00000, 0x000000070be00000| Untracked 
| 147|0x000000070bf00000, 0x000000070bf00000, 0x000000070c000000|  0%| F|  |TAMS 0x000000070bf00000, 0x000000070bf00000| Untracked 
| 148|0x000000070c000000, 0x000000070c000000, 0x000000070c100000|  0%| F|  |TAMS 0x000000070c000000, 0x000000070c000000| Untracked 
| 149|0x000000070c100000, 0x000000070c100000, 0x000000070c200000|  0%| F|  |TAMS 0x000000070c100000, 0x000000070c100000| Untracked 
| 150|0x000000070c200000, 0x000000070c200000, 0x000000070c300000|  0%| F|  |TAMS 0x000000070c200000, 0x000000070c200000| Untracked 
| 151|0x000000070c300000, 0x000000070c300000, 0x000000070c400000|  0%| F|  |TAMS 0x000000070c300000, 0x000000070c300000| Untracked 
| 152|0x000000070c400000, 0x000000070c400000, 0x000000070c500000|  0%| F|  |TAMS 0x000000070c400000, 0x000000070c400000| Untracked 
| 153|0x000000070c500000, 0x000000070c500000, 0x000000070c600000|  0%| F|  |TAMS 0x000000070c500000, 0x000000070c500000| Untracked 
| 154|0x000000070c600000, 0x000000070c600000, 0x000000070c700000|  0%| F|  |TAMS 0x000000070c600000, 0x000000070c600000| Untracked 
| 155|0x000000070c700000, 0x000000070c700000, 0x000000070c800000|  0%| F|  |TAMS 0x000000070c700000, 0x000000070c700000| Untracked 
| 156|0x000000070c800000, 0x000000070c800000, 0x000000070c900000|  0%| F|  |TAMS 0x000000070c800000, 0x000000070c800000| Untracked 
| 157|0x000000070c900000, 0x000000070c900000, 0x000000070ca00000|  0%| F|  |TAMS 0x000000070c900000, 0x000000070c900000| Untracked 
| 158|0x000000070ca00000, 0x000000070ca00000, 0x000000070cb00000|  0%| F|  |TAMS 0x000000070ca00000, 0x000000070ca00000| Untracked 
| 159|0x000000070cb00000, 0x000000070cb00000, 0x000000070cc00000|  0%| F|  |TAMS 0x000000070cb00000, 0x000000070cb00000| Untracked 
| 160|0x000000070cc00000, 0x000000070cc00000, 0x000000070cd00000|  0%| F|  |TAMS 0x000000070cc00000, 0x000000070cc00000| Untracked 
| 161|0x000000070cd00000, 0x000000070cd00000, 0x000000070ce00000|  0%| F|  |TAMS 0x000000070cd00000, 0x000000070cd00000| Untracked 
| 162|0x000000070ce00000, 0x000000070ce00000, 0x000000070cf00000|  0%| F|  |TAMS 0x000000070ce00000, 0x000000070ce00000| Untracked 
| 163|0x000000070cf00000, 0x000000070cf00000, 0x000000070d000000|  0%| F|  |TAMS 0x000000070cf00000, 0x000000070cf00000| Untracked 
| 164|0x000000070d000000, 0x000000070d000000, 0x000000070d100000|  0%| F|  |TAMS 0x000000070d000000, 0x000000070d000000| Untracked 
| 165|0x000000070d100000, 0x000000070d100000, 0x000000070d200000|  0%| F|  |TAMS 0x000000070d100000, 0x000000070d100000| Untracked 
| 166|0x000000070d200000, 0x000000070d200000, 0x000000070d300000|  0%| F|  |TAMS 0x000000070d200000, 0x000000070d200000| Untracked 
| 167|0x000000070d300000, 0x000000070d300000, 0x000000070d400000|  0%| F|  |TAMS 0x000000070d300000, 0x000000070d300000| Untracked 
| 168|0x000000070d400000, 0x000000070d400000, 0x000000070d500000|  0%| F|  |TAMS 0x000000070d400000, 0x000000070d400000| Untracked 
| 169|0x000000070d500000, 0x000000070d500000, 0x000000070d600000|  0%| F|  |TAMS 0x000000070d500000, 0x000000070d500000| Untracked 
| 170|0x000000070d600000, 0x000000070d600000, 0x000000070d700000|  0%| F|  |TAMS 0x000000070d600000, 0x000000070d600000| Untracked 
| 171|0x000000070d700000, 0x000000070d700000, 0x000000070d800000|  0%| F|  |TAMS 0x000000070d700000, 0x000000070d700000| Untracked 
| 172|0x000000070d800000, 0x000000070d800000, 0x000000070d900000|  0%| F|  |TAMS 0x000000070d800000, 0x000000070d800000| Untracked 
| 173|0x000000070d900000, 0x000000070d900000, 0x000000070da00000|  0%| F|  |TAMS 0x000000070d900000, 0x000000070d900000| Untracked 
| 174|0x000000070da00000, 0x000000070da00000, 0x000000070db00000|  0%| F|  |TAMS 0x000000070da00000, 0x000000070da00000| Untracked 
| 175|0x000000070db00000, 0x000000070db00000, 0x000000070dc00000|  0%| F|  |TAMS 0x000000070db00000, 0x000000070db00000| Untracked 
| 176|0x000000070dc00000, 0x000000070dc00000, 0x000000070dd00000|  0%| F|  |TAMS 0x000000070dc00000, 0x000000070dc00000| Untracked 
| 177|0x000000070dd00000, 0x000000070dd00000, 0x000000070de00000|  0%| F|  |TAMS 0x000000070dd00000, 0x000000070dd00000| Untracked 
| 178|0x000000070de00000, 0x000000070de00000, 0x000000070df00000|  0%| F|  |TAMS 0x000000070de00000, 0x000000070de00000| Untracked 
| 179|0x000000070df00000, 0x000000070df18648, 0x000000070e000000|  9%| S|CS|TAMS 0x000000070df00000, 0x000000070df00000| Complete 
| 180|0x000000070e000000, 0x000000070e100000, 0x000000070e100000|100%| S|CS|TAMS 0x000000070e000000, 0x000000070e000000| Complete 
| 181|0x000000070e100000, 0x000000070e100000, 0x000000070e200000|  0%| F|  |TAMS 0x000000070e100000, 0x000000070e100000| Untracked 
| 182|0x000000070e200000, 0x000000070e200000, 0x000000070e300000|  0%| F|  |TAMS 0x000000070e200000, 0x000000070e200000| Untracked 
| 183|0x000000070e300000, 0x000000070e300000, 0x000000070e400000|  0%| F|  |TAMS 0x000000070e300000, 0x000000070e300000| Untracked 
| 184|0x000000070e400000, 0x000000070e400000, 0x000000070e500000|  0%| F|  |TAMS 0x000000070e400000, 0x000000070e400000| Untracked 
| 185|0x000000070e500000, 0x000000070e500000, 0x000000070e600000|  0%| F|  |TAMS 0x000000070e500000, 0x000000070e500000| Untracked 
| 186|0x000000070e600000, 0x000000070e600000, 0x000000070e700000|  0%| F|  |TAMS 0x000000070e600000, 0x000000070e600000| Untracked 
| 187|0x000000070e700000, 0x000000070e700000, 0x000000070e800000|  0%| F|  |TAMS 0x000000070e700000, 0x000000070e700000| Untracked 
| 188|0x000000070e800000, 0x000000070e800000, 0x000000070e900000|  0%| F|  |TAMS 0x000000070e800000, 0x000000070e800000| Untracked 
| 189|0x000000070e900000, 0x000000070e900000, 0x000000070ea00000|  0%| F|  |TAMS 0x000000070e900000, 0x000000070e900000| Untracked 
| 190|0x000000070ea00000, 0x000000070ea00000, 0x000000070eb00000|  0%| F|  |TAMS 0x000000070ea00000, 0x000000070ea00000| Untracked 
| 191|0x000000070eb00000, 0x000000070eb00000, 0x000000070ec00000|  0%| F|  |TAMS 0x000000070eb00000, 0x000000070eb00000| Untracked 
| 192|0x000000070ec00000, 0x000000070ec00000, 0x000000070ed00000|  0%| F|  |TAMS 0x000000070ec00000, 0x000000070ec00000| Untracked 
| 193|0x000000070ed00000, 0x000000070ed00000, 0x000000070ee00000|  0%| F|  |TAMS 0x000000070ed00000, 0x000000070ed00000| Untracked 
| 194|0x000000070ee00000, 0x000000070ee00000, 0x000000070ef00000|  0%| F|  |TAMS 0x000000070ee00000, 0x000000070ee00000| Untracked 
| 195|0x000000070ef00000, 0x000000070ef00000, 0x000000070f000000|  0%| F|  |TAMS 0x000000070ef00000, 0x000000070ef00000| Untracked 
| 196|0x000000070f000000, 0x000000070f000000, 0x000000070f100000|  0%| F|  |TAMS 0x000000070f000000, 0x000000070f000000| Untracked 
| 197|0x000000070f100000, 0x000000070f100000, 0x000000070f200000|  0%| F|  |TAMS 0x000000070f100000, 0x000000070f100000| Untracked 
| 198|0x000000070f200000, 0x000000070f200000, 0x000000070f300000|  0%| F|  |TAMS 0x000000070f200000, 0x000000070f200000| Untracked 
| 199|0x000000070f300000, 0x000000070f300000, 0x000000070f400000|  0%| F|  |TAMS 0x000000070f300000, 0x000000070f300000| Untracked 
| 200|0x000000070f400000, 0x000000070f400000, 0x000000070f500000|  0%| F|  |TAMS 0x000000070f400000, 0x000000070f400000| Untracked 
| 201|0x000000070f500000, 0x000000070f500000, 0x000000070f600000|  0%| F|  |TAMS 0x000000070f500000, 0x000000070f500000| Untracked 
| 202|0x000000070f600000, 0x000000070f600000, 0x000000070f700000|  0%| F|  |TAMS 0x000000070f600000, 0x000000070f600000| Untracked 
| 203|0x000000070f700000, 0x000000070f700000, 0x000000070f800000|  0%| F|  |TAMS 0x000000070f700000, 0x000000070f700000| Untracked 
| 204|0x000000070f800000, 0x000000070f800000, 0x000000070f900000|  0%| F|  |TAMS 0x000000070f800000, 0x000000070f800000| Untracked 
| 205|0x000000070f900000, 0x000000070f900000, 0x000000070fa00000|  0%| F|  |TAMS 0x000000070f900000, 0x000000070f900000| Untracked 
| 206|0x000000070fa00000, 0x000000070fa00000, 0x000000070fb00000|  0%| F|  |TAMS 0x000000070fa00000, 0x000000070fa00000| Untracked 
| 207|0x000000070fb00000, 0x000000070fb00000, 0x000000070fc00000|  0%| F|  |TAMS 0x000000070fb00000, 0x000000070fb00000| Untracked 
| 208|0x000000070fc00000, 0x000000070fc00000, 0x000000070fd00000|  0%| F|  |TAMS 0x000000070fc00000, 0x000000070fc00000| Untracked 
| 209|0x000000070fd00000, 0x000000070fd00000, 0x000000070fe00000|  0%| F|  |TAMS 0x000000070fd00000, 0x000000070fd00000| Untracked 
| 210|0x000000070fe00000, 0x000000070fe00000, 0x000000070ff00000|  0%| F|  |TAMS 0x000000070fe00000, 0x000000070fe00000| Untracked 
| 211|0x000000070ff00000, 0x000000070ff00000, 0x0000000710000000|  0%| F|  |TAMS 0x000000070ff00000, 0x000000070ff00000| Untracked 
| 212|0x0000000710000000, 0x0000000710000000, 0x0000000710100000|  0%| F|  |TAMS 0x0000000710000000, 0x0000000710000000| Untracked 
| 213|0x0000000710100000, 0x0000000710100000, 0x0000000710200000|  0%| F|  |TAMS 0x0000000710100000, 0x0000000710100000| Untracked 
| 214|0x0000000710200000, 0x0000000710200000, 0x0000000710300000|  0%| F|  |TAMS 0x0000000710200000, 0x0000000710200000| Untracked 
| 215|0x0000000710300000, 0x0000000710300000, 0x0000000710400000|  0%| F|  |TAMS 0x0000000710300000, 0x0000000710300000| Untracked 
| 216|0x0000000710400000, 0x0000000710400000, 0x0000000710500000|  0%| F|  |TAMS 0x0000000710400000, 0x0000000710400000| Untracked 
| 217|0x0000000710500000, 0x0000000710500000, 0x0000000710600000|  0%| F|  |TAMS 0x0000000710500000, 0x0000000710500000| Untracked 
| 218|0x0000000710600000, 0x0000000710600000, 0x0000000710700000|  0%| F|  |TAMS 0x0000000710600000, 0x0000000710600000| Untracked 
| 219|0x0000000710700000, 0x0000000710700000, 0x0000000710800000|  0%| F|  |TAMS 0x0000000710700000, 0x0000000710700000| Untracked 
| 220|0x0000000710800000, 0x0000000710800000, 0x0000000710900000|  0%| F|  |TAMS 0x0000000710800000, 0x0000000710800000| Untracked 
| 221|0x0000000710900000, 0x0000000710900000, 0x0000000710a00000|  0%| F|  |TAMS 0x0000000710900000, 0x0000000710900000| Untracked 
| 222|0x0000000710a00000, 0x0000000710a00000, 0x0000000710b00000|  0%| F|  |TAMS 0x0000000710a00000, 0x0000000710a00000| Untracked 
| 223|0x0000000710b00000, 0x0000000710b00000, 0x0000000710c00000|  0%| F|  |TAMS 0x0000000710b00000, 0x0000000710b00000| Untracked 
| 224|0x0000000710c00000, 0x0000000710c00000, 0x0000000710d00000|  0%| F|  |TAMS 0x0000000710c00000, 0x0000000710c00000| Untracked 
| 225|0x0000000710d00000, 0x0000000710d00000, 0x0000000710e00000|  0%| F|  |TAMS 0x0000000710d00000, 0x0000000710d00000| Untracked 
| 226|0x0000000710e00000, 0x0000000710e00000, 0x0000000710f00000|  0%| F|  |TAMS 0x0000000710e00000, 0x0000000710e00000| Untracked 
| 227|0x0000000710f00000, 0x0000000710f00000, 0x0000000711000000|  0%| F|  |TAMS 0x0000000710f00000, 0x0000000710f00000| Untracked 
| 228|0x0000000711000000, 0x0000000711000000, 0x0000000711100000|  0%| F|  |TAMS 0x0000000711000000, 0x0000000711000000| Untracked 
| 229|0x0000000711100000, 0x0000000711200000, 0x0000000711200000|100%| E|  |TAMS 0x0000000711100000, 0x0000000711100000| Complete 
| 230|0x0000000711200000, 0x0000000711300000, 0x0000000711300000|100%| E|CS|TAMS 0x0000000711200000, 0x0000000711200000| Complete 
| 231|0x0000000711300000, 0x0000000711400000, 0x0000000711400000|100%| E|  |TAMS 0x0000000711300000, 0x0000000711300000| Complete 
| 232|0x0000000711400000, 0x0000000711500000, 0x0000000711500000|100%| E|CS|TAMS 0x0000000711400000, 0x0000000711400000| Complete 
| 233|0x0000000711500000, 0x0000000711600000, 0x0000000711600000|100%| E|CS|TAMS 0x0000000711500000, 0x0000000711500000| Complete 
| 234|0x0000000711600000, 0x0000000711700000, 0x0000000711700000|100%| E|CS|TAMS 0x0000000711600000, 0x0000000711600000| Complete 
| 235|0x0000000711700000, 0x0000000711800000, 0x0000000711800000|100%| E|CS|TAMS 0x0000000711700000, 0x0000000711700000| Complete 
| 236|0x0000000711800000, 0x0000000711900000, 0x0000000711900000|100%| E|CS|TAMS 0x0000000711800000, 0x0000000711800000| Complete 
| 237|0x0000000711900000, 0x0000000711a00000, 0x0000000711a00000|100%| E|CS|TAMS 0x0000000711900000, 0x0000000711900000| Complete 
| 238|0x0000000711a00000, 0x0000000711b00000, 0x0000000711b00000|100%| E|CS|TAMS 0x0000000711a00000, 0x0000000711a00000| Complete 
| 239|0x0000000711b00000, 0x0000000711c00000, 0x0000000711c00000|100%| E|CS|TAMS 0x0000000711b00000, 0x0000000711b00000| Complete 
| 240|0x0000000711c00000, 0x0000000711d00000, 0x0000000711d00000|100%| E|CS|TAMS 0x0000000711c00000, 0x0000000711c00000| Complete 
| 241|0x0000000711d00000, 0x0000000711e00000, 0x0000000711e00000|100%| E|CS|TAMS 0x0000000711d00000, 0x0000000711d00000| Complete 
| 242|0x0000000711e00000, 0x0000000711f00000, 0x0000000711f00000|100%| E|CS|TAMS 0x0000000711e00000, 0x0000000711e00000| Complete 
| 243|0x0000000711f00000, 0x0000000712000000, 0x0000000712000000|100%| E|CS|TAMS 0x0000000711f00000, 0x0000000711f00000| Complete 
| 244|0x0000000712000000, 0x0000000712100000, 0x0000000712100000|100%| E|CS|TAMS 0x0000000712000000, 0x0000000712000000| Complete 
| 245|0x0000000712100000, 0x0000000712200000, 0x0000000712200000|100%| E|CS|TAMS 0x0000000712100000, 0x0000000712100000| Complete 
| 246|0x0000000712200000, 0x0000000712300000, 0x0000000712300000|100%| E|CS|TAMS 0x0000000712200000, 0x0000000712200000| Complete 
| 247|0x0000000712300000, 0x0000000712400000, 0x0000000712400000|100%| E|CS|TAMS 0x0000000712300000, 0x0000000712300000| Complete 
| 248|0x0000000712400000, 0x0000000712500000, 0x0000000712500000|100%| E|CS|TAMS 0x0000000712400000, 0x0000000712400000| Complete 
| 249|0x0000000712500000, 0x0000000712600000, 0x0000000712600000|100%| E|CS|TAMS 0x0000000712500000, 0x0000000712500000| Complete 
| 250|0x0000000712600000, 0x0000000712700000, 0x0000000712700000|100%| E|CS|TAMS 0x0000000712600000, 0x0000000712600000| Complete 
| 251|0x0000000712700000, 0x0000000712800000, 0x0000000712800000|100%| E|CS|TAMS 0x0000000712700000, 0x0000000712700000| Complete 
| 252|0x0000000712800000, 0x0000000712900000, 0x0000000712900000|100%| E|CS|TAMS 0x0000000712800000, 0x0000000712800000| Complete 
| 253|0x0000000712900000, 0x0000000712a00000, 0x0000000712a00000|100%| E|CS|TAMS 0x0000000712900000, 0x0000000712900000| Complete 

Card table byte_map: [0x00000219d9780000,0x00000219d9f70000] _byte_map_base: 0x00000219d5f6a000

Marking Bits (Prev, Next): (CMBitMap*) 0x00000219bf77ffb0, (CMBitMap*) 0x00000219bf77ff78
 Prev Bits: [0x00000219de6b0000, 0x00000219e2600000)
 Next Bits: [0x00000219da760000, 0x00000219de6b0000)

Polling page: 0x00000219bf800000

Metaspace:

Usage:
  Non-class:     15.83 MB capacity,    15.57 MB ( 98%) used,   223.09 KB (  1%) free+waste,    45.19 KB ( <1%) overhead. 
      Class:      1.83 MB capacity,     1.67 MB ( 91%) used,   149.16 KB (  8%) free+waste,    20.81 KB (  1%) overhead. 
       Both:     17.66 MB capacity,    17.24 MB ( 98%) used,   372.25 KB (  2%) free+waste,    66.00 KB ( <1%) overhead. 

Virtual space:
  Non-class space:       16.00 MB reserved,      16.00 MB (100%) committed 
      Class space:        1.00 GB reserved,       1.88 MB ( <1%) committed 
             Both:        1.02 GB reserved,      17.88 MB (  2%) committed 

Chunk freelists:
   Non-Class:  5.50 KB
       Class:  0 bytes
        Both:  5.50 KB

CodeHeap 'non-profiled nmethods': size=120000Kb used=1198Kb max_used=1198Kb free=118801Kb
 bounds [0x00000219d0dd0000, 0x00000219d1040000, 0x00000219d8300000]
CodeHeap 'profiled nmethods': size=120000Kb used=4286Kb max_used=4375Kb free=115713Kb
 bounds [0x00000219c98a0000, 0x00000219c9cf0000, 0x00000219d0dd0000]
CodeHeap 'non-nmethods': size=5760Kb used=1244Kb max_used=1277Kb free=4515Kb
 bounds [0x00000219c9300000, 0x00000219c9570000, 0x00000219c98a0000]
 total_blobs=2770 nmethods=2158 adapters=523
 compilation: enabled
              stopped_count=0, restarted_count=0
 full_count=0

Compilation events (10 events):
Event: 89.611 Thread 0x00000219e5cab000 nmethod 2309 0x00000219c9964010 code [0x00000219c99641c0, 0x00000219c9964410]
Event: 89.611 Thread 0x00000219e5cab000 2310       2       com.xuggle.xuggler.IAudioSamples::getMyCPtr (24 bytes)
Event: 89.611 Thread 0x00000219e5cab000 nmethod 2310 0x00000219c9963b10 code [0x00000219c9963cc0, 0x00000219c9963f10]
Event: 89.650 Thread 0x00000219e5ca7800 nmethod 2300 0x00000219d0ef6910 code [0x00000219d0ef6c00, 0x00000219d0ef8580]
Event: 89.650 Thread 0x00000219e5ca7800 2302       4       com.xuggle.ferry.IBuffer::make (35 bytes)
Event: 89.658 Thread 0x00000219e5ca7800 nmethod 2302 0x00000219d0e47e90 code [0x00000219d0e48060, 0x00000219d0e48788]
Event: 89.747 Thread 0x00000219e5ca7800 2311       4       java.io.BufferedReader::fill (170 bytes)
Event: 89.748 Thread 0x00000219e5ca7800 nmethod 2311 0x00000219d0efb210 code [0x00000219d0efb3a0, 0x00000219d0efb4c8]
Event: 90.899 Thread 0x00000219e5ca7800 2312       4       java.util.concurrent.locks.AbstractQueuedSynchronizer::setHead (16 bytes)
Event: 90.901 Thread 0x00000219e5ca7800 nmethod 2312 0x00000219d0efb610 code [0x00000219d0efb7a0, 0x00000219d0efb9b8]

GC Heap History (10 events):
Event: 83.168 GC heap before
{Heap before GC invocations=81 (full 0):
 garbage-first heap   total 260096K, used 208559K [0x0000000702c00000, 0x0000000800000000)
  region size 1024K, 91 young (93184K), 1 survivors (1024K)
 Metaspace       used 17614K, capacity 18087K, committed 18304K, reserved 1064960K
  class space    used 1703K, capacity 1875K, committed 1920K, reserved 1048576K
}
Event: 83.169 GC heap after
{Heap after GC invocations=82 (full 0):
 garbage-first heap   total 260096K, used 35512K [0x0000000702c00000, 0x0000000800000000)
  region size 1024K, 1 young (1024K), 1 survivors (1024K)
 Metaspace       used 17614K, capacity 18087K, committed 18304K, reserved 1064960K
  class space    used 1703K, capacity 1875K, committed 1920K, reserved 1048576K
}
Event: 84.847 GC heap before
{Heap before GC invocations=83 (full 0):
 garbage-first heap   total 260096K, used 206520K [0x0000000702c00000, 0x0000000800000000)
  region size 1024K, 89 young (91136K), 1 survivors (1024K)
 Metaspace       used 17614K, capacity 18087K, committed 18304K, reserved 1064960K
  class space    used 1703K, capacity 1875K, committed 1920K, reserved 1048576K
}
Event: 84.848 GC heap after
{Heap after GC invocations=84 (full 0):
 garbage-first heap   total 260096K, used 35592K [0x0000000702c00000, 0x0000000800000000)
  region size 1024K, 2 young (2048K), 2 survivors (2048K)
 Metaspace       used 17614K, capacity 18087K, committed 18304K, reserved 1064960K
  class space    used 1703K, capacity 1875K, committed 1920K, reserved 1048576K
}
Event: 86.830 GC heap before
{Heap before GC invocations=85 (full 0):
 garbage-first heap   total 260096K, used 191240K [0x0000000702c00000, 0x0000000800000000)
  region size 1024K, 76 young (77824K), 2 survivors (2048K)
 Metaspace       used 17638K, capacity 18087K, committed 18304K, reserved 1064960K
  class space    used 1705K, capacity 1875K, committed 1920K, reserved 1048576K
}
Event: 86.831 GC heap after
{Heap after GC invocations=86 (full 0):
 garbage-first heap   total 260096K, used 36026K [0x0000000702c00000, 0x0000000800000000)
  region size 1024K, 2 young (2048K), 2 survivors (2048K)
 Metaspace       used 17638K, capacity 18087K, committed 18304K, reserved 1064960K
  class space    used 1705K, capacity 1875K, committed 1920K, reserved 1048576K
}
Event: 88.450 GC heap before
{Heap before GC invocations=87 (full 0):
 garbage-first heap   total 260096K, used 200890K [0x0000000702c00000, 0x0000000800000000)
  region size 1024K, 85 young (87040K), 2 survivors (2048K)
 Metaspace       used 17640K, capacity 18087K, committed 18304K, reserved 1064960K
  class space    used 1705K, capacity 1875K, committed 1920K, reserved 1048576K
}
Event: 88.456 GC heap after
{Heap after GC invocations=88 (full 0):
 garbage-first heap   total 260096K, used 36016K [0x0000000702c00000, 0x0000000800000000)
  region size 1024K, 2 young (2048K), 2 survivors (2048K)
 Metaspace       used 17640K, capacity 18087K, committed 18304K, reserved 1064960K
  class space    used 1705K, capacity 1875K, committed 1920K, reserved 1048576K
}
Event: 90.001 GC heap before
{Heap before GC invocations=89 (full 0):
 garbage-first heap   total 260096K, used 190640K [0x0000000702c00000, 0x0000000800000000)
  region size 1024K, 75 young (76800K), 2 survivors (2048K)
 Metaspace       used 17648K, capacity 18087K, committed 18304K, reserved 1064960K
  class space    used 1705K, capacity 1875K, committed 1920K, reserved 1048576K
}
Event: 90.006 GC heap after
{Heap after GC invocations=90 (full 0):
 garbage-first heap   total 260096K, used 35639K [0x0000000702c00000, 0x0000000800000000)
  region size 1024K, 2 young (2048K), 2 survivors (2048K)
 Metaspace       used 17648K, capacity 18087K, committed 18304K, reserved 1064960K
  class space    used 1705K, capacity 1875K, committed 1920K, reserved 1048576K
}

Deoptimization events (10 events):
Event: 88.658 Thread 0x00000219e6303800 Uncommon trap: reason=unstable_if action=reinterpret pc=0x00000219d0ee9f54 method=java.net.SocketInputStream.read([BIII)I @ 4 c2
Event: 88.659 Thread 0x00000219e6303800 Uncommon trap: reason=speculate_class_check action=maybe_recompile pc=0x00000219d0e97304 method=java.lang.Throwable.getLocalizedMessage()Ljava/lang/String; @ 1 c2
Event: 88.659 Thread 0x00000219e6303800 Uncommon trap: reason=speculate_class_check action=maybe_recompile pc=0x00000219d0e87af4 method=java.lang.Throwable.printStackTrace(Ljava/lang/Throwable$PrintStreamOrWriter;)V @ 141 c2
Event: 88.659 Thread 0x00000219e6303800 Uncommon trap: reason=speculate_class_check action=maybe_recompile pc=0x00000219d0e97304 method=java.lang.Throwable.getLocalizedMessage()Ljava/lang/String; @ 1 c2
Event: 88.659 Thread 0x00000219e6303800 Uncommon trap: reason=speculate_class_check action=maybe_recompile pc=0x00000219d0e87af4 method=java.lang.Throwable.printStackTrace(Ljava/lang/Throwable$PrintStreamOrWriter;)V @ 141 c2
Event: 88.659 Thread 0x00000219e6303800 Uncommon trap: reason=speculate_class_check action=maybe_recompile pc=0x00000219d0e97304 method=java.lang.Throwable.getLocalizedMessage()Ljava/lang/String; @ 1 c2
Event: 88.659 Thread 0x00000219e6303800 Uncommon trap: reason=speculate_class_check action=maybe_recompile pc=0x00000219d0e87af4 method=java.lang.Throwable.printStackTrace(Ljava/lang/Throwable$PrintStreamOrWriter;)V @ 141 c2
Event: 90.970 Thread 0x00000219e66f4000 Uncommon trap: reason=unstable_if action=reinterpret pc=0x00000219d0ebf8a8 method=java.nio.Buffer.limit(I)Ljava/nio/Buffer; @ 5 c2
Event: 90.971 Thread 0x00000219e66f4000 Uncommon trap: reason=bimorphic_or_optimized_type_check action=maybe_recompile pc=0x00000219d0e4954c method=java.lang.Throwable.getLocalizedMessage()Ljava/lang/String; @ 1 c2
Event: 90.971 Thread 0x00000219e66f4000 Uncommon trap: reason=bimorphic_or_optimized_type_check action=maybe_recompile pc=0x00000219d0ef47b0 method=java.lang.Throwable.printStackTrace(Ljava/lang/Throwable$PrintStreamOrWriter;)V @ 141 c2

Classes redefined (0 events):
No events

Internal exceptions (10 events):
Event: 90.982 Thread 0x00000219e6303800 Implicit null exception at 0x00000219c994f634 to 0x00000219c994f7c5
Event: 90.982 Thread 0x00000219e6303800 Exception <a 'java/lang/NullPointerException'{0x00000007115065f8}> (0x00000007115065f8) thrown at [./open/src/hotspot/share/runtime/sharedRuntime.cpp, line 584]
Event: 90.982 Thread 0x00000219e6303800 Implicit null exception at 0x00000219c994f634 to 0x00000219c994f7c5
Event: 90.982 Thread 0x00000219e6303800 Exception <a 'java/lang/NullPointerException'{0x0000000711507808}> (0x0000000711507808) thrown at [./open/src/hotspot/share/runtime/sharedRuntime.cpp, line 584]
Event: 90.982 Thread 0x00000219e6303800 Implicit null exception at 0x00000219c994f634 to 0x00000219c994f7c5
Event: 90.982 Thread 0x00000219e6303800 Exception <a 'java/lang/NullPointerException'{0x0000000711508a18}> (0x0000000711508a18) thrown at [./open/src/hotspot/share/runtime/sharedRuntime.cpp, line 584]
Event: 90.984 Thread 0x00000219e6303800 Implicit null exception at 0x00000219c994f634 to 0x00000219c994f7c5
Event: 90.984 Thread 0x00000219e6303800 Exception <a 'java/lang/NullPointerException'{0x0000000711509c28}> (0x0000000711509c28) thrown at [./open/src/hotspot/share/runtime/sharedRuntime.cpp, line 584]
Event: 90.986 Thread 0x00000219e6303800 Implicit null exception at 0x00000219c994f634 to 0x00000219c994f7c5
Event: 90.986 Thread 0x00000219e6303800 Exception <a 'java/lang/NullPointerException'{0x000000071150ae38}> (0x000000071150ae38) thrown at [./open/src/hotspot/share/runtime/sharedRuntime.cpp, line 584]

Events (10 events):
Event: 90.050 Executing VM operation: CGC_Operation done
Event: 90.970 Thread 0x00000219e66f4000 Uncommon trap: trap_request=0xffffff4d fr.pc=0x00000219d0ebf8a8 relative=0x0000000000000088
Event: 90.970 Thread 0x00000219e66f4000 DEOPT PACKING pc=0x00000219d0ebf8a8 sp=0x000000bbe80fe5d0
Event: 90.970 Thread 0x00000219e66f4000 DEOPT UNPACKING pc=0x00000219c93291af sp=0x000000bbe80fe430 mode 2
Event: 90.971 Thread 0x00000219e66f4000 Uncommon trap: trap_request=0xffffffc6 fr.pc=0x00000219d0e4954c relative=0x000000000000050c
Event: 90.971 Thread 0x00000219e66f4000 DEOPT PACKING pc=0x00000219d0e4954c sp=0x000000bbe80fea00
Event: 90.971 Thread 0x00000219e66f4000 DEOPT UNPACKING pc=0x00000219c93291af sp=0x000000bbe80fe958 mode 2
Event: 90.971 Thread 0x00000219e66f4000 Uncommon trap: trap_request=0xffffffc6 fr.pc=0x00000219d0ef47b0 relative=0x00000000000027d0
Event: 90.971 Thread 0x00000219e66f4000 DEOPT PACKING pc=0x00000219d0ef47b0 sp=0x000000bbe80feb20
Event: 90.971 Thread 0x00000219e66f4000 DEOPT UNPACKING pc=0x00000219c93291af sp=0x000000bbe80feb30 mode 2


Dynamic libraries:
0x00007ff7c4b00000 - 0x00007ff7c4b0f000 	C:\Program Files\Java\jdk-11.0.8\bin\java.exe
0x00007ffc6c650000 - 0x00007ffc6c846000 	C:\WINDOWS\SYSTEM32\ntdll.dll
0x00007ffc6b110000 - 0x00007ffc6b1cd000 	C:\WINDOWS\System32\KERNEL32.DLL
0x00007ffc69da0000 - 0x00007ffc6a068000 	C:\WINDOWS\System32\KERNELBASE.dll
0x00007ffc6a330000 - 0x00007ffc6a430000 	C:\WINDOWS\System32\ucrtbase.dll
0x00007ffc5d820000 - 0x00007ffc5d835000 	C:\Program Files\Java\jdk-11.0.8\bin\VCRUNTIME140.dll
0x00007ffc5d920000 - 0x00007ffc5d938000 	C:\Program Files\Java\jdk-11.0.8\bin\jli.dll
0x00007ffc6b260000 - 0x00007ffc6b30a000 	C:\WINDOWS\System32\ADVAPI32.dll
0x00007ffc6b4e0000 - 0x00007ffc6b57e000 	C:\WINDOWS\System32\msvcrt.dll
0x00007ffc6b070000 - 0x00007ffc6b10b000 	C:\WINDOWS\System32\sechost.dll
0x00007ffc6ad90000 - 0x00007ffc6aeb4000 	C:\WINDOWS\System32\RPCRT4.dll
0x00007ffc6b340000 - 0x00007ffc6b4e0000 	C:\WINDOWS\System32\USER32.dll
0x00007ffc6a490000 - 0x00007ffc6a4b2000 	C:\WINDOWS\System32\win32u.dll
0x00007ffc45af0000 - 0x00007ffc45d8b000 	C:\WINDOWS\WinSxS\amd64_microsoft.windows.common-controls_6595b64144ccf1df_6.0.19041.488_none_ca04af081b815d21\COMCTL32.dll
0x00007ffc6b1d0000 - 0x00007ffc6b1fa000 	C:\WINDOWS\System32\GDI32.dll
0x00007ffc6a120000 - 0x00007ffc6a229000 	C:\WINDOWS\System32\gdi32full.dll
0x00007ffc6a620000 - 0x00007ffc6a6bd000 	C:\WINDOWS\System32\msvcp_win.dll
0x00007ffc64220000 - 0x00007ffc6422a000 	C:\WINDOWS\SYSTEM32\VERSION.dll
0x00007ffc6b310000 - 0x00007ffc6b340000 	C:\WINDOWS\System32\IMM32.DLL
0x00007ffc5bcf0000 - 0x00007ffc5bd8b000 	C:\Program Files\Java\jdk-11.0.8\bin\msvcp140.dll
0x00007ffc0f320000 - 0x00007ffc0fe06000 	C:\Program Files\Java\jdk-11.0.8\bin\server\jvm.dll
0x00007ffc6a8d0000 - 0x00007ffc6a8d8000 	C:\WINDOWS\System32\PSAPI.DLL
0x00007ffc555c0000 - 0x00007ffc555e7000 	C:\WINDOWS\SYSTEM32\WINMM.dll
0x00007ffc65b00000 - 0x00007ffc65b09000 	C:\WINDOWS\SYSTEM32\WSOCK32.dll
0x00007ffc6aff0000 - 0x00007ffc6b05b000 	C:\WINDOWS\System32\WS2_32.dll
0x00007ffc67cb0000 - 0x00007ffc67cc2000 	C:\WINDOWS\SYSTEM32\kernel.appcore.dll
0x00007ffc65880000 - 0x00007ffc65890000 	C:\Program Files\Java\jdk-11.0.8\bin\verify.dll
0x00007ffc566f0000 - 0x00007ffc568d4000 	C:\WINDOWS\SYSTEM32\DBGHELP.DLL
0x00007ffc562c0000 - 0x00007ffc562ec000 	C:\WINDOWS\SYSTEM32\dbgcore.DLL
0x00007ffc6a0a0000 - 0x00007ffc6a11f000 	C:\WINDOWS\System32\bcryptPrimitives.dll
0x00007ffc5d7f0000 - 0x00007ffc5d818000 	C:\Program Files\Java\jdk-11.0.8\bin\java.dll
0x00007ffc5d7b0000 - 0x00007ffc5d7ba000 	C:\Program Files\Java\jdk-11.0.8\bin\jimage.dll
0x00007ffc5d790000 - 0x00007ffc5d7a6000 	C:\Program Files\Java\jdk-11.0.8\bin\zip.dll
0x00007ffc6bd40000 - 0x00007ffc6c480000 	C:\WINDOWS\System32\SHELL32.dll
0x00007ffc67eb0000 - 0x00007ffc68644000 	C:\WINDOWS\SYSTEM32\windows.storage.dll
0x00007ffc6a900000 - 0x00007ffc6ac55000 	C:\WINDOWS\System32\combase.dll
0x00007ffc69810000 - 0x00007ffc6983c000 	C:\WINDOWS\SYSTEM32\Wldp.dll
0x00007ffc6c560000 - 0x00007ffc6c60e000 	C:\WINDOWS\System32\SHCORE.dll
0x00007ffc6b200000 - 0x00007ffc6b255000 	C:\WINDOWS\System32\shlwapi.dll
0x00007ffc69cd0000 - 0x00007ffc69cf6000 	C:\WINDOWS\SYSTEM32\profapi.dll
0x00007ffc5d770000 - 0x00007ffc5d789000 	C:\Program Files\Java\jdk-11.0.8\bin\net.dll
0x00007ffc5ce50000 - 0x00007ffc5cf50000 	C:\WINDOWS\SYSTEM32\WINHTTP.dll
0x00007ffc69550000 - 0x00007ffc695ba000 	C:\WINDOWS\system32\mswsock.dll
0x00007ffc5c750000 - 0x00007ffc5c762000 	C:\Program Files\Java\jdk-11.0.8\bin\nio.dll
0x00007ffc69740000 - 0x00007ffc69758000 	C:\WINDOWS\SYSTEM32\CRYPTSP.dll
0x00007ffc68e70000 - 0x00007ffc68ea4000 	C:\WINDOWS\system32\rsaenh.dll
0x00007ffc6a070000 - 0x00007ffc6a097000 	C:\WINDOWS\System32\bcrypt.dll
0x00007ffc69c90000 - 0x00007ffc69cbe000 	C:\WINDOWS\SYSTEM32\USERENV.dll
0x00007ffc69760000 - 0x00007ffc6976c000 	C:\WINDOWS\SYSTEM32\CRYPTBASE.dll
0x00007ffc69200000 - 0x00007ffc6923b000 	C:\WINDOWS\SYSTEM32\IPHLPAPI.DLL
0x00007ffc6a8c0000 - 0x00007ffc6a8c9000 	C:\WINDOWS\System32\NSI.dll
0x00007ffc63e20000 - 0x00007ffc63e37000 	C:\WINDOWS\SYSTEM32\dhcpcsvc6.DLL
0x00007ffc64240000 - 0x00007ffc6425d000 	C:\WINDOWS\SYSTEM32\dhcpcsvc.DLL
0x00007ffc69240000 - 0x00007ffc6930b000 	C:\WINDOWS\SYSTEM32\DNSAPI.dll
0x00007ffc3cc70000 - 0x00007ffc3cc99000 	C:\Users\manis\AppData\Local\Temp\BridJExtractedLibraries18225008335330471563\bridj.dll
0x00007ffc39040000 - 0x00007ffc39076000 	C:\Users\manis\AppData\Local\Temp\BridJExtractedLibraries18225008335330471563\OpenIMAJGrabber.dll
0x00007ffc6aec0000 - 0x00007ffc6afea000 	C:\WINDOWS\System32\ole32.dll
0x00007ffc6acc0000 - 0x00007ffc6ad8d000 	C:\WINDOWS\System32\OLEAUT32.dll
0x00007ffc67710000 - 0x00007ffc677af000 	C:\WINDOWS\system32\uxtheme.dll
0x00007ffc6b7c0000 - 0x00007ffc6b869000 	C:\WINDOWS\System32\clbcatq.dll
0x00007ffc3c2a0000 - 0x00007ffc3c2bd000 	C:\Windows\System32\devenum.dll
0x00007ffc6a2e0000 - 0x00007ffc6a32e000 	C:\WINDOWS\System32\CFGMGR32.dll
0x00007ffc6b8d0000 - 0x00007ffc6bd37000 	C:\WINDOWS\System32\setupapi.dll
0x00007ffc68aa0000 - 0x00007ffc68ad3000 	C:\WINDOWS\SYSTEM32\ntmarta.dll
0x00007ffc69b70000 - 0x00007ffc69b9c000 	C:\WINDOWS\SYSTEM32\DEVOBJ.dll
0x00007ffc6a430000 - 0x00007ffc6a490000 	C:\WINDOWS\System32\WINTRUST.dll
0x00007ffc6a4c0000 - 0x00007ffc6a61d000 	C:\WINDOWS\System32\CRYPT32.dll
0x00007ffc69990000 - 0x00007ffc699a2000 	C:\WINDOWS\SYSTEM32\MSASN1.dll
0x00007ffc65c40000 - 0x00007ffc65c4b000 	C:\WINDOWS\SYSTEM32\msdmo.dll
0x00007ffc36160000 - 0x00007ffc362fa000 	C:\Program Files\Java\jdk-11.0.8\bin\awt.dll
0x00007ffc67620000 - 0x00007ffc676b0000 	C:\WINDOWS\SYSTEM32\apphelp.dll
0x00007ffc36cb0000 - 0x00007ffc36ce6000 	C:\Windows\System32\qcap.dll
0x00007ffc329a0000 - 0x00007ffc32b6f000 	C:\Windows\System32\quartz.dll
0x00007ffc6a6c0000 - 0x00007ffc6a7d5000 	C:\WINDOWS\System32\MSCTF.dll
0x00007ffc33890000 - 0x00007ffc338dd000 	C:\Windows\System32\mfksproxy.dll
0x00007ffc539b0000 - 0x00007ffc539cd000 	C:\Windows\System32\ATL.DLL
0x00007ffc46c40000 - 0x00007ffc46dfb000 	C:\Windows\System32\MFPlat.DLL
0x00007ffc5b3e0000 - 0x00007ffc5b410000 	C:\Windows\System32\RTWorkQ.DLL
0x00007ffc32220000 - 0x00007ffc32287000 	C:\Windows\System32\MFSENSORGROUP.dll
0x00007ffc323a0000 - 0x00007ffc323f0000 	C:\Windows\System32\ksproxy.ax
0x00007ffc65c10000 - 0x00007ffc65c19000 	C:\Windows\System32\ksuser.dll
0x00007ffc54d70000 - 0x00007ffc54f3e000 	C:\Windows\System32\d3d9.dll
0x00007ffc679c0000 - 0x00007ffc679ef000 	C:\Windows\System32\dwmapi.dll
0x00007ffc64890000 - 0x00007ffc6492f000 	C:\WINDOWS\SYSTEM32\policymanager.dll
0x00007ffc68f10000 - 0x00007ffc68f9a000 	C:\Windows\System32\msvcp110_win.dll
0x00007ffc5b9b0000 - 0x00007ffc5b9bd000 	C:\Windows\System32\vidcap.ax
0x00007ffc3b5c0000 - 0x00007ffc3b5e7000 	C:\Windows\System32\kswdmcap.ax
0x00007ffc2c9d0000 - 0x00007ffc2cb3c000 	C:\Windows\System32\MFC42.dll
0x00007ffc350b0000 - 0x00007ffc35158000 	C:\Windows\System32\qedit.dll
0x00007ffc6c480000 - 0x00007ffc6c55a000 	C:\WINDOWS\System32\COMDLG32.dll
0x00007ffc39bd0000 - 0x00007ffc39bfb000 	C:\Windows\System32\MSVFW32.dll
0x00007ffc53c70000 - 0x00007ffc53e16000 	C:\WINDOWS\WinSxS\amd64_microsoft.windows.gdiplus_6595b64144ccf1df_1.1.19041.572_none_fae9a23b76193bbb\gdiplus.dll
0x00007ffc47370000 - 0x00007ffc4746b000 	C:\Windows\System32\DDRAW.dll
0x00007ffc686b0000 - 0x00007ffc687a3000 	C:\Windows\System32\dxgi.dll
0x00007ffc65bd0000 - 0x00007ffc65bd9000 	C:\Windows\System32\DCIMAN32.dll
0x00007ffc627e0000 - 0x00007ffc6281b000 	C:\WINDOWS\SYSTEM32\dxcore.dll
0x00007ffc59990000 - 0x00007ffc599b6000 	C:\WINDOWS\SYSTEM32\WINMMBASE.dll
0x00007ffc5bca0000 - 0x00007ffc5bcac000 	C:\WINDOWS\SYSTEM32\msyuv.dll
0x00007ffc35df0000 - 0x00007ffc35e2f000 	C:\Windows\System32\CapabilityAccessManagerClient.dll
0x00007ffc3af70000 - 0x00007ffc3af81000 	C:\Program Files\Java\jdk-11.0.8\bin\jsound.dll
0x00007ffc36d30000 - 0x00007ffc36dcc000 	C:\WINDOWS\SYSTEM32\DSOUND.dll
0x00007ffc69370000 - 0x00007ffc693bb000 	C:\WINDOWS\SYSTEM32\powrprof.dll
0x00007ffc691e0000 - 0x00007ffc691f2000 	C:\WINDOWS\SYSTEM32\UMPDC.dll
0x00007ffc638b0000 - 0x00007ffc63935000 	C:\WINDOWS\System32\MMDevApi.dll
0x00007ffc38f60000 - 0x00007ffc38fa6000 	C:\WINDOWS\SYSTEM32\wdmaud.drv
0x00007ffc64880000 - 0x00007ffc6488a000 	C:\WINDOWS\SYSTEM32\AVRT.dll
0x00007ffc63940000 - 0x00007ffc63ac1000 	C:\WINDOWS\SYSTEM32\AUDIOSES.DLL
0x00007ffc65b40000 - 0x00007ffc65b4d000 	C:\WINDOWS\SYSTEM32\msacm32.drv
0x00007ffc43460000 - 0x00007ffc4347e000 	C:\WINDOWS\SYSTEM32\MSACM32.dll
0x00007ffc5bb40000 - 0x00007ffc5bb4b000 	C:\WINDOWS\SYSTEM32\midimap.dll
0x00007ffc44930000 - 0x00007ffc44a7c000 	C:\Windows\System32\Windows.UI.dll
0x00007ffc64490000 - 0x00007ffc64533000 	C:\Windows\System32\WindowManagementAPI.dll
0x00007ffc4fb00000 - 0x00007ffc4fbfc000 	C:\Windows\System32\TextInputFramework.dll
0x00007ffc43a40000 - 0x00007ffc43b92000 	C:\Windows\System32\InputHost.dll
0x00007ffc65d30000 - 0x00007ffc65e86000 	C:\WINDOWS\SYSTEM32\wintypes.dll
0x00007ffc63fe0000 - 0x00007ffc641e8000 	C:\WINDOWS\SYSTEM32\twinapi.appcore.dll
0x00007ffc673f0000 - 0x00007ffc674e2000 	C:\Windows\System32\CoreMessaging.dll
0x00007ffc67090000 - 0x00007ffc673ee000 	C:\Windows\System32\CoreUIComponents.dll
0x00007ffc65730000 - 0x00007ffc65827000 	C:\Windows\System32\PROPSYS.dll
0x000000006e740000 - 0x000000006fda5000 	C:\Users\manis\AppData\Local\Temp\xuggle\xuggle830369000041663124.dll
0x00007ffc39ff0000 - 0x00007ffc3a009000 	C:\WINDOWS\SYSTEM32\AVICAP32.dll
0x00007ffc36130000 - 0x00007ffc3615d000 	C:\Program Files\Java\jdk-11.0.8\bin\javajpeg.dll

dbghelp: loaded successfully - version: 4.0.5 - missing functions: none
symbol engine: initialized successfully - sym options: 0x614 - pdb path: .;C:\Program Files\Java\jdk-11.0.8\bin;C:\WINDOWS\SYSTEM32;C:\WINDOWS\WinSxS\amd64_microsoft.windows.common-controls_6595b64144ccf1df_6.0.19041.488_none_ca04af081b815d21;C:\Program Files\Java\jdk-11.0.8\bin\server;C:\Users\manis\AppData\Local\Temp\BridJExtractedLibraries18225008335330471563;C:\WINDOWS\WinSxS\amd64_microsoft.windows.gdiplus_6595b64144ccf1df_1.1.19041.572_none_fae9a23b76193bbb;C:\Users\manis\AppData\Local\Temp\xuggle

VM Arguments:
jvm_args: -Dfile.encoding=windows-1252 -Duser.country=IN -Duser.language=en -Duser.variant 
java_command: ServerStart
java_class_path (initial): C:\Users\manis\IdeaProjects\softa1\build\classes\java\main;C:\Users\manis\IdeaProjects\softa1\build\resources\main;C:\Users\manis\.gradle\caches\modules-2\files-2.1\org.mongodb\mongo-java-driver\3.12.3\b86f81e0e8afa58d07d587f9a5ebd8e1198f8863\mongo-java-driver-3.12.3.jar;C:\Users\manis\.gradle\caches\modules-2\files-2.1\com.jfoenix\jfoenix\9.0.9\df1b688e1dc42a59e560c29f231278e20cfcd52\jfoenix-9.0.9.jar;C:\Users\manis\.gradle\caches\modules-2\files-2.1\xuggle\xuggle-xuggler\5.4\53a5b0f219d86c2fd570675fcbaa6a6c1a0626e8\xuggle-xuggler-5.4.jar;C:\Users\manis\.gradle\caches\modules-2\files-2.1\com.github.sarxos\webcam-capture\0.3.12\47b09a421def93b23397bc900ca9a0a31a4927f1\webcam-capture-0.3.12.jar;C:\Users\manis\.gradle\caches\modules-2\files-2.1\org.apache.httpcomponents\httpasyncclient\4.1.4\f3a3240681faae3fa46b573a4c7e50cec9db0d86\httpasyncclient-4.1.4.jar;C:\Users\manis\.gradle\caches\modules-2\files-2.1\org.apache.httpcomponents\httpclient\4.5.10\7ca2e4276f4ef95e4db725a8cd4a1d1e7585b9e5\httpclient-4.5.10.jar;C:\Users\manis\.gradle\caches\modules-2\files-2.1\org.json\json\20090211\c183aa3a2a6250293808bba12262c8920ce5a51c\json-20090211.jar;C:\Users\manis\.gradle\caches\modules-2\files-2.1\at.favre.lib\bcrypt\0.5.0\7559b1c6a901b67e489445e38a8fe748c9177057\bcrypt-0.5.0.jar;C:\Users\manis\.gradle\caches\modules-2\files-2.1\org.apache.httpcomponents\httpcore-nio\4.4.12\84cd29eca842f31db02987cfedea245af020198b\httpcore-nio-4.4.12.jar;C:\Users\manis\.gradle\caches\modules-2\files-2.1\com.google.code.gson\gson\2.8.6\9180733b7df8542621dc12e21e87557e8c99b8cb\gson-2.8.6.jar;C:\Users\manis\.gradle\caches\modules-2\files-2.1\org.openjfx\javafx-fxml\11.0.2\b3242e4c031558574de2a1da685bb5fcdbb8a530\javafx-fxml-11.0.2-win.jar;C:\Users\manis\.gradle\caches\modules-2\files-2.1\org.openjfx\javafx-controls\11.0.2\6c763707769c18adce406904c771c2ad1fcc370b\javafx-controls-11.0.2-win.jar;C:\Users\manis\.gradle\caches\modules-2\files-2.1\org.openjfx\javafx-contro
Launcher Type: SUN_STANDARD

[Global flags]
     intx CICompilerCount                          = 4                                         {product} {ergonomic}
     uint ConcGCThreads                            = 3                                         {product} {ergonomic}
     uint G1ConcRefinementThreads                  = 10                                        {product} {ergonomic}
   size_t G1HeapRegionSize                         = 1048576                                   {product} {ergonomic}
    uintx GCDrainStackTargetSize                   = 64                                        {product} {ergonomic}
   size_t InitialHeapSize                          = 266338304                                 {product} {ergonomic}
   size_t MarkStackSize                            = 4194304                                   {product} {ergonomic}
   size_t MaxHeapSize                              = 4248829952                                {product} {ergonomic}
   size_t MaxNewSize                               = 2549088256                                {product} {ergonomic}
   size_t MinHeapDeltaBytes                        = 1048576                                   {product} {ergonomic}
    uintx NonNMethodCodeHeapSize                   = 5836300                                {pd product} {ergonomic}
    uintx NonProfiledCodeHeapSize                  = 122910970                              {pd product} {ergonomic}
    uintx ProfiledCodeHeapSize                     = 122910970                              {pd product} {ergonomic}
    uintx ReservedCodeCacheSize                    = 251658240                              {pd product} {ergonomic}
     bool SegmentedCodeCache                       = true                                      {product} {ergonomic}
     bool UseCompressedClassPointers               = true                                 {lp64_product} {ergonomic}
     bool UseCompressedOops                        = true                                 {lp64_product} {ergonomic}
     bool UseG1GC                                  = true                                      {product} {ergonomic}
     bool UseLargePagesIndividualAllocation        = false                                  {pd product} {ergonomic}

Logging:
Log output configuration:
 #0: stdout all=warning uptime,level,tags
 #1: stderr all=off uptime,level,tags

Environment Variables:
JAVA_HOME=C:\Program Files\Android\Android Studio\jre
PATH=C:\Program Files\Common Files\Oracle\Java\javapath;C:\Windows\system32;C:\Windows;C:\Windows\System32\Wbem;C:\Windows\System32\WindowsPowerShell\v1.0\;C:\Windows\System32\OpenSSH\;C:\Program Files (x86)\NVIDIA Corporation\PhysX\Common;C:\Program Files\NVIDIA Corporation\NVIDIA NvDLISR;C:\Program Files\Git\cmd;C:\WINDOWS\system32;C:\WINDOWS;C:\WINDOWS\System32\Wbem;C:\WINDOWS\System32\WindowsPowerShell\v1.0\;C:\WINDOWS\System32\OpenSSH\;C:\Program Files (x86)\HP\Common\HPDestPlgIn\;C:\Users\manis\AppData\Local\Microsoft\WindowsApps;C:\Program Files\Java\jdk-12.0.2\bin;C:\Program Files (x86)\mingw-w64\i686-8.1.0-posix-dwarf-rt_v6-rev0\mingw32\bin;C:\flutter\bin;C:\Users\manis\AppData\Local\Programs\Microsoft VS Code\bin;C:\Program Files\JetBrains\IntelliJ IDEA Community Edition 2020.2.2\bin;;C:\Program Files (x86)\HP\Common\HPDestPlgIn\;;C:\Program Files\JetBrains\IntelliJ IDEA 2020.2.3\bin;
USERNAME=manis
OS=Windows_NT
PROCESSOR_IDENTIFIER=Intel64 Family 6 Model 165 Stepping 2, GenuineIntel



---------------  S Y S T E M  ---------------

OS: Windows 10 , 64 bit Build 19041 (10.0.19041.546)
HyperV virtualization detected

CPU:total 12 (initial active 12) (6 cores per cpu, 2 threads per core) family 6 model 165 stepping 2, cmov, cx8, fxsr, mmx, sse, sse2, sse3, ssse3, sse4.1, sse4.2, popcnt, avx, avx2, aes, clmul, erms, 3dnowpref, lzcnt, ht, tsc, tscinvbit, bmi1, bmi2, adx, fma

Memory: 4k page, system-wide physical 16204M (4411M free)
TotalPageFile size 17804M (AvailPageFile size 3032M)
current process WorkingSet (physical memory assigned to process): 363M, peak: 370M
current process commit charge ("private bytes"): 442M, peak: 451M

vm_info: Java HotSpot(TM) 64-Bit Server VM (11.0.8+10-LTS) for windows-amd64 JRE (11.0.8+10-LTS), built on Jun 16 2020 05:53:08 by "mach5one" with unknown MS VC++:1916

END.
