#
# A fatal error has been detected by the Java Runtime Environment:
#
#  EXCEPTION_ACCESS_VIOLATION (0xc0000005) at pc=0x000000006ee76520, pid=18860, tid=6804
#
# JRE version: Java(TM) SE Runtime Environment 18.9 (11.0.8+10) (build 11.0.8+10-LTS)
# Java VM: Java HotSpot(TM) 64-Bit Server VM 18.9 (11.0.8+10-LTS, mixed mode, tiered, compressed oops, g1 gc, windows-amd64)
# Problematic frame:
# C  [xuggle17420028395037519863.dll+0x736520]
#
# No core dump will be written. Minidumps are not enabled by default on client versions of Windows
#
# If you would like to submit a bug report, please visit:
#   https://bugreport.java.com/bugreport/crash.jsp
# The crash happened outside the Java Virtual Machine in native code.
# See problematic frame for where to report the bug.
#

---------------  S U M M A R Y ------------

Command Line: --module-path=C:\Program Files\javafx-sdk-11.0.2\lib --add-modules=javafx.controls,javafx.fxml,javafx.base,javafx.media,javafx.graphics,javafx.swing,javafx.web --add-opens=javafx.base/com.sun.javafx.runtime=ALL-UNNAMED --add-opens=javafx.controls/com.sun.javafx.scene.control.behavior=ALL-UNNAMED --add-opens=javafx.controls/com.sun.javafx.scene.control=ALL-UNNAMED --add-opens=javafx.base/com.sun.javafx.binding=ALL-UNNAMED --add-opens=javafx.base/com.sun.javafx.event=ALL-UNNAMED --add-opens=javafx.graphics/com.sun.javafx.stage=ALL-UNNAMED --add-opens=javafx.graphics/com.sun.javafx.scene=ALL-UNNAMED --module-path=C:\Program Files\javafx-sdk-11.0.2\lib --add-modules=javafx.controls,javafx.fxml,javafx.base,javafx.media,javafx.graphics,javafx.swing,javafx.web --add-opens=javafx.base/com.sun.javafx.runtime=ALL-UNNAMED --add-opens=javafx.controls/com.sun.javafx.scene.control.behavior=ALL-UNNAMED --add-opens=javafx.controls/com.sun.javafx.scene.control=ALL-UNNAMED --add-opens=javafx.base/com.sun.javafx.binding=ALL-UNNAMED --add-opens=javafx.base/com.sun.javafx.event=ALL-UNNAMED --add-opens=javafx.graphics/com.sun.javafx.stage=ALL-UNNAMED --add-opens=javafx.graphics/com.sun.javafx.scene=ALL-UNNAMED -Dfile.encoding=windows-1252 -Duser.country=IN -Duser.language=en -Duser.variant Main2

Host: Intel(R) Core(TM) i7-10750H CPU @ 2.60GHz, 12 cores, 15G,  Windows 10 , 64 bit Build 19041 (10.0.19041.546)
Time: Sun Oct 18 10:10:26 2020 India Standard Time elapsed time: 5 seconds (0d 0h 0m 5s)

---------------  T H R E A D  ---------------

Current thread (0x00000213940af000):  JavaThread "JavaFX Application Thread" [_thread_in_native, id=6804, stack(0x00000064bad00000,0x00000064bae00000)]

Stack: [0x00000064bad00000,0x00000064bae00000],  sp=0x00000064badfba30,  free space=1006k
Native frames: (J=compiled Java code, j=interpreted, Vv=VM code, C=native code)
C  [xuggle17420028395037519863.dll+0x736520]

Java frames: (J=compiled Java code, j=interpreted, Vv=VM code)
j  com.xuggle.xuggler.XugglerJNI.IStreamCoder_decodeAudio(JLcom/xuggle/xuggler/IStreamCoder;JLcom/xuggle/xuggler/IAudioSamples;JLcom/xuggle/xuggler/IPacket;I)I+0
j  com.xuggle.xuggler.IStreamCoder.decodeAudio(Lcom/xuggle/xuggler/IAudioSamples;Lcom/xuggle/xuggler/IPacket;I)I+16
j  ClientVideoController$timerListener.decodeAndPlay([BI)V+44
j  ClientVideoController$timerListener.handle(Ljavafx/event/ActionEvent;)V+363
j  ClientVideoController$timerListener.handle(Ljavafx/event/Event;)V+5
j  com.sun.scenario.animation.shared.TimelineClipCore.visitKeyFrame(IJ)V+58 javafx.graphics
j  com.sun.scenario.animation.shared.TimelineClipCore.playTo(J)V+153 javafx.graphics
j  javafx.animation.Timeline.doPlayTo(JJ)V+5 javafx.graphics
j  javafx.animation.AnimationAccessorImpl.playTo(Ljavafx/animation/Animation;JJ)V+4 javafx.graphics
j  com.sun.scenario.animation.shared.InfiniteClipEnvelope.timePulse(J)V+157 javafx.graphics
j  javafx.animation.Animation.doTimePulse(J)V+13 javafx.graphics
j  javafx.animation.Animation$1.lambda$timePulse$0(J)Ljava/lang/Void;+5 javafx.graphics
j  javafx.animation.Animation$1$$Lambda$332.run()Ljava/lang/Object;+8 javafx.graphics
v  ~StubRoutines::call_stub
J 2017  java.security.AccessController.doPrivileged(Ljava/security/PrivilegedAction;Ljava/security/AccessControlContext;)Ljava/lang/Object; java.base@11.0.8 (0 bytes) @ 0x0000021387bafab6 [0x0000021387bafa40+0x0000000000000076]
j  javafx.animation.Animation$1.timePulse(J)V+51 javafx.graphics
j  com.sun.scenario.animation.AbstractMasterTimer.timePulseImpl(J)V+61 javafx.graphics
j  com.sun.scenario.animation.AbstractMasterTimer$MainLoop.run()V+41 javafx.graphics
j  com.sun.javafx.tk.quantum.QuantumToolkit.pulse(Z)V+76 javafx.graphics
j  com.sun.javafx.tk.quantum.QuantumToolkit.pulse()V+2 javafx.graphics
j  com.sun.javafx.tk.quantum.QuantumToolkit.pulseFromQueue()V+1 javafx.graphics
j  com.sun.javafx.tk.quantum.QuantumToolkit.lambda$runToolkit$11()V+1 javafx.graphics
j  com.sun.javafx.tk.quantum.QuantumToolkit$$Lambda$95.run()V+4 javafx.graphics
j  com.sun.glass.ui.InvokeLaterDispatcher$Future.run()V+4 javafx.graphics
v  ~StubRoutines::call_stub
j  com.sun.glass.ui.win.WinApplication._runLoop(Ljava/lang/Runnable;)V+0 javafx.graphics
j  com.sun.glass.ui.win.WinApplication.lambda$runLoop$3(ILjava/lang/Runnable;)V+8 javafx.graphics
j  com.sun.glass.ui.win.WinApplication$$Lambda$91.run()V+12 javafx.graphics
j  java.lang.Thread.run()V+11 java.base@11.0.8
v  ~StubRoutines::call_stub

siginfo: EXCEPTION_ACCESS_VIOLATION (0xc0000005), reading address 0xffffffffffffffff


Register to memory mapping:

RIP=0x000000006ee76520 xuggle17420028395037519863.dll
RAX=0x000002139ad03a70 points into unknown readable memory: 00 00 00 00 00 00 00 80
RBX=0x000002139b650120 points into unknown readable memory: 00 00 00 00 01 00 00 00
RCX=0x000002139ad03a70 points into unknown readable memory: 00 00 00 00 00 00 00 80
RDX=0x0000000000000009 is an unknown value
RSP=0x00000064badfba30 is pointing into the stack for thread: 0x00000213940af000
RBP=0x000002139ad031b0 points into unknown readable memory: 60 b0 c8 9a 13 02 00 00
RSI=0x000002139ad04a70 points into unknown readable memory: 09 00 00 00 01 00 00 00
RDI=0x0000000000000004 is an unknown value
R8 =0x000000006ee77580 xuggle17420028395037519863.dll
R9 =0x000000006ee76490 xuggle17420028395037519863.dll
R10=0x000002139ac90ea0 points into unknown readable memory: 04 00 84 01 c4 00 64 01
R11=0x000002139ad17a30 points into unknown readable memory: 2d f3 b4 bc bb 64 b4 bc
R12=0x000002139ad18230 points into unknown readable memory: b8 16 b5 bc 9e a4 b5 bc
R13=0x0000000000000004 is an unknown value
R14=0x0000000000000184 is an unknown value
R15=0x000000006fab8f20 xuggle17420028395037519863.dll


Registers:
RAX=0x000002139ad03a70, RBX=0x000002139b650120, RCX=0x000002139ad03a70, RDX=0x0000000000000009
RSP=0x00000064badfba30, RBP=0x000002139ad031b0, RSI=0x000002139ad04a70, RDI=0x0000000000000004
R8 =0x000000006ee77580, R9 =0x000000006ee76490, R10=0x000002139ac90ea0, R11=0x000002139ad17a30
R12=0x000002139ad18230, R13=0x0000000000000004, R14=0x0000000000000184, R15=0x000000006fab8f20
RIP=0x000000006ee76520, EFLAGS=0x0000000000010202

Top of Stack: (sp=0x00000064badfba30)
0x00000064badfba30:   000000006ee76665 000000006ee774c5
0x00000064badfba40:   000000006ee77505 000000006ee77545
0x00000064badfba50:   000000006ee77585 000000006ee79426
0x00000064badfba60:   000000006fab8f20 000002139ad03a70
0x00000064badfba70:   000002139b6525e0 000000006f2e5ec3
0x00000064badfba80:   0000000000000000 0000000000000000
0x00000064badfba90:   0000000000000000 0000000000000000
0x00000064badfbaa0:   0000000000000000 0000000000000001
0x00000064badfbab0:   000002139b6535e0 000000006ea45d24
0x00000064badfbac0:   0000000000000000 0000000000000000
0x00000064badfbad0:   0000000000000000 0000000000000000
0x00000064badfbae0:   0000000000000000 0000000000000000
0x00000064badfbaf0:   000002139b65c4e0 000000006fab7320
0x00000064badfbb00:   00007ffc0f6851f0 000002139b650080
0x00000064badfbb10:   0000000000000001 000002139ad031b0
0x00000064badfbb20:   000002139ad03230 0000000000000000 

Instructions: (pc=0x000000006ee76520)
0x000000006ee76500:   c4 e3 5d 0c c0 55 c5 e4 5c c8 c5 e4 58 c0 c5 fc
0x000000006ee76510:   29 01 c5 fc 29 49 20 c3 0f 1f 84 00 00 00 00 00
0x000000006ee76520:   c5 fc 28 51 40 c5 fc 28 59 60 c5 ec 5c fb c5 ec
0x000000006ee76530:   58 d3 c5 c4 57 3d 26 41 84 00 c5 ec c6 df be c5 


Stack slot to memory mapping:
stack at sp + 0 slots: 0x000000006ee76665 xuggle17420028395037519863.dll
stack at sp + 1 slots: 0x000000006ee774c5 xuggle17420028395037519863.dll
stack at sp + 2 slots: 0x000000006ee77505 xuggle17420028395037519863.dll
stack at sp + 3 slots: 0x000000006ee77545 xuggle17420028395037519863.dll
stack at sp + 4 slots: 0x000000006ee77585 xuggle17420028395037519863.dll
stack at sp + 5 slots: 0x000000006ee79426 xuggle17420028395037519863.dll
stack at sp + 6 slots: 0x000000006fab8f20 xuggle17420028395037519863.dll
stack at sp + 7 slots: 0x000002139ad03a70 points into unknown readable memory: 00 00 00 00 00 00 00 80


---------------  P R O C E S S  ---------------

Threads class SMR info:
_java_thread_list=0x000002139a30e590, length=19, elements={
0x00000213eec0a000, 0x00000213ffa0b800, 0x00000213ffa19000, 0x00000213ffa2c800,
0x00000213ffa2e000, 0x00000213ffb20000, 0x00000213ffb23800, 0x00000213ffb27000,
0x00000213ffd2c800, 0x000002139392f000, 0x0000021394576000, 0x000002139431a000,
0x00000213940af000, 0x0000021394e95000, 0x0000021394cdb000, 0x0000021399f3e800,
0x0000021399d45000, 0x00000213ffc37800, 0x00000213949c2000
}

Java Threads: ( => current thread )
  0x00000213eec0a000 JavaThread "main" [_thread_blocked, id=20104, stack(0x00000064b9800000,0x00000064b9900000)]
  0x00000213ffa0b800 JavaThread "Reference Handler" daemon [_thread_blocked, id=8968, stack(0x00000064b9f00000,0x00000064ba000000)]
  0x00000213ffa19000 JavaThread "Finalizer" daemon [_thread_blocked, id=596, stack(0x00000064ba000000,0x00000064ba100000)]
  0x00000213ffa2c800 JavaThread "Signal Dispatcher" daemon [_thread_blocked, id=6172, stack(0x00000064ba100000,0x00000064ba200000)]
  0x00000213ffa2e000 JavaThread "Attach Listener" daemon [_thread_blocked, id=1388, stack(0x00000064ba200000,0x00000064ba300000)]
  0x00000213ffb20000 JavaThread "C2 CompilerThread0" daemon [_thread_in_native, id=20356, stack(0x00000064ba300000,0x00000064ba400000)]
  0x00000213ffb23800 JavaThread "C1 CompilerThread0" daemon [_thread_blocked, id=18840, stack(0x00000064ba400000,0x00000064ba500000)]
  0x00000213ffb27000 JavaThread "Sweeper thread" daemon [_thread_blocked, id=13132, stack(0x00000064ba500000,0x00000064ba600000)]
  0x00000213ffd2c800 JavaThread "Common-Cleaner" daemon [_thread_blocked, id=16796, stack(0x00000064ba600000,0x00000064ba700000)]
  0x000002139392f000 JavaThread "Service Thread" daemon [_thread_blocked, id=17296, stack(0x00000064ba900000,0x00000064baa00000)]
  0x0000021394576000 JavaThread "QuantumRenderer-0" daemon [_thread_blocked, id=3164, stack(0x00000064bab00000,0x00000064bac00000)]
  0x000002139431a000 JavaThread "InvokeLaterDispatcher" daemon [_thread_blocked, id=13256, stack(0x00000064bac00000,0x00000064bad00000)]
=>0x00000213940af000 JavaThread "JavaFX Application Thread" [_thread_in_native, id=6804, stack(0x00000064bad00000,0x00000064bae00000)]
  0x0000021394e95000 JavaThread "JavaFX-Launcher" [_thread_blocked, id=10744, stack(0x00000064bb200000,0x00000064bb300000)]
  0x0000021394cdb000 JavaThread "Thread-2" daemon [_thread_in_native, id=9420, stack(0x00000064bb100000,0x00000064bb200000)]
  0x0000021399f3e800 JavaThread "Java Sound Event Dispatcher" daemon [_thread_blocked, id=15364, stack(0x00000064bb900000,0x00000064bba00000)]
  0x0000021399d45000 JavaThread "Prism Font Disposer" daemon [_thread_blocked, id=7084, stack(0x00000064bc100000,0x00000064bc200000)]
  0x00000213ffc37800 JavaThread "Timer-0" daemon [_thread_blocked, id=20016, stack(0x00000064ba700000,0x00000064ba800000)]
  0x00000213949c2000 JavaThread "C2 CompilerThread1" daemon [_thread_blocked, id=12092, stack(0x00000064bc200000,0x00000064bc300000)]

Other Threads:
  0x00000213ffa09000 VMThread "VM Thread" [stack: 0x00000064b9e00000,0x00000064b9f00000] [id=176]
  0x00000213937cf800 WatcherThread [stack: 0x00000064baa00000,0x00000064bab00000] [id=16756]
  0x00000213eec1c000 GCTaskThread "GC Thread#0" [stack: 0x00000064b9900000,0x00000064b9a00000] [id=13364]
  0x00000213944b5000 GCTaskThread "GC Thread#1" [stack: 0x00000064bb300000,0x00000064bb400000] [id=19280]
  0x0000021394124800 GCTaskThread "GC Thread#2" [stack: 0x00000064bb400000,0x00000064bb500000] [id=5916]
  0x0000021394125000 GCTaskThread "GC Thread#3" [stack: 0x00000064bb500000,0x00000064bb600000] [id=10532]
  0x0000021394743000 GCTaskThread "GC Thread#4" [stack: 0x00000064bb600000,0x00000064bb700000] [id=4832]
  0x0000021394456000 GCTaskThread "GC Thread#5" [stack: 0x00000064bb700000,0x00000064bb800000] [id=19832]
  0x00000213eec7b000 ConcurrentGCThread "G1 Main Marker" [stack: 0x00000064b9a00000,0x00000064b9b00000] [id=11572]
  0x00000213eec7c000 ConcurrentGCThread "G1 Conc#0" [stack: 0x00000064b9b00000,0x00000064b9c00000] [id=3116]
  0x0000021394453800 ConcurrentGCThread "G1 Conc#1" [stack: 0x00000064bbd00000,0x00000064bbe00000] [id=15668]
  0x0000021394450800 ConcurrentGCThread "G1 Conc#2" [stack: 0x00000064bbe00000,0x00000064bbf00000] [id=7632]
  0x00000213ff8f1000 ConcurrentGCThread "G1 Refine#0" [stack: 0x00000064b9c00000,0x00000064b9d00000] [id=14412]
  0x00000213ff8f2000 ConcurrentGCThread "G1 Young RemSet Sampling" [stack: 0x00000064b9d00000,0x00000064b9e00000] [id=11168]

Threads with active compile tasks:
C2 CompilerThread0   6021 2266       4       java.lang.invoke.InvokerBytecodeGenerator::emitImplicitConversion (159 bytes)

VM state:not at safepoint (normal execution)

VM Mutex/Monitor currently owned by a thread: None

Heap address: 0x0000000702c00000, size: 4052 MB, Compressed Oops mode: Zero based, Oop shift amount: 3
Narrow klass base: 0x0000000800000000, Narrow klass shift: 0
Compressed class space size: 1073741824 Address: 0x0000000800000000

Heap:
 garbage-first heap   total 260096K, used 23991K [0x0000000702c00000, 0x0000000800000000)
  region size 1024K, 23 young (23552K), 7 survivors (7168K)
 Metaspace       used 25019K, capacity 25848K, committed 26032K, reserved 1071104K
  class space    used 3116K, capacity 3484K, committed 3584K, reserved 1048576K
Heap Regions: E=young(eden), S=young(survivor), O=old, HS=humongous(starts), HC=humongous(continues), CS=collection set, F=free, A=archive, TAMS=top-at-mark-start (previous, next)
|   0|0x0000000702c00000, 0x0000000702d00000, 0x0000000702d00000|100%| O|  |TAMS 0x0000000702d00000, 0x0000000702c00000| Untracked 
|   1|0x0000000702d00000, 0x0000000702dc9000, 0x0000000702e00000| 78%| O|  |TAMS 0x0000000702dc9000, 0x0000000702d00000| Untracked 
|   2|0x0000000702e00000, 0x0000000702e00000, 0x0000000702f00000|  0%| F|  |TAMS 0x0000000702e00000, 0x0000000702e00000| Untracked 
|   3|0x0000000702f00000, 0x0000000702f00000, 0x0000000703000000|  0%| F|  |TAMS 0x0000000702f00000, 0x0000000702f00000| Untracked 
|   4|0x0000000703000000, 0x0000000703000000, 0x0000000703100000|  0%| F|  |TAMS 0x0000000703000000, 0x0000000703000000| Untracked 
|   5|0x0000000703100000, 0x0000000703100000, 0x0000000703200000|  0%| F|  |TAMS 0x0000000703100000, 0x0000000703100000| Untracked 
|   6|0x0000000703200000, 0x0000000703200000, 0x0000000703300000|  0%| F|  |TAMS 0x0000000703200000, 0x0000000703200000| Untracked 
|   7|0x0000000703300000, 0x0000000703300000, 0x0000000703400000|  0%| F|  |TAMS 0x0000000703300000, 0x0000000703300000| Untracked 
|   8|0x0000000703400000, 0x0000000703400000, 0x0000000703500000|  0%| F|  |TAMS 0x0000000703400000, 0x0000000703400000| Untracked 
|   9|0x0000000703500000, 0x0000000703500000, 0x0000000703600000|  0%| F|  |TAMS 0x0000000703500000, 0x0000000703500000| Untracked 
|  10|0x0000000703600000, 0x0000000703600000, 0x0000000703700000|  0%| F|  |TAMS 0x0000000703600000, 0x0000000703600000| Untracked 
|  11|0x0000000703700000, 0x0000000703700000, 0x0000000703800000|  0%| F|  |TAMS 0x0000000703700000, 0x0000000703700000| Untracked 
|  12|0x0000000703800000, 0x0000000703800000, 0x0000000703900000|  0%| F|  |TAMS 0x0000000703800000, 0x0000000703800000| Untracked 
|  13|0x0000000703900000, 0x0000000703900000, 0x0000000703a00000|  0%| F|  |TAMS 0x0000000703900000, 0x0000000703900000| Untracked 
|  14|0x0000000703a00000, 0x0000000703a00000, 0x0000000703b00000|  0%| F|  |TAMS 0x0000000703a00000, 0x0000000703a00000| Untracked 
|  15|0x0000000703b00000, 0x0000000703b00000, 0x0000000703c00000|  0%| F|  |TAMS 0x0000000703b00000, 0x0000000703b00000| Untracked 
|  16|0x0000000703c00000, 0x0000000703c00000, 0x0000000703d00000|  0%| F|  |TAMS 0x0000000703c00000, 0x0000000703c00000| Untracked 
|  17|0x0000000703d00000, 0x0000000703d00000, 0x0000000703e00000|  0%| F|  |TAMS 0x0000000703d00000, 0x0000000703d00000| Untracked 
|  18|0x0000000703e00000, 0x0000000703e00000, 0x0000000703f00000|  0%| F|  |TAMS 0x0000000703e00000, 0x0000000703e00000| Untracked 
|  19|0x0000000703f00000, 0x0000000703f00000, 0x0000000704000000|  0%| F|  |TAMS 0x0000000703f00000, 0x0000000703f00000| Untracked 
|  20|0x0000000704000000, 0x0000000704000000, 0x0000000704100000|  0%| F|  |TAMS 0x0000000704000000, 0x0000000704000000| Untracked 
|  21|0x0000000704100000, 0x0000000704100000, 0x0000000704200000|  0%| F|  |TAMS 0x0000000704100000, 0x0000000704100000| Untracked 
|  22|0x0000000704200000, 0x0000000704200000, 0x0000000704300000|  0%| F|  |TAMS 0x0000000704200000, 0x0000000704200000| Untracked 
|  23|0x0000000704300000, 0x0000000704300000, 0x0000000704400000|  0%| F|  |TAMS 0x0000000704300000, 0x0000000704300000| Untracked 
|  24|0x0000000704400000, 0x0000000704400000, 0x0000000704500000|  0%| F|  |TAMS 0x0000000704400000, 0x0000000704400000| Untracked 
|  25|0x0000000704500000, 0x0000000704500000, 0x0000000704600000|  0%| F|  |TAMS 0x0000000704500000, 0x0000000704500000| Untracked 
|  26|0x0000000704600000, 0x0000000704600000, 0x0000000704700000|  0%| F|  |TAMS 0x0000000704600000, 0x0000000704600000| Untracked 
|  27|0x0000000704700000, 0x0000000704700000, 0x0000000704800000|  0%| F|  |TAMS 0x0000000704700000, 0x0000000704700000| Untracked 
|  28|0x0000000704800000, 0x0000000704800000, 0x0000000704900000|  0%| F|  |TAMS 0x0000000704800000, 0x0000000704800000| Untracked 
|  29|0x0000000704900000, 0x0000000704900000, 0x0000000704a00000|  0%| F|  |TAMS 0x0000000704900000, 0x0000000704900000| Untracked 
|  30|0x0000000704a00000, 0x0000000704a00000, 0x0000000704b00000|  0%| F|  |TAMS 0x0000000704a00000, 0x0000000704a00000| Untracked 
|  31|0x0000000704b00000, 0x0000000704b00000, 0x0000000704c00000|  0%| F|  |TAMS 0x0000000704b00000, 0x0000000704b00000| Untracked 
|  32|0x0000000704c00000, 0x0000000704c00000, 0x0000000704d00000|  0%| F|  |TAMS 0x0000000704c00000, 0x0000000704c00000| Untracked 
|  33|0x0000000704d00000, 0x0000000704d00000, 0x0000000704e00000|  0%| F|  |TAMS 0x0000000704d00000, 0x0000000704d00000| Untracked 
|  34|0x0000000704e00000, 0x0000000704e00000, 0x0000000704f00000|  0%| F|  |TAMS 0x0000000704e00000, 0x0000000704e00000| Untracked 
|  35|0x0000000704f00000, 0x0000000704f00000, 0x0000000705000000|  0%| F|  |TAMS 0x0000000704f00000, 0x0000000704f00000| Untracked 
|  36|0x0000000705000000, 0x0000000705000000, 0x0000000705100000|  0%| F|  |TAMS 0x0000000705000000, 0x0000000705000000| Untracked 
|  37|0x0000000705100000, 0x0000000705100000, 0x0000000705200000|  0%| F|  |TAMS 0x0000000705100000, 0x0000000705100000| Untracked 
|  38|0x0000000705200000, 0x0000000705200000, 0x0000000705300000|  0%| F|  |TAMS 0x0000000705200000, 0x0000000705200000| Untracked 
|  39|0x0000000705300000, 0x0000000705300000, 0x0000000705400000|  0%| F|  |TAMS 0x0000000705300000, 0x0000000705300000| Untracked 
|  40|0x0000000705400000, 0x0000000705400000, 0x0000000705500000|  0%| F|  |TAMS 0x0000000705400000, 0x0000000705400000| Untracked 
|  41|0x0000000705500000, 0x0000000705500000, 0x0000000705600000|  0%| F|  |TAMS 0x0000000705500000, 0x0000000705500000| Untracked 
|  42|0x0000000705600000, 0x0000000705600000, 0x0000000705700000|  0%| F|  |TAMS 0x0000000705600000, 0x0000000705600000| Untracked 
|  43|0x0000000705700000, 0x0000000705700000, 0x0000000705800000|  0%| F|  |TAMS 0x0000000705700000, 0x0000000705700000| Untracked 
|  44|0x0000000705800000, 0x0000000705800000, 0x0000000705900000|  0%| F|  |TAMS 0x0000000705800000, 0x0000000705800000| Untracked 
|  45|0x0000000705900000, 0x0000000705900000, 0x0000000705a00000|  0%| F|  |TAMS 0x0000000705900000, 0x0000000705900000| Untracked 
|  46|0x0000000705a00000, 0x0000000705a00000, 0x0000000705b00000|  0%| F|  |TAMS 0x0000000705a00000, 0x0000000705a00000| Untracked 
|  47|0x0000000705b00000, 0x0000000705b00000, 0x0000000705c00000|  0%| F|  |TAMS 0x0000000705b00000, 0x0000000705b00000| Untracked 
|  48|0x0000000705c00000, 0x0000000705c00000, 0x0000000705d00000|  0%| F|  |TAMS 0x0000000705c00000, 0x0000000705c00000| Untracked 
|  49|0x0000000705d00000, 0x0000000705d00000, 0x0000000705e00000|  0%| F|  |TAMS 0x0000000705d00000, 0x0000000705d00000| Untracked 
|  50|0x0000000705e00000, 0x0000000705e00000, 0x0000000705f00000|  0%| F|  |TAMS 0x0000000705e00000, 0x0000000705e00000| Untracked 
|  51|0x0000000705f00000, 0x0000000705f00000, 0x0000000706000000|  0%| F|  |TAMS 0x0000000705f00000, 0x0000000705f00000| Untracked 
|  52|0x0000000706000000, 0x0000000706000000, 0x0000000706100000|  0%| F|  |TAMS 0x0000000706000000, 0x0000000706000000| Untracked 
|  53|0x0000000706100000, 0x0000000706100000, 0x0000000706200000|  0%| F|  |TAMS 0x0000000706100000, 0x0000000706100000| Untracked 
|  54|0x0000000706200000, 0x0000000706200000, 0x0000000706300000|  0%| F|  |TAMS 0x0000000706200000, 0x0000000706200000| Untracked 
|  55|0x0000000706300000, 0x0000000706300000, 0x0000000706400000|  0%| F|  |TAMS 0x0000000706300000, 0x0000000706300000| Untracked 
|  56|0x0000000706400000, 0x0000000706400000, 0x0000000706500000|  0%| F|  |TAMS 0x0000000706400000, 0x0000000706400000| Untracked 
|  57|0x0000000706500000, 0x0000000706500000, 0x0000000706600000|  0%| F|  |TAMS 0x0000000706500000, 0x0000000706500000| Untracked 
|  58|0x0000000706600000, 0x0000000706600000, 0x0000000706700000|  0%| F|  |TAMS 0x0000000706600000, 0x0000000706600000| Untracked 
|  59|0x0000000706700000, 0x0000000706700000, 0x0000000706800000|  0%| F|  |TAMS 0x0000000706700000, 0x0000000706700000| Untracked 
|  60|0x0000000706800000, 0x0000000706800000, 0x0000000706900000|  0%| F|  |TAMS 0x0000000706800000, 0x0000000706800000| Untracked 
|  61|0x0000000706900000, 0x0000000706900000, 0x0000000706a00000|  0%| F|  |TAMS 0x0000000706900000, 0x0000000706900000| Untracked 
|  62|0x0000000706a00000, 0x0000000706a00000, 0x0000000706b00000|  0%| F|  |TAMS 0x0000000706a00000, 0x0000000706a00000| Untracked 
|  63|0x0000000706b00000, 0x0000000706b00000, 0x0000000706c00000|  0%| F|  |TAMS 0x0000000706b00000, 0x0000000706b00000| Untracked 
|  64|0x0000000706c00000, 0x0000000706c00000, 0x0000000706d00000|  0%| F|  |TAMS 0x0000000706c00000, 0x0000000706c00000| Untracked 
|  65|0x0000000706d00000, 0x0000000706d00000, 0x0000000706e00000|  0%| F|  |TAMS 0x0000000706d00000, 0x0000000706d00000| Untracked 
|  66|0x0000000706e00000, 0x0000000706e00000, 0x0000000706f00000|  0%| F|  |TAMS 0x0000000706e00000, 0x0000000706e00000| Untracked 
|  67|0x0000000706f00000, 0x0000000706f00000, 0x0000000707000000|  0%| F|  |TAMS 0x0000000706f00000, 0x0000000706f00000| Untracked 
|  68|0x0000000707000000, 0x0000000707000000, 0x0000000707100000|  0%| F|  |TAMS 0x0000000707000000, 0x0000000707000000| Untracked 
|  69|0x0000000707100000, 0x0000000707100000, 0x0000000707200000|  0%| F|  |TAMS 0x0000000707100000, 0x0000000707100000| Untracked 
|  70|0x0000000707200000, 0x0000000707200000, 0x0000000707300000|  0%| F|  |TAMS 0x0000000707200000, 0x0000000707200000| Untracked 
|  71|0x0000000707300000, 0x0000000707300000, 0x0000000707400000|  0%| F|  |TAMS 0x0000000707300000, 0x0000000707300000| Untracked 
|  72|0x0000000707400000, 0x0000000707400000, 0x0000000707500000|  0%| F|  |TAMS 0x0000000707400000, 0x0000000707400000| Untracked 
|  73|0x0000000707500000, 0x0000000707500000, 0x0000000707600000|  0%| F|  |TAMS 0x0000000707500000, 0x0000000707500000| Untracked 
|  74|0x0000000707600000, 0x0000000707600000, 0x0000000707700000|  0%| F|  |TAMS 0x0000000707600000, 0x0000000707600000| Untracked 
|  75|0x0000000707700000, 0x0000000707700000, 0x0000000707800000|  0%| F|  |TAMS 0x0000000707700000, 0x0000000707700000| Untracked 
|  76|0x0000000707800000, 0x0000000707800000, 0x0000000707900000|  0%| F|  |TAMS 0x0000000707800000, 0x0000000707800000| Untracked 
|  77|0x0000000707900000, 0x0000000707900000, 0x0000000707a00000|  0%| F|  |TAMS 0x0000000707900000, 0x0000000707900000| Untracked 
|  78|0x0000000707a00000, 0x0000000707a00000, 0x0000000707b00000|  0%| F|  |TAMS 0x0000000707a00000, 0x0000000707a00000| Untracked 
|  79|0x0000000707b00000, 0x0000000707b00000, 0x0000000707c00000|  0%| F|  |TAMS 0x0000000707b00000, 0x0000000707b00000| Untracked 
|  80|0x0000000707c00000, 0x0000000707c00000, 0x0000000707d00000|  0%| F|  |TAMS 0x0000000707c00000, 0x0000000707c00000| Untracked 
|  81|0x0000000707d00000, 0x0000000707d00000, 0x0000000707e00000|  0%| F|  |TAMS 0x0000000707d00000, 0x0000000707d00000| Untracked 
|  82|0x0000000707e00000, 0x0000000707e00000, 0x0000000707f00000|  0%| F|  |TAMS 0x0000000707e00000, 0x0000000707e00000| Untracked 
|  83|0x0000000707f00000, 0x0000000707f00000, 0x0000000708000000|  0%| F|  |TAMS 0x0000000707f00000, 0x0000000707f00000| Untracked 
|  84|0x0000000708000000, 0x0000000708000000, 0x0000000708100000|  0%| F|  |TAMS 0x0000000708000000, 0x0000000708000000| Untracked 
|  85|0x0000000708100000, 0x0000000708100000, 0x0000000708200000|  0%| F|  |TAMS 0x0000000708100000, 0x0000000708100000| Untracked 
|  86|0x0000000708200000, 0x0000000708200000, 0x0000000708300000|  0%| F|  |TAMS 0x0000000708200000, 0x0000000708200000| Untracked 
|  87|0x0000000708300000, 0x0000000708300000, 0x0000000708400000|  0%| F|  |TAMS 0x0000000708300000, 0x0000000708300000| Untracked 
|  88|0x0000000708400000, 0x0000000708400000, 0x0000000708500000|  0%| F|  |TAMS 0x0000000708400000, 0x0000000708400000| Untracked 
|  89|0x0000000708500000, 0x0000000708500000, 0x0000000708600000|  0%| F|  |TAMS 0x0000000708500000, 0x0000000708500000| Untracked 
|  90|0x0000000708600000, 0x0000000708600000, 0x0000000708700000|  0%| F|  |TAMS 0x0000000708600000, 0x0000000708600000| Untracked 
|  91|0x0000000708700000, 0x0000000708700000, 0x0000000708800000|  0%| F|  |TAMS 0x0000000708700000, 0x0000000708700000| Untracked 
|  92|0x0000000708800000, 0x0000000708800000, 0x0000000708900000|  0%| F|  |TAMS 0x0000000708800000, 0x0000000708800000| Untracked 
|  93|0x0000000708900000, 0x0000000708900000, 0x0000000708a00000|  0%| F|  |TAMS 0x0000000708900000, 0x0000000708900000| Untracked 
|  94|0x0000000708a00000, 0x0000000708a00000, 0x0000000708b00000|  0%| F|  |TAMS 0x0000000708a00000, 0x0000000708a00000| Untracked 
|  95|0x0000000708b00000, 0x0000000708b00000, 0x0000000708c00000|  0%| F|  |TAMS 0x0000000708b00000, 0x0000000708b00000| Untracked 
|  96|0x0000000708c00000, 0x0000000708c00000, 0x0000000708d00000|  0%| F|  |TAMS 0x0000000708c00000, 0x0000000708c00000| Untracked 
|  97|0x0000000708d00000, 0x0000000708d00000, 0x0000000708e00000|  0%| F|  |TAMS 0x0000000708d00000, 0x0000000708d00000| Untracked 
|  98|0x0000000708e00000, 0x0000000708e00000, 0x0000000708f00000|  0%| F|  |TAMS 0x0000000708e00000, 0x0000000708e00000| Untracked 
|  99|0x0000000708f00000, 0x0000000708f00000, 0x0000000709000000|  0%| F|  |TAMS 0x0000000708f00000, 0x0000000708f00000| Untracked 
| 100|0x0000000709000000, 0x0000000709000000, 0x0000000709100000|  0%| F|  |TAMS 0x0000000709000000, 0x0000000709000000| Untracked 
| 101|0x0000000709100000, 0x0000000709100000, 0x0000000709200000|  0%| F|  |TAMS 0x0000000709100000, 0x0000000709100000| Untracked 
| 102|0x0000000709200000, 0x0000000709200000, 0x0000000709300000|  0%| F|  |TAMS 0x0000000709200000, 0x0000000709200000| Untracked 
| 103|0x0000000709300000, 0x0000000709300000, 0x0000000709400000|  0%| F|  |TAMS 0x0000000709300000, 0x0000000709300000| Untracked 
| 104|0x0000000709400000, 0x0000000709400000, 0x0000000709500000|  0%| F|  |TAMS 0x0000000709400000, 0x0000000709400000| Untracked 
| 105|0x0000000709500000, 0x0000000709500000, 0x0000000709600000|  0%| F|  |TAMS 0x0000000709500000, 0x0000000709500000| Untracked 
| 106|0x0000000709600000, 0x0000000709600000, 0x0000000709700000|  0%| F|  |TAMS 0x0000000709600000, 0x0000000709600000| Untracked 
| 107|0x0000000709700000, 0x0000000709700000, 0x0000000709800000|  0%| F|  |TAMS 0x0000000709700000, 0x0000000709700000| Untracked 
| 108|0x0000000709800000, 0x0000000709800000, 0x0000000709900000|  0%| F|  |TAMS 0x0000000709800000, 0x0000000709800000| Untracked 
| 109|0x0000000709900000, 0x0000000709900000, 0x0000000709a00000|  0%| F|  |TAMS 0x0000000709900000, 0x0000000709900000| Untracked 
| 110|0x0000000709a00000, 0x0000000709a00000, 0x0000000709b00000|  0%| F|  |TAMS 0x0000000709a00000, 0x0000000709a00000| Untracked 
| 111|0x0000000709b00000, 0x0000000709b00000, 0x0000000709c00000|  0%| F|  |TAMS 0x0000000709b00000, 0x0000000709b00000| Untracked 
| 112|0x0000000709c00000, 0x0000000709c00000, 0x0000000709d00000|  0%| F|  |TAMS 0x0000000709c00000, 0x0000000709c00000| Untracked 
| 113|0x0000000709d00000, 0x0000000709d00000, 0x0000000709e00000|  0%| F|  |TAMS 0x0000000709d00000, 0x0000000709d00000| Untracked 
| 114|0x0000000709e00000, 0x0000000709e00000, 0x0000000709f00000|  0%| F|  |TAMS 0x0000000709e00000, 0x0000000709e00000| Untracked 
| 115|0x0000000709f00000, 0x0000000709f00000, 0x000000070a000000|  0%| F|  |TAMS 0x0000000709f00000, 0x0000000709f00000| Untracked 
| 116|0x000000070a000000, 0x000000070a000000, 0x000000070a100000|  0%| F|  |TAMS 0x000000070a000000, 0x000000070a000000| Untracked 
| 117|0x000000070a100000, 0x000000070a100000, 0x000000070a200000|  0%| F|  |TAMS 0x000000070a100000, 0x000000070a100000| Untracked 
| 118|0x000000070a200000, 0x000000070a200000, 0x000000070a300000|  0%| F|  |TAMS 0x000000070a200000, 0x000000070a200000| Untracked 
| 119|0x000000070a300000, 0x000000070a300000, 0x000000070a400000|  0%| F|  |TAMS 0x000000070a300000, 0x000000070a300000| Untracked 
| 120|0x000000070a400000, 0x000000070a400000, 0x000000070a500000|  0%| F|  |TAMS 0x000000070a400000, 0x000000070a400000| Untracked 
| 121|0x000000070a500000, 0x000000070a500000, 0x000000070a600000|  0%| F|  |TAMS 0x000000070a500000, 0x000000070a500000| Untracked 
| 122|0x000000070a600000, 0x000000070a600000, 0x000000070a700000|  0%| F|  |TAMS 0x000000070a600000, 0x000000070a600000| Untracked 
| 123|0x000000070a700000, 0x000000070a700000, 0x000000070a800000|  0%| F|  |TAMS 0x000000070a700000, 0x000000070a700000| Untracked 
| 124|0x000000070a800000, 0x000000070a800000, 0x000000070a900000|  0%| F|  |TAMS 0x000000070a800000, 0x000000070a800000| Untracked 
| 125|0x000000070a900000, 0x000000070a900000, 0x000000070aa00000|  0%| F|  |TAMS 0x000000070a900000, 0x000000070a900000| Untracked 
| 126|0x000000070aa00000, 0x000000070aa00000, 0x000000070ab00000|  0%| F|  |TAMS 0x000000070aa00000, 0x000000070aa00000| Untracked 
| 127|0x000000070ab00000, 0x000000070ab00000, 0x000000070ac00000|  0%| F|  |TAMS 0x000000070ab00000, 0x000000070ab00000| Untracked 
| 128|0x000000070ac00000, 0x000000070ac00000, 0x000000070ad00000|  0%| F|  |TAMS 0x000000070ac00000, 0x000000070ac00000| Untracked 
| 129|0x000000070ad00000, 0x000000070ad00000, 0x000000070ae00000|  0%| F|  |TAMS 0x000000070ad00000, 0x000000070ad00000| Untracked 
| 130|0x000000070ae00000, 0x000000070ae00000, 0x000000070af00000|  0%| F|  |TAMS 0x000000070ae00000, 0x000000070ae00000| Untracked 
| 131|0x000000070af00000, 0x000000070af00000, 0x000000070b000000|  0%| F|  |TAMS 0x000000070af00000, 0x000000070af00000| Untracked 
| 132|0x000000070b000000, 0x000000070b000000, 0x000000070b100000|  0%| F|  |TAMS 0x000000070b000000, 0x000000070b000000| Untracked 
| 133|0x000000070b100000, 0x000000070b100000, 0x000000070b200000|  0%| F|  |TAMS 0x000000070b100000, 0x000000070b100000| Untracked 
| 134|0x000000070b200000, 0x000000070b200000, 0x000000070b300000|  0%| F|  |TAMS 0x000000070b200000, 0x000000070b200000| Untracked 
| 135|0x000000070b300000, 0x000000070b300000, 0x000000070b400000|  0%| F|  |TAMS 0x000000070b300000, 0x000000070b300000| Untracked 
| 136|0x000000070b400000, 0x000000070b400000, 0x000000070b500000|  0%| F|  |TAMS 0x000000070b400000, 0x000000070b400000| Untracked 
| 137|0x000000070b500000, 0x000000070b500000, 0x000000070b600000|  0%| F|  |TAMS 0x000000070b500000, 0x000000070b500000| Untracked 
| 138|0x000000070b600000, 0x000000070b600000, 0x000000070b700000|  0%| F|  |TAMS 0x000000070b600000, 0x000000070b600000| Untracked 
| 139|0x000000070b700000, 0x000000070b700000, 0x000000070b800000|  0%| F|  |TAMS 0x000000070b700000, 0x000000070b700000| Untracked 
| 140|0x000000070b800000, 0x000000070b800000, 0x000000070b900000|  0%| F|  |TAMS 0x000000070b800000, 0x000000070b800000| Untracked 
| 141|0x000000070b900000, 0x000000070b900000, 0x000000070ba00000|  0%| F|  |TAMS 0x000000070b900000, 0x000000070b900000| Untracked 
| 142|0x000000070ba00000, 0x000000070ba00000, 0x000000070bb00000|  0%| F|  |TAMS 0x000000070ba00000, 0x000000070ba00000| Untracked 
| 143|0x000000070bb00000, 0x000000070bb00000, 0x000000070bc00000|  0%| F|  |TAMS 0x000000070bb00000, 0x000000070bb00000| Untracked 
| 144|0x000000070bc00000, 0x000000070bc00000, 0x000000070bd00000|  0%| F|  |TAMS 0x000000070bc00000, 0x000000070bc00000| Untracked 
| 145|0x000000070bd00000, 0x000000070bd00000, 0x000000070be00000|  0%| F|  |TAMS 0x000000070bd00000, 0x000000070bd00000| Untracked 
| 146|0x000000070be00000, 0x000000070be00000, 0x000000070bf00000|  0%| F|  |TAMS 0x000000070be00000, 0x000000070be00000| Untracked 
| 147|0x000000070bf00000, 0x000000070bf00000, 0x000000070c000000|  0%| F|  |TAMS 0x000000070bf00000, 0x000000070bf00000| Untracked 
| 148|0x000000070c000000, 0x000000070c000000, 0x000000070c100000|  0%| F|  |TAMS 0x000000070c000000, 0x000000070c000000| Untracked 
| 149|0x000000070c100000, 0x000000070c100000, 0x000000070c200000|  0%| F|  |TAMS 0x000000070c100000, 0x000000070c100000| Untracked 
| 150|0x000000070c200000, 0x000000070c200000, 0x000000070c300000|  0%| F|  |TAMS 0x000000070c200000, 0x000000070c200000| Untracked 
| 151|0x000000070c300000, 0x000000070c300000, 0x000000070c400000|  0%| F|  |TAMS 0x000000070c300000, 0x000000070c300000| Untracked 
| 152|0x000000070c400000, 0x000000070c400000, 0x000000070c500000|  0%| F|  |TAMS 0x000000070c400000, 0x000000070c400000| Untracked 
| 153|0x000000070c500000, 0x000000070c500000, 0x000000070c600000|  0%| F|  |TAMS 0x000000070c500000, 0x000000070c500000| Untracked 
| 154|0x000000070c600000, 0x000000070c600000, 0x000000070c700000|  0%| F|  |TAMS 0x000000070c600000, 0x000000070c600000| Untracked 
| 155|0x000000070c700000, 0x000000070c700000, 0x000000070c800000|  0%| F|  |TAMS 0x000000070c700000, 0x000000070c700000| Untracked 
| 156|0x000000070c800000, 0x000000070c800000, 0x000000070c900000|  0%| F|  |TAMS 0x000000070c800000, 0x000000070c800000| Untracked 
| 157|0x000000070c900000, 0x000000070c900000, 0x000000070ca00000|  0%| F|  |TAMS 0x000000070c900000, 0x000000070c900000| Untracked 
| 158|0x000000070ca00000, 0x000000070ca00000, 0x000000070cb00000|  0%| F|  |TAMS 0x000000070ca00000, 0x000000070ca00000| Untracked 
| 159|0x000000070cb00000, 0x000000070cb00000, 0x000000070cc00000|  0%| F|  |TAMS 0x000000070cb00000, 0x000000070cb00000| Untracked 
| 160|0x000000070cc00000, 0x000000070cc00000, 0x000000070cd00000|  0%| F|  |TAMS 0x000000070cc00000, 0x000000070cc00000| Untracked 
| 161|0x000000070cd00000, 0x000000070cd00000, 0x000000070ce00000|  0%| F|  |TAMS 0x000000070cd00000, 0x000000070cd00000| Untracked 
| 162|0x000000070ce00000, 0x000000070ce00000, 0x000000070cf00000|  0%| F|  |TAMS 0x000000070ce00000, 0x000000070ce00000| Untracked 
| 163|0x000000070cf00000, 0x000000070cf00000, 0x000000070d000000|  0%| F|  |TAMS 0x000000070cf00000, 0x000000070cf00000| Untracked 
| 164|0x000000070d000000, 0x000000070d000000, 0x000000070d100000|  0%| F|  |TAMS 0x000000070d000000, 0x000000070d000000| Untracked 
| 165|0x000000070d100000, 0x000000070d100000, 0x000000070d200000|  0%| F|  |TAMS 0x000000070d100000, 0x000000070d100000| Untracked 
| 166|0x000000070d200000, 0x000000070d200000, 0x000000070d300000|  0%| F|  |TAMS 0x000000070d200000, 0x000000070d200000| Untracked 
| 167|0x000000070d300000, 0x000000070d300000, 0x000000070d400000|  0%| F|  |TAMS 0x000000070d300000, 0x000000070d300000| Untracked 
| 168|0x000000070d400000, 0x000000070d400000, 0x000000070d500000|  0%| F|  |TAMS 0x000000070d400000, 0x000000070d400000| Untracked 
| 169|0x000000070d500000, 0x000000070d500000, 0x000000070d600000|  0%| F|  |TAMS 0x000000070d500000, 0x000000070d500000| Untracked 
| 170|0x000000070d600000, 0x000000070d600000, 0x000000070d700000|  0%| F|  |TAMS 0x000000070d600000, 0x000000070d600000| Untracked 
| 171|0x000000070d700000, 0x000000070d700000, 0x000000070d800000|  0%| F|  |TAMS 0x000000070d700000, 0x000000070d700000| Untracked 
| 172|0x000000070d800000, 0x000000070d800000, 0x000000070d900000|  0%| F|  |TAMS 0x000000070d800000, 0x000000070d800000| Untracked 
| 173|0x000000070d900000, 0x000000070d900000, 0x000000070da00000|  0%| F|  |TAMS 0x000000070d900000, 0x000000070d900000| Untracked 
| 174|0x000000070da00000, 0x000000070da00000, 0x000000070db00000|  0%| F|  |TAMS 0x000000070da00000, 0x000000070da00000| Untracked 
| 175|0x000000070db00000, 0x000000070db00000, 0x000000070dc00000|  0%| F|  |TAMS 0x000000070db00000, 0x000000070db00000| Untracked 
| 176|0x000000070dc00000, 0x000000070dc00000, 0x000000070dd00000|  0%| F|  |TAMS 0x000000070dc00000, 0x000000070dc00000| Untracked 
| 177|0x000000070dd00000, 0x000000070dd00000, 0x000000070de00000|  0%| F|  |TAMS 0x000000070dd00000, 0x000000070dd00000| Untracked 
| 178|0x000000070de00000, 0x000000070de00000, 0x000000070df00000|  0%| F|  |TAMS 0x000000070de00000, 0x000000070de00000| Untracked 
| 179|0x000000070df00000, 0x000000070df00000, 0x000000070e000000|  0%| F|  |TAMS 0x000000070df00000, 0x000000070df00000| Untracked 
| 180|0x000000070e000000, 0x000000070e000000, 0x000000070e100000|  0%| F|  |TAMS 0x000000070e000000, 0x000000070e000000| Untracked 
| 181|0x000000070e100000, 0x000000070e100000, 0x000000070e200000|  0%| F|  |TAMS 0x000000070e100000, 0x000000070e100000| Untracked 
| 182|0x000000070e200000, 0x000000070e200000, 0x000000070e300000|  0%| F|  |TAMS 0x000000070e200000, 0x000000070e200000| Untracked 
| 183|0x000000070e300000, 0x000000070e300000, 0x000000070e400000|  0%| F|  |TAMS 0x000000070e300000, 0x000000070e300000| Untracked 
| 184|0x000000070e400000, 0x000000070e400000, 0x000000070e500000|  0%| F|  |TAMS 0x000000070e400000, 0x000000070e400000| Untracked 
| 185|0x000000070e500000, 0x000000070e500000, 0x000000070e600000|  0%| F|  |TAMS 0x000000070e500000, 0x000000070e500000| Untracked 
| 186|0x000000070e600000, 0x000000070e600000, 0x000000070e700000|  0%| F|  |TAMS 0x000000070e600000, 0x000000070e600000| Untracked 
| 187|0x000000070e700000, 0x000000070e700000, 0x000000070e800000|  0%| F|  |TAMS 0x000000070e700000, 0x000000070e700000| Untracked 
| 188|0x000000070e800000, 0x000000070e800000, 0x000000070e900000|  0%| F|  |TAMS 0x000000070e800000, 0x000000070e800000| Untracked 
| 189|0x000000070e900000, 0x000000070e900000, 0x000000070ea00000|  0%| F|  |TAMS 0x000000070e900000, 0x000000070e900000| Untracked 
| 190|0x000000070ea00000, 0x000000070ea00000, 0x000000070eb00000|  0%| F|  |TAMS 0x000000070ea00000, 0x000000070ea00000| Untracked 
| 191|0x000000070eb00000, 0x000000070eb00000, 0x000000070ec00000|  0%| F|  |TAMS 0x000000070eb00000, 0x000000070eb00000| Untracked 
| 192|0x000000070ec00000, 0x000000070ec00000, 0x000000070ed00000|  0%| F|  |TAMS 0x000000070ec00000, 0x000000070ec00000| Untracked 
| 193|0x000000070ed00000, 0x000000070ed00000, 0x000000070ee00000|  0%| F|  |TAMS 0x000000070ed00000, 0x000000070ed00000| Untracked 
| 194|0x000000070ee00000, 0x000000070ee00000, 0x000000070ef00000|  0%| F|  |TAMS 0x000000070ee00000, 0x000000070ee00000| Untracked 
| 195|0x000000070ef00000, 0x000000070ef00000, 0x000000070f000000|  0%| F|  |TAMS 0x000000070ef00000, 0x000000070ef00000| Untracked 
| 196|0x000000070f000000, 0x000000070f000000, 0x000000070f100000|  0%| F|  |TAMS 0x000000070f000000, 0x000000070f000000| Untracked 
| 197|0x000000070f100000, 0x000000070f100000, 0x000000070f200000|  0%| F|  |TAMS 0x000000070f100000, 0x000000070f100000| Untracked 
| 198|0x000000070f200000, 0x000000070f200000, 0x000000070f300000|  0%| F|  |TAMS 0x000000070f200000, 0x000000070f200000| Untracked 
| 199|0x000000070f300000, 0x000000070f300000, 0x000000070f400000|  0%| F|  |TAMS 0x000000070f300000, 0x000000070f300000| Untracked 
| 200|0x000000070f400000, 0x000000070f400000, 0x000000070f500000|  0%| F|  |TAMS 0x000000070f400000, 0x000000070f400000| Untracked 
| 201|0x000000070f500000, 0x000000070f500000, 0x000000070f600000|  0%| F|  |TAMS 0x000000070f500000, 0x000000070f500000| Untracked 
| 202|0x000000070f600000, 0x000000070f600000, 0x000000070f700000|  0%| F|  |TAMS 0x000000070f600000, 0x000000070f600000| Untracked 
| 203|0x000000070f700000, 0x000000070f700000, 0x000000070f800000|  0%| F|  |TAMS 0x000000070f700000, 0x000000070f700000| Untracked 
| 204|0x000000070f800000, 0x000000070f800000, 0x000000070f900000|  0%| F|  |TAMS 0x000000070f800000, 0x000000070f800000| Untracked 
| 205|0x000000070f900000, 0x000000070f900000, 0x000000070fa00000|  0%| F|  |TAMS 0x000000070f900000, 0x000000070f900000| Untracked 
| 206|0x000000070fa00000, 0x000000070fa00000, 0x000000070fb00000|  0%| F|  |TAMS 0x000000070fa00000, 0x000000070fa00000| Untracked 
| 207|0x000000070fb00000, 0x000000070fb00000, 0x000000070fc00000|  0%| F|  |TAMS 0x000000070fb00000, 0x000000070fb00000| Untracked 
| 208|0x000000070fc00000, 0x000000070fc00000, 0x000000070fd00000|  0%| F|  |TAMS 0x000000070fc00000, 0x000000070fc00000| Untracked 
| 209|0x000000070fd00000, 0x000000070fd00000, 0x000000070fe00000|  0%| F|  |TAMS 0x000000070fd00000, 0x000000070fd00000| Untracked 
| 210|0x000000070fe00000, 0x000000070fe00000, 0x000000070ff00000|  0%| F|  |TAMS 0x000000070fe00000, 0x000000070fe00000| Untracked 
| 211|0x000000070ff00000, 0x000000070ff00000, 0x0000000710000000|  0%| F|  |TAMS 0x000000070ff00000, 0x000000070ff00000| Untracked 
| 212|0x0000000710000000, 0x0000000710000000, 0x0000000710100000|  0%| F|  |TAMS 0x0000000710000000, 0x0000000710000000| Untracked 
| 213|0x0000000710100000, 0x0000000710100000, 0x0000000710200000|  0%| F|  |TAMS 0x0000000710100000, 0x0000000710100000| Untracked 
| 214|0x0000000710200000, 0x0000000710200000, 0x0000000710300000|  0%| F|  |TAMS 0x0000000710200000, 0x0000000710200000| Untracked 
| 215|0x0000000710300000, 0x0000000710300000, 0x0000000710400000|  0%| F|  |TAMS 0x0000000710300000, 0x0000000710300000| Untracked 
| 216|0x0000000710400000, 0x00000007104a4e80, 0x0000000710500000| 64%| S|CS|TAMS 0x0000000710400000, 0x0000000710400000| Complete 
| 217|0x0000000710500000, 0x0000000710600000, 0x0000000710600000|100%| S|CS|TAMS 0x0000000710500000, 0x0000000710500000| Complete 
| 218|0x0000000710600000, 0x0000000710700000, 0x0000000710700000|100%| S|CS|TAMS 0x0000000710600000, 0x0000000710600000| Complete 
| 219|0x0000000710700000, 0x0000000710800000, 0x0000000710800000|100%| S|CS|TAMS 0x0000000710700000, 0x0000000710700000| Complete 
| 220|0x0000000710800000, 0x0000000710900000, 0x0000000710900000|100%| S|CS|TAMS 0x0000000710800000, 0x0000000710800000| Complete 
| 221|0x0000000710900000, 0x0000000710a00000, 0x0000000710a00000|100%| S|CS|TAMS 0x0000000710900000, 0x0000000710900000| Complete 
| 222|0x0000000710a00000, 0x0000000710b00000, 0x0000000710b00000|100%| S|CS|TAMS 0x0000000710a00000, 0x0000000710a00000| Complete 
| 223|0x0000000710b00000, 0x0000000710b00000, 0x0000000710c00000|  0%| F|  |TAMS 0x0000000710b00000, 0x0000000710b00000| Untracked 
| 224|0x0000000710c00000, 0x0000000710c00000, 0x0000000710d00000|  0%| F|  |TAMS 0x0000000710c00000, 0x0000000710c00000| Untracked 
| 225|0x0000000710d00000, 0x0000000710d00000, 0x0000000710e00000|  0%| F|  |TAMS 0x0000000710d00000, 0x0000000710d00000| Untracked 
| 226|0x0000000710e00000, 0x0000000710e00000, 0x0000000710f00000|  0%| F|  |TAMS 0x0000000710e00000, 0x0000000710e00000| Untracked 
| 227|0x0000000710f00000, 0x0000000710f00000, 0x0000000711000000|  0%| F|  |TAMS 0x0000000710f00000, 0x0000000710f00000| Untracked 
| 228|0x0000000711000000, 0x0000000711000000, 0x0000000711100000|  0%| F|  |TAMS 0x0000000711000000, 0x0000000711000000| Untracked 
| 229|0x0000000711100000, 0x0000000711100000, 0x0000000711200000|  0%| F|  |TAMS 0x0000000711100000, 0x0000000711100000| Untracked 
| 230|0x0000000711200000, 0x0000000711200000, 0x0000000711300000|  0%| F|  |TAMS 0x0000000711200000, 0x0000000711200000| Untracked 
| 231|0x0000000711300000, 0x0000000711300000, 0x0000000711400000|  0%| F|  |TAMS 0x0000000711300000, 0x0000000711300000| Untracked 
| 232|0x0000000711400000, 0x0000000711400000, 0x0000000711500000|  0%| F|  |TAMS 0x0000000711400000, 0x0000000711400000| Untracked 
| 233|0x0000000711500000, 0x0000000711500000, 0x0000000711600000|  0%| F|  |TAMS 0x0000000711500000, 0x0000000711500000| Untracked 
| 234|0x0000000711600000, 0x0000000711600000, 0x0000000711700000|  0%| F|  |TAMS 0x0000000711600000, 0x0000000711600000| Untracked 
| 235|0x0000000711700000, 0x0000000711700000, 0x0000000711800000|  0%| F|  |TAMS 0x0000000711700000, 0x0000000711700000| Untracked 
| 236|0x0000000711800000, 0x0000000711800000, 0x0000000711900000|  0%| F|  |TAMS 0x0000000711800000, 0x0000000711800000| Untracked 
| 237|0x0000000711900000, 0x0000000711900000, 0x0000000711a00000|  0%| F|  |TAMS 0x0000000711900000, 0x0000000711900000| Untracked 
| 238|0x0000000711a00000, 0x0000000711aaf678, 0x0000000711b00000| 68%| E|  |TAMS 0x0000000711a00000, 0x0000000711a00000| Complete 
| 239|0x0000000711b00000, 0x0000000711c00000, 0x0000000711c00000|100%| E|CS|TAMS 0x0000000711b00000, 0x0000000711b00000| Complete 
| 240|0x0000000711c00000, 0x0000000711d00000, 0x0000000711d00000|100%| E|CS|TAMS 0x0000000711c00000, 0x0000000711c00000| Complete 
| 241|0x0000000711d00000, 0x0000000711e00000, 0x0000000711e00000|100%| E|CS|TAMS 0x0000000711d00000, 0x0000000711d00000| Complete 
| 242|0x0000000711e00000, 0x0000000711f00000, 0x0000000711f00000|100%| E|CS|TAMS 0x0000000711e00000, 0x0000000711e00000| Complete 
| 243|0x0000000711f00000, 0x0000000712000000, 0x0000000712000000|100%| E|CS|TAMS 0x0000000711f00000, 0x0000000711f00000| Complete 
| 244|0x0000000712000000, 0x0000000712100000, 0x0000000712100000|100%| E|CS|TAMS 0x0000000712000000, 0x0000000712000000| Complete 
| 245|0x0000000712100000, 0x0000000712200000, 0x0000000712200000|100%| E|CS|TAMS 0x0000000712100000, 0x0000000712100000| Complete 
| 246|0x0000000712200000, 0x0000000712300000, 0x0000000712300000|100%| E|CS|TAMS 0x0000000712200000, 0x0000000712200000| Complete 
| 247|0x0000000712300000, 0x0000000712400000, 0x0000000712400000|100%| E|CS|TAMS 0x0000000712300000, 0x0000000712300000| Complete 
| 248|0x0000000712400000, 0x0000000712500000, 0x0000000712500000|100%| E|CS|TAMS 0x0000000712400000, 0x0000000712400000| Complete 
| 249|0x0000000712500000, 0x0000000712600000, 0x0000000712600000|100%| E|CS|TAMS 0x0000000712500000, 0x0000000712500000| Complete 
| 250|0x0000000712600000, 0x0000000712700000, 0x0000000712700000|100%| E|CS|TAMS 0x0000000712600000, 0x0000000712600000| Complete 
| 251|0x0000000712700000, 0x0000000712800000, 0x0000000712800000|100%| E|CS|TAMS 0x0000000712700000, 0x0000000712700000| Complete 
| 252|0x0000000712800000, 0x0000000712900000, 0x0000000712900000|100%| E|CS|TAMS 0x0000000712800000, 0x0000000712800000| Complete 
| 253|0x0000000712900000, 0x0000000712a00000, 0x0000000712a00000|100%| E|CS|TAMS 0x0000000712900000, 0x0000000712900000| Complete 

Card table byte_map: [0x00000213f7d50000,0x00000213f8540000] _byte_map_base: 0x00000213f453a000

Marking Bits (Prev, Next): (CMBitMap*) 0x00000213eec6ac50, (CMBitMap*) 0x00000213eec6ac18
 Prev Bits: [0x000002138f000000, 0x0000021392f50000)
 Next Bits: [0x00000213f8d30000, 0x00000213fcc80000)

Polling page: 0x00000213ec8e0000

Metaspace:

Usage:
  Non-class:     21.84 MB capacity,    21.39 MB ( 98%) used,   364.97 KB (  2%) free+waste,    96.50 KB ( <1%) overhead. 
      Class:      3.40 MB capacity,     3.04 MB ( 89%) used,   317.69 KB (  9%) free+waste,    49.81 KB (  1%) overhead. 
       Both:     25.24 MB capacity,    24.43 MB ( 97%) used,   682.66 KB (  3%) free+waste,   146.31 KB ( <1%) overhead. 

Virtual space:
  Non-class space:       22.00 MB reserved,      21.92 MB (>99%) committed 
      Class space:        1.00 GB reserved,       3.50 MB ( <1%) committed 
             Both:        1.02 GB reserved,      25.42 MB (  2%) committed 

Chunk freelists:
   Non-Class:  2.50 KB
       Class:  512 bytes
        Both:  3.00 KB

CodeHeap 'non-profiled nmethods': size=120000Kb used=1016Kb max_used=1016Kb free=118983Kb
 bounds [0x0000021387ad0000, 0x0000021387d40000, 0x000002138f000000]
CodeHeap 'profiled nmethods': size=120000Kb used=4353Kb max_used=4353Kb free=115646Kb
 bounds [0x00000213805a0000, 0x00000213809f0000, 0x0000021387ad0000]
CodeHeap 'non-nmethods': size=5760Kb used=1362Kb max_used=1414Kb free=4397Kb
 bounds [0x0000021380000000, 0x0000021380270000, 0x00000213805a0000]
 total_blobs=3135 nmethods=2340 adapters=706
 compilation: enabled
              stopped_count=0, restarted_count=0
 full_count=0

Compilation events (10 events):
Event: 5.927 Thread 0x00000213ffb23800 2322       1       sun.util.locale.LanguageTag::getRegion (5 bytes)
Event: 5.927 Thread 0x00000213ffb23800 nmethod 2322 0x0000021387bcaf90 code [0x0000021387bcb120, 0x0000021387bcb238]
Event: 5.927 Thread 0x00000213ffb23800 2323       1       sun.util.locale.LanguageTag::getPrivateuse (5 bytes)
Event: 5.927 Thread 0x00000213ffb23800 nmethod 2323 0x0000021387bcb290 code [0x0000021387bcb420, 0x0000021387bcb538]
Event: 5.927 Thread 0x00000213ffb23800 2341       3       sun.util.locale.BaseLocale$Cache::normalizeKey (9 bytes)
Event: 5.927 Thread 0x00000213ffb23800 nmethod 2341 0x00000213809def10 code [0x00000213809df0c0, 0x00000213809df3b0]
Event: 5.927 Thread 0x00000213ffb23800 2342       3       sun.util.locale.BaseLocale$Cache::normalizeKey (5 bytes)
Event: 5.927 Thread 0x00000213ffb23800 nmethod 2342 0x00000213809df490 code [0x00000213809df640, 0x00000213809df7d0]
Event: 5.927 Thread 0x00000213ffb23800 2343       3       java.lang.Class::newReflectionData (66 bytes)
Event: 5.928 Thread 0x00000213ffb23800 nmethod 2343 0x00000213809df890 code [0x00000213809dfac0, 0x00000213809e04d0]

GC Heap History (4 events):
Event: 0.479 GC heap before
{Heap before GC invocations=0 (full 0):
 garbage-first heap   total 260096K, used 23552K [0x0000000702c00000, 0x0000000800000000)
  region size 1024K, 24 young (24576K), 0 survivors (0K)
 Metaspace       used 11873K, capacity 12258K, committed 12416K, reserved 1060864K
  class space    used 1243K, capacity 1396K, committed 1408K, reserved 1048576K
}
Event: 0.482 GC heap after
{Heap after GC invocations=1 (full 0):
 garbage-first heap   total 260096K, used 4900K [0x0000000702c00000, 0x0000000800000000)
  region size 1024K, 3 young (3072K), 3 survivors (3072K)
 Metaspace       used 11873K, capacity 12258K, committed 12416K, reserved 1060864K
  class space    used 1243K, capacity 1396K, committed 1408K, reserved 1048576K
}
Event: 1.195 GC heap before
{Heap before GC invocations=1 (full 0):
 garbage-first heap   total 260096K, used 32548K [0x0000000702c00000, 0x0000000800000000)
  region size 1024K, 31 young (31744K), 3 survivors (3072K)
 Metaspace       used 20731K, capacity 21271K, committed 21296K, reserved 1069056K
  class space    used 2430K, capacity 2688K, committed 2688K, reserved 1048576K
}
Event: 1.199 GC heap after
{Heap after GC invocations=2 (full 0):
 garbage-first heap   total 260096K, used 8631K [0x0000000702c00000, 0x0000000800000000)
  region size 1024K, 7 young (7168K), 7 survivors (7168K)
 Metaspace       used 20731K, capacity 21271K, committed 21296K, reserved 1069056K
  class space    used 2430K, capacity 2688K, committed 2688K, reserved 1048576K
}

Deoptimization events (10 events):
Event: 1.044 Thread 0x00000213940af000 Uncommon trap: reason=intrinsic_or_type_checked_inlining action=make_not_entrant pc=0x0000021387b5360c method=java.util.Arrays.copyOf([Ljava/lang/Object;ILjava/lang/Class;)[Ljava/lang/Object; @ 35 c2
Event: 1.175 Thread 0x00000213940af000 Uncommon trap: reason=unstable_if action=reinterpret pc=0x0000021387b59d58 method=java.util.HashMap.hash(Ljava/lang/Object;)I @ 1 c2
Event: 1.213 Thread 0x00000213940af000 Uncommon trap: reason=unstable_if action=reinterpret pc=0x0000021387af3154 method=java.lang.StringLatin1.canEncode(I)Z @ 4 c2
Event: 1.257 Thread 0x00000213940af000 Uncommon trap: reason=class_check action=maybe_recompile pc=0x0000021387ae0560 method=java.lang.String.equals(Ljava/lang/Object;)Z @ 8 c2
Event: 1.257 Thread 0x00000213940af000 Uncommon trap: reason=class_check action=maybe_recompile pc=0x0000021387ae0560 method=java.lang.String.equals(Ljava/lang/Object;)Z @ 8 c2
Event: 1.257 Thread 0x00000213940af000 Uncommon trap: reason=class_check action=maybe_recompile pc=0x0000021387ae0560 method=java.lang.String.equals(Ljava/lang/Object;)Z @ 8 c2
Event: 1.258 Thread 0x00000213940af000 Uncommon trap: reason=class_check action=maybe_recompile pc=0x0000021387ae0560 method=java.lang.String.equals(Ljava/lang/Object;)Z @ 8 c2
Event: 1.364 Thread 0x00000213940af000 Uncommon trap: reason=unstable_if action=reinterpret pc=0x0000021387b51034 method=jdk.internal.org.objectweb.asm.Type.getArgumentsAndReturnSizes(Ljava/lang/String;)I @ 47 c2
Event: 1.367 Thread 0x00000213940af000 Uncommon trap: reason=unstable_if action=reinterpret pc=0x0000021387b6df88 method=java.lang.invoke.InvokerBytecodeGenerator.loadInsnOpcode(Ljava/lang/invoke/LambdaForm$BasicType;)I @ 8 c2
Event: 5.909 Thread 0x00000213940af000 Uncommon trap: reason=unstable_if action=reinterpret pc=0x0000021387b7b2b4 method=java.util.concurrent.ConcurrentHashMap.putVal(Ljava/lang/Object;Ljava/lang/Object;Z)Ljava/lang/Object; @ 256 c2

Classes redefined (0 events):
No events

Internal exceptions (10 events):
Event: 1.364 Thread 0x00000213940af000 Exception <a 'java/lang/NoSuchMethodError'{0x0000000711fe9808}: java.lang.invoke.DirectMethodHandle$Holder.invokeStaticInit(Ljava/lang/Object;Ljava/lang/Object;Ljava/lang/Object;)J> (0x0000000711fe9808) thrown at [./open/src/hotspot/share/interpreter/link
Event: 1.368 Thread 0x00000213940af000 Exception <a 'java/lang/NoSuchMethodError'{0x0000000711e021d0}: java.lang.invoke.DirectMethodHandle$Holder.invokeStatic(Ljava/lang/Object;Ljava/lang/Object;J)Ljava/lang/Object;> (0x0000000711e021d0) thrown at [./open/src/hotspot/share/interpreter/linkReso
Event: 1.368 Thread 0x00000213940af000 Exception <a 'java/lang/NoSuchMethodError'{0x0000000711e08348}: java.lang.invoke.Invokers$Holder.linkToTargetMethod(Ljava/lang/Object;JLjava/lang/Object;)Ljava/lang/Object;> (0x0000000711e08348) thrown at [./open/src/hotspot/share/interpreter/linkResolver
Event: 5.849 Thread 0x00000213940af000 Exception <a 'java/net/BindException'{0x0000000711d38030}: Address already in use: Cannot bind> (0x0000000711d38030) thrown at [./open/src/hotspot/share/prims/jni.cpp, line 632]
Event: 5.891 Thread 0x00000213940af000 Exception <a 'java/lang/NoSuchMethodError'{0x0000000711c2e978}: java.lang.invoke.DirectMethodHandle$Holder.invokeSpecial(Ljava/lang/Object;Ljava/lang/Object;IIIIII)Ljava/lang/Object;> (0x0000000711c2e978) thrown at [./open/src/hotspot/share/interpreter/li
Event: 5.891 Thread 0x00000213940af000 Exception <a 'java/lang/NoSuchMethodError'{0x0000000711c31c98}: java.lang.invoke.DelegatingMethodHandle$Holder.reinvoke_L(Ljava/lang/Object;IIIIII)Ljava/lang/Object;> (0x0000000711c31c98) thrown at [./open/src/hotspot/share/interpreter/linkResolver.cpp, l
Event: 5.893 Thread 0x00000213940af000 Exception <a 'java/lang/NoSuchMethodError'{0x0000000711c387a8}: java.lang.invoke.DirectMethodHandle$Holder.invokeStatic(Ljava/lang/Object;Ljava/lang/Object;Ljava/lang/Object;Ljava/lang/Object;Ljava/lang/Object;I)Ljava/lang/Object;> (0x0000000711c387a8) th
Event: 5.898 Thread 0x00000213940af000 Exception <a 'java/lang/NoSuchMethodError'{0x0000000711cce740}: java.lang.invoke.DelegatingMethodHandle$Holder.reinvoke_L(Ljava/lang/Object;Ljava/lang/Object;IIIIIIIIII)Ljava/lang/Object;> (0x0000000711cce740) thrown at [./open/src/hotspot/share/interpret
Event: 5.900 Thread 0x00000213940af000 Exception <a 'java/lang/NoSuchMethodError'{0x0000000711b33780}: java.lang.invoke.DirectMethodHandle$Holder.invokeSpecial(Ljava/lang/Object;Ljava/lang/Object;IIIIIIIIIII)Ljava/lang/Object;> (0x0000000711b33780) thrown at [./open/src/hotspot/share/interpret
Event: 5.900 Thread 0x00000213940af000 Exception <a 'java/lang/NoSuchMethodError'{0x0000000711b36e18}: java.lang.invoke.DelegatingMethodHandle$Holder.reinvoke_L(Ljava/lang/Object;IIIIIIIIIII)Ljava/lang/Object;> (0x0000000711b36e18) thrown at [./open/src/hotspot/share/interpreter/linkResolver.c

Events (10 events):
Event: 5.927 loading class sun/util/resources/cldr/CalendarData
Event: 5.927 loading class sun/util/resources/cldr/CalendarData done
Event: 5.928 loading class sun/util/resources/Bundles$BundleReference
Event: 5.928 loading class sun/util/resources/Bundles$CacheKeyReference
Event: 5.928 loading class sun/util/resources/Bundles$CacheKeyReference done
Event: 5.928 loading class sun/util/resources/Bundles$BundleReference done
Event: 5.928 loading class sun/util/locale/provider/LocaleResources$ResourceReference
Event: 5.928 loading class sun/util/locale/provider/LocaleResources$ResourceReference done
Event: 5.928 loading class com/xuggle/xuggler/IAudioSamples
Event: 5.928 loading class com/xuggle/xuggler/IAudioSamples done


Dynamic libraries:
0x00007ff7c4b00000 - 0x00007ff7c4b0f000 	C:\Program Files\Java\jdk-11.0.8\bin\java.exe
0x00007ffc6c650000 - 0x00007ffc6c846000 	C:\WINDOWS\SYSTEM32\ntdll.dll
0x00007ffc6b110000 - 0x00007ffc6b1cd000 	C:\WINDOWS\System32\KERNEL32.DLL
0x00007ffc69da0000 - 0x00007ffc6a068000 	C:\WINDOWS\System32\KERNELBASE.dll
0x00007ffc6a330000 - 0x00007ffc6a430000 	C:\WINDOWS\System32\ucrtbase.dll
0x00007ffc5d820000 - 0x00007ffc5d835000 	C:\Program Files\Java\jdk-11.0.8\bin\VCRUNTIME140.dll
0x00007ffc5d920000 - 0x00007ffc5d938000 	C:\Program Files\Java\jdk-11.0.8\bin\jli.dll
0x00007ffc6b260000 - 0x00007ffc6b30a000 	C:\WINDOWS\System32\ADVAPI32.dll
0x00007ffc6b4e0000 - 0x00007ffc6b57e000 	C:\WINDOWS\System32\msvcrt.dll
0x00007ffc6b070000 - 0x00007ffc6b10b000 	C:\WINDOWS\System32\sechost.dll
0x00007ffc6ad90000 - 0x00007ffc6aeb4000 	C:\WINDOWS\System32\RPCRT4.dll
0x00007ffc6b340000 - 0x00007ffc6b4e0000 	C:\WINDOWS\System32\USER32.dll
0x00007ffc6a490000 - 0x00007ffc6a4b2000 	C:\WINDOWS\System32\win32u.dll
0x00007ffc45af0000 - 0x00007ffc45d8b000 	C:\WINDOWS\WinSxS\amd64_microsoft.windows.common-controls_6595b64144ccf1df_6.0.19041.488_none_ca04af081b815d21\COMCTL32.dll
0x00007ffc6b1d0000 - 0x00007ffc6b1fa000 	C:\WINDOWS\System32\GDI32.dll
0x00007ffc6a120000 - 0x00007ffc6a229000 	C:\WINDOWS\System32\gdi32full.dll
0x00007ffc6a620000 - 0x00007ffc6a6bd000 	C:\WINDOWS\System32\msvcp_win.dll
0x00007ffc64220000 - 0x00007ffc6422a000 	C:\WINDOWS\SYSTEM32\VERSION.dll
0x00007ffc6b310000 - 0x00007ffc6b340000 	C:\WINDOWS\System32\IMM32.DLL
0x00007ffc5bcf0000 - 0x00007ffc5bd8b000 	C:\Program Files\Java\jdk-11.0.8\bin\msvcp140.dll
0x00007ffc0f320000 - 0x00007ffc0fe06000 	C:\Program Files\Java\jdk-11.0.8\bin\server\jvm.dll
0x00007ffc6a8d0000 - 0x00007ffc6a8d8000 	C:\WINDOWS\System32\PSAPI.DLL
0x00007ffc65b00000 - 0x00007ffc65b09000 	C:\WINDOWS\SYSTEM32\WSOCK32.dll
0x00007ffc555c0000 - 0x00007ffc555e7000 	C:\WINDOWS\SYSTEM32\WINMM.dll
0x00007ffc6aff0000 - 0x00007ffc6b05b000 	C:\WINDOWS\System32\WS2_32.dll
0x00007ffc67cb0000 - 0x00007ffc67cc2000 	C:\WINDOWS\SYSTEM32\kernel.appcore.dll
0x00007ffc65880000 - 0x00007ffc65890000 	C:\Program Files\Java\jdk-11.0.8\bin\verify.dll
0x00007ffc566f0000 - 0x00007ffc568d4000 	C:\WINDOWS\SYSTEM32\DBGHELP.DLL
0x00007ffc562c0000 - 0x00007ffc562ec000 	C:\WINDOWS\SYSTEM32\dbgcore.DLL
0x00007ffc6a0a0000 - 0x00007ffc6a11f000 	C:\WINDOWS\System32\bcryptPrimitives.dll
0x00007ffc5d7f0000 - 0x00007ffc5d818000 	C:\Program Files\Java\jdk-11.0.8\bin\java.dll
0x00007ffc5d7b0000 - 0x00007ffc5d7ba000 	C:\Program Files\Java\jdk-11.0.8\bin\jimage.dll
0x00007ffc5d790000 - 0x00007ffc5d7a6000 	C:\Program Files\Java\jdk-11.0.8\bin\zip.dll
0x00007ffc6bd40000 - 0x00007ffc6c480000 	C:\WINDOWS\System32\SHELL32.dll
0x00007ffc67eb0000 - 0x00007ffc68644000 	C:\WINDOWS\SYSTEM32\windows.storage.dll
0x00007ffc6a900000 - 0x00007ffc6ac55000 	C:\WINDOWS\System32\combase.dll
0x00007ffc69810000 - 0x00007ffc6983c000 	C:\WINDOWS\SYSTEM32\Wldp.dll
0x00007ffc6c560000 - 0x00007ffc6c60e000 	C:\WINDOWS\System32\SHCORE.dll
0x00007ffc6b200000 - 0x00007ffc6b255000 	C:\WINDOWS\System32\shlwapi.dll
0x00007ffc69cd0000 - 0x00007ffc69cf6000 	C:\WINDOWS\SYSTEM32\profapi.dll
0x00007ffc5d770000 - 0x00007ffc5d789000 	C:\Program Files\Java\jdk-11.0.8\bin\net.dll
0x00007ffc5ce50000 - 0x00007ffc5cf50000 	C:\WINDOWS\SYSTEM32\WINHTTP.dll
0x00007ffc69550000 - 0x00007ffc695ba000 	C:\WINDOWS\system32\mswsock.dll
0x00007ffc5c750000 - 0x00007ffc5c762000 	C:\Program Files\Java\jdk-11.0.8\bin\nio.dll
0x00000213952b0000 - 0x00000213952b3000 	C:\Program Files\javafx-sdk-11.0.2\bin\api-ms-win-core-console-l1-1-0.dll
0x00000213952c0000 - 0x00000213952c3000 	C:\Program Files\javafx-sdk-11.0.2\bin\api-ms-win-core-datetime-l1-1-0.dll
0x00000213952d0000 - 0x00000213952d3000 	C:\Program Files\javafx-sdk-11.0.2\bin\api-ms-win-core-debug-l1-1-0.dll
0x00000213952e0000 - 0x00000213952e3000 	C:\Program Files\javafx-sdk-11.0.2\bin\api-ms-win-core-errorhandling-l1-1-0.dll
0x00000213952f0000 - 0x00000213952f4000 	C:\Program Files\javafx-sdk-11.0.2\bin\api-ms-win-core-file-l1-1-0.dll
0x0000021395300000 - 0x0000021395303000 	C:\Program Files\javafx-sdk-11.0.2\bin\api-ms-win-core-file-l1-2-0.dll
0x0000021395310000 - 0x0000021395313000 	C:\Program Files\javafx-sdk-11.0.2\bin\api-ms-win-core-file-l2-1-0.dll
0x0000021395320000 - 0x0000021395323000 	C:\Program Files\javafx-sdk-11.0.2\bin\api-ms-win-core-handle-l1-1-0.dll
0x0000021395330000 - 0x0000021395333000 	C:\Program Files\javafx-sdk-11.0.2\bin\api-ms-win-core-heap-l1-1-0.dll
0x0000021395340000 - 0x0000021395343000 	C:\Program Files\javafx-sdk-11.0.2\bin\api-ms-win-core-interlocked-l1-1-0.dll
0x0000021395350000 - 0x0000021395353000 	C:\Program Files\javafx-sdk-11.0.2\bin\api-ms-win-core-libraryloader-l1-1-0.dll
0x0000021395360000 - 0x0000021395363000 	C:\Program Files\javafx-sdk-11.0.2\bin\api-ms-win-core-localization-l1-2-0.dll
0x0000021395370000 - 0x0000021395373000 	C:\Program Files\javafx-sdk-11.0.2\bin\api-ms-win-core-memory-l1-1-0.dll
0x0000021394f20000 - 0x0000021394f23000 	C:\Program Files\javafx-sdk-11.0.2\bin\api-ms-win-core-namedpipe-l1-1-0.dll
0x0000021394f30000 - 0x0000021394f33000 	C:\Program Files\javafx-sdk-11.0.2\bin\api-ms-win-core-processenvironment-l1-1-0.dll
0x0000021394f40000 - 0x0000021394f43000 	C:\Program Files\javafx-sdk-11.0.2\bin\api-ms-win-core-processthreads-l1-1-0.dll
0x0000021394f50000 - 0x0000021394f53000 	C:\Program Files\javafx-sdk-11.0.2\bin\api-ms-win-core-processthreads-l1-1-1.dll
0x0000021394f60000 - 0x0000021394f63000 	C:\Program Files\javafx-sdk-11.0.2\bin\api-ms-win-core-profile-l1-1-0.dll
0x0000021394f70000 - 0x0000021394f73000 	C:\Program Files\javafx-sdk-11.0.2\bin\api-ms-win-core-rtlsupport-l1-1-0.dll
0x0000021394f80000 - 0x0000021394f83000 	C:\Program Files\javafx-sdk-11.0.2\bin\api-ms-win-core-string-l1-1-0.dll
0x0000021394f90000 - 0x0000021394f93000 	C:\Program Files\javafx-sdk-11.0.2\bin\api-ms-win-core-synch-l1-1-0.dll
0x0000021394fa0000 - 0x0000021394fa3000 	C:\Program Files\javafx-sdk-11.0.2\bin\api-ms-win-core-synch-l1-2-0.dll
0x0000021394fb0000 - 0x0000021394fb3000 	C:\Program Files\javafx-sdk-11.0.2\bin\api-ms-win-core-sysinfo-l1-1-0.dll
0x0000021394fc0000 - 0x0000021394fc3000 	C:\Program Files\javafx-sdk-11.0.2\bin\api-ms-win-core-timezone-l1-1-0.dll
0x0000021394fd0000 - 0x0000021394fd3000 	C:\Program Files\javafx-sdk-11.0.2\bin\api-ms-win-core-util-l1-1-0.dll
0x0000021394fe0000 - 0x0000021394fe3000 	C:\Program Files\javafx-sdk-11.0.2\bin\api-ms-win-crt-conio-l1-1-0.dll
0x0000021394ff0000 - 0x0000021394ff4000 	C:\Program Files\javafx-sdk-11.0.2\bin\api-ms-win-crt-convert-l1-1-0.dll
0x0000021395000000 - 0x0000021395003000 	C:\Program Files\javafx-sdk-11.0.2\bin\api-ms-win-crt-environment-l1-1-0.dll
0x0000021395010000 - 0x0000021395013000 	C:\Program Files\javafx-sdk-11.0.2\bin\api-ms-win-crt-filesystem-l1-1-0.dll
0x0000021395020000 - 0x0000021395023000 	C:\Program Files\javafx-sdk-11.0.2\bin\api-ms-win-crt-heap-l1-1-0.dll
0x0000021395030000 - 0x0000021395033000 	C:\Program Files\javafx-sdk-11.0.2\bin\api-ms-win-crt-locale-l1-1-0.dll
0x0000021395040000 - 0x0000021395045000 	C:\Program Files\javafx-sdk-11.0.2\bin\api-ms-win-crt-math-l1-1-0.dll
0x0000021395050000 - 0x0000021395055000 	C:\Program Files\javafx-sdk-11.0.2\bin\api-ms-win-crt-multibyte-l1-1-0.dll
0x0000021395060000 - 0x0000021395070000 	C:\Program Files\javafx-sdk-11.0.2\bin\api-ms-win-crt-private-l1-1-0.dll
0x0000021395070000 - 0x0000021395073000 	C:\Program Files\javafx-sdk-11.0.2\bin\api-ms-win-crt-process-l1-1-0.dll
0x0000021395080000 - 0x0000021395084000 	C:\Program Files\javafx-sdk-11.0.2\bin\api-ms-win-crt-runtime-l1-1-0.dll
0x0000021395090000 - 0x0000021395094000 	C:\Program Files\javafx-sdk-11.0.2\bin\api-ms-win-crt-stdio-l1-1-0.dll
0x00000213950a0000 - 0x00000213950a4000 	C:\Program Files\javafx-sdk-11.0.2\bin\api-ms-win-crt-string-l1-1-0.dll
0x00000213950b0000 - 0x00000213950b3000 	C:\Program Files\javafx-sdk-11.0.2\bin\api-ms-win-crt-time-l1-1-0.dll
0x00000213950c0000 - 0x00000213950c3000 	C:\Program Files\javafx-sdk-11.0.2\bin\api-ms-win-crt-utility-l1-1-0.dll
0x00007ffc328a0000 - 0x00007ffc3299a000 	C:\Program Files\javafx-sdk-11.0.2\bin\ucrtbase.dll
0x00007ffc38ed0000 - 0x00007ffc38ee6000 	C:\Program Files\javafx-sdk-11.0.2\bin\vcruntime140.dll
0x00007ffc327f0000 - 0x00007ffc32896000 	C:\Program Files\javafx-sdk-11.0.2\bin\msvcp140.dll
0x00007ffc35050000 - 0x00007ffc350a1000 	C:\Program Files\javafx-sdk-11.0.2\bin\concrt140.dll
0x00007ffc37760000 - 0x00007ffc37783000 	C:\Program Files\javafx-sdk-11.0.2\bin\prism_d3d.dll
0x00007ffc54d70000 - 0x00007ffc54f3e000 	C:\WINDOWS\system32\d3d9.dll
0x00007ffc679c0000 - 0x00007ffc679ef000 	C:\WINDOWS\SYSTEM32\dwmapi.dll
0x00007ffc67710000 - 0x00007ffc677af000 	C:\WINDOWS\system32\uxtheme.dll
0x00007ffc2d780000 - 0x00007ffc2d8dd000 	C:\WINDOWS\System32\DriverStore\FileRepository\iigd_dch.inf_amd64_0651c2cb9dd31504\igdumdim64.dll
0x00007ffc02780000 - 0x00007ffc06089000 	C:\WINDOWS\System32\DriverStore\FileRepository\iigd_dch.inf_amd64_0651c2cb9dd31504\igd9dxva64.dll
0x00007ffc6aec0000 - 0x00007ffc6afea000 	C:\WINDOWS\System32\ole32.dll
0x00007ffc6acc0000 - 0x00007ffc6ad8d000 	C:\WINDOWS\System32\OLEAUT32.dll
0x00007ffc6b8d0000 - 0x00007ffc6bd37000 	C:\WINDOWS\System32\SETUPAPI.dll
0x00007ffc6a2e0000 - 0x00007ffc6a32e000 	C:\WINDOWS\System32\cfgmgr32.dll
0x00007ffc6a070000 - 0x00007ffc6a097000 	C:\WINDOWS\System32\bcrypt.dll
0x00007ffc60260000 - 0x00007ffc60404000 	C:\WINDOWS\System32\DriverStore\FileRepository\iigd_dch.inf_amd64_0651c2cb9dd31504\igdgmm64.dll
0x00007ffc32650000 - 0x00007ffc32695000 	C:\Program Files\javafx-sdk-11.0.2\bin\glass.dll
0x00007ffc6c480000 - 0x00007ffc6c55a000 	C:\WINDOWS\System32\COMDLG32.dll
0x00007ffc6a6c0000 - 0x00007ffc6a7d5000 	C:\WINDOWS\System32\MSCTF.dll
0x00007ffc3c2c0000 - 0x00007ffc3c2e6000 	C:\WINDOWS\System32\DriverStore\FileRepository\iigd_dch.inf_amd64_0651c2cb9dd31504\igdinfo64.dll
0x00007ffc5dc50000 - 0x00007ffc60254000 	C:\WINDOWS\System32\DriverStore\FileRepository\iigd_dch.inf_amd64_0651c2cb9dd31504\igc64.dll
0x00007ffc627e0000 - 0x00007ffc6281b000 	C:\WINDOWS\SYSTEM32\dxcore.dll
0x00007ffc69740000 - 0x00007ffc69758000 	C:\WINDOWS\SYSTEM32\CRYPTSP.dll
0x00007ffc68e70000 - 0x00007ffc68ea4000 	C:\WINDOWS\system32\rsaenh.dll
0x00007ffc69c90000 - 0x00007ffc69cbe000 	C:\WINDOWS\SYSTEM32\USERENV.dll
0x00007ffc69760000 - 0x00007ffc6976c000 	C:\WINDOWS\SYSTEM32\CRYPTBASE.dll
0x00007ffc69200000 - 0x00007ffc6923b000 	C:\WINDOWS\SYSTEM32\IPHLPAPI.DLL
0x00007ffc6a8c0000 - 0x00007ffc6a8c9000 	C:\WINDOWS\System32\NSI.dll
0x00007ffc63e20000 - 0x00007ffc63e37000 	C:\WINDOWS\SYSTEM32\dhcpcsvc6.DLL
0x00007ffc64240000 - 0x00007ffc6425d000 	C:\WINDOWS\SYSTEM32\dhcpcsvc.DLL
0x00007ffc69240000 - 0x00007ffc6930b000 	C:\WINDOWS\SYSTEM32\DNSAPI.dll
0x000000006e740000 - 0x000000006fda5000 	C:\Users\manis\AppData\Local\Temp\xuggle\xuggle17420028395037519863.dll
0x00007ffc39ff0000 - 0x00007ffc3a009000 	C:\WINDOWS\SYSTEM32\AVICAP32.dll
0x00007ffc39bd0000 - 0x00007ffc39bfb000 	C:\WINDOWS\SYSTEM32\MSVFW32.dll
0x00007ffc36a10000 - 0x00007ffc36a24000 	C:\Program Files\javafx-sdk-11.0.2\bin\javafx_font.dll
0x00007ffc40170000 - 0x00007ffc403ef000 	C:\WINDOWS\SYSTEM32\dwrite.dll
0x00007ffc45320000 - 0x00007ffc45337000 	C:\WINDOWS\system32\napinsp.dll
0x00007ffc45300000 - 0x00007ffc4531b000 	C:\WINDOWS\system32\pnrpnsp.dll
0x00007ffc3ede0000 - 0x00007ffc3edf5000 	C:\WINDOWS\system32\wshbth.dll
0x00007ffc65ac0000 - 0x00007ffc65add000 	C:\WINDOWS\system32\NLAapi.dll
0x00007ffc3ecd0000 - 0x00007ffc3ece2000 	C:\WINDOWS\System32\winrnr.dll
0x00007ffc5b0f0000 - 0x00007ffc5b0fa000 	C:\Windows\System32\rasadhlp.dll
0x00007ffc61c70000 - 0x00007ffc61cef000 	C:\WINDOWS\System32\fwpuclnt.dll
0x00007ffc36160000 - 0x00007ffc362fa000 	C:\Program Files\Java\jdk-11.0.8\bin\awt.dll

dbghelp: loaded successfully - version: 4.0.5 - missing functions: none
symbol engine: initialized successfully - sym options: 0x614 - pdb path: .;C:\Program Files\Java\jdk-11.0.8\bin;C:\WINDOWS\SYSTEM32;C:\WINDOWS\WinSxS\amd64_microsoft.windows.common-controls_6595b64144ccf1df_6.0.19041.488_none_ca04af081b815d21;C:\Program Files\Java\jdk-11.0.8\bin\server;C:\Program Files\javafx-sdk-11.0.2\bin;C:\WINDOWS\System32\DriverStore\FileRepository\iigd_dch.inf_amd64_0651c2cb9dd31504;C:\Users\manis\AppData\Local\Temp\xuggle;C:\Program Files\Common Files\Microsoft Shared\Ink

VM Arguments:
jvm_args: --module-path=C:\Program Files\javafx-sdk-11.0.2\lib --add-modules=javafx.controls,javafx.fxml,javafx.base,javafx.media,javafx.graphics,javafx.swing,javafx.web --add-opens=javafx.base/com.sun.javafx.runtime=ALL-UNNAMED --add-opens=javafx.controls/com.sun.javafx.scene.control.behavior=ALL-UNNAMED --add-opens=javafx.controls/com.sun.javafx.scene.control=ALL-UNNAMED --add-opens=javafx.base/com.sun.javafx.binding=ALL-UNNAMED --add-opens=javafx.base/com.sun.javafx.event=ALL-UNNAMED --add-opens=javafx.graphics/com.sun.javafx.stage=ALL-UNNAMED --add-opens=javafx.graphics/com.sun.javafx.scene=ALL-UNNAMED --module-path=C:\Program Files\javafx-sdk-11.0.2\lib --add-modules=javafx.controls,javafx.fxml,javafx.base,javafx.media,javafx.graphics,javafx.swing,javafx.web --add-opens=javafx.base/com.sun.javafx.runtime=ALL-UNNAMED --add-opens=javafx.controls/com.sun.javafx.scene.control.behavior=ALL-UNNAMED --add-opens=javafx.controls/com.sun.javafx.scene.control=ALL-UNNAMED --add-opens=javafx.base/com.sun.javafx.binding=ALL-UNNAMED --add-opens=javafx.base/com.sun.javafx.event=ALL-UNNAMED --add-opens=javafx.graphics/com.sun.javafx.stage=ALL-UNNAMED --add-opens=javafx.graphics/com.sun.javafx.scene=ALL-UNNAMED -Dfile.encoding=windows-1252 -Duser.country=IN -Duser.language=en -Duser.variant 
java_command: Main2
java_class_path (initial): C:\Users\manis\IdeaProjects\softa1\build\classes\java\main;C:\Users\manis\IdeaProjects\softa1\build\resources\main;C:\Users\manis\.gradle\caches\modules-2\files-2.1\org.mongodb\mongo-java-driver\3.12.3\b86f81e0e8afa58d07d587f9a5ebd8e1198f8863\mongo-java-driver-3.12.3.jar;C:\Users\manis\.gradle\caches\modules-2\files-2.1\com.jfoenix\jfoenix\9.0.9\df1b688e1dc42a59e560c29f231278e20cfcd52\jfoenix-9.0.9.jar;C:\Users\manis\.gradle\caches\modules-2\files-2.1\xuggle\xuggle-xuggler\5.4\53a5b0f219d86c2fd570675fcbaa6a6c1a0626e8\xuggle-xuggler-5.4.jar;C:\Users\manis\.gradle\caches\modules-2\files-2.1\com.github.sarxos\webcam-capture\0.3.12\47b09a421def93b23397bc900ca9a0a31a4927f1\webcam-capture-0.3.12.jar;C:\Users\manis\.gradle\caches\modules-2\files-2.1\org.apache.httpcomponents\httpasyncclient\4.1.4\f3a3240681faae3fa46b573a4c7e50cec9db0d86\httpasyncclient-4.1.4.jar;C:\Users\manis\.gradle\caches\modules-2\files-2.1\org.apache.httpcomponents\httpclient\4.5.10\7ca2e4276f4ef95e4db725a8cd4a1d1e7585b9e5\httpclient-4.5.10.jar;C:\Users\manis\.gradle\caches\modules-2\files-2.1\org.json\json\20090211\c183aa3a2a6250293808bba12262c8920ce5a51c\json-20090211.jar;C:\Users\manis\.gradle\caches\modules-2\files-2.1\at.favre.lib\bcrypt\0.5.0\7559b1c6a901b67e489445e38a8fe748c9177057\bcrypt-0.5.0.jar;C:\Users\manis\.gradle\caches\modules-2\files-2.1\org.apache.httpcomponents\httpcore-nio\4.4.12\84cd29eca842f31db02987cfedea245af020198b\httpcore-nio-4.4.12.jar;C:\Users\manis\.gradle\caches\modules-2\files-2.1\com.google.code.gson\gson\2.8.6\9180733b7df8542621dc12e21e87557e8c99b8cb\gson-2.8.6.jar;C:\Users\manis\.gradle\caches\modules-2\files-2.1\org.openjfx\javafx-fxml\11.0.2\b3242e4c031558574de2a1da685bb5fcdbb8a530\javafx-fxml-11.0.2-win.jar;C:\Users\manis\.gradle\caches\modules-2\files-2.1\org.openjfx\javafx-controls\11.0.2\6c763707769c18adce406904c771c2ad1fcc370b\javafx-controls-11.0.2-win.jar;C:\Users\manis\.gradle\caches\modules-2\files-2.1\org.openjfx\javafx-contro
Launcher Type: SUN_STANDARD

[Global flags]
     intx CICompilerCount                          = 4                                         {product} {ergonomic}
     uint ConcGCThreads                            = 3                                         {product} {ergonomic}
     uint G1ConcRefinementThreads                  = 10                                        {product} {ergonomic}
   size_t G1HeapRegionSize                         = 1048576                                   {product} {ergonomic}
    uintx GCDrainStackTargetSize                   = 64                                        {product} {ergonomic}
   size_t InitialHeapSize                          = 266338304                                 {product} {ergonomic}
   size_t MarkStackSize                            = 4194304                                   {product} {ergonomic}
   size_t MaxHeapSize                              = 4248829952                                {product} {ergonomic}
   size_t MaxNewSize                               = 2549088256                                {product} {ergonomic}
   size_t MinHeapDeltaBytes                        = 1048576                                   {product} {ergonomic}
    uintx NonNMethodCodeHeapSize                   = 5836300                                {pd product} {ergonomic}
    uintx NonProfiledCodeHeapSize                  = 122910970                              {pd product} {ergonomic}
    uintx ProfiledCodeHeapSize                     = 122910970                              {pd product} {ergonomic}
    uintx ReservedCodeCacheSize                    = 251658240                              {pd product} {ergonomic}
     bool SegmentedCodeCache                       = true                                      {product} {ergonomic}
     bool UseCompressedClassPointers               = true                                 {lp64_product} {ergonomic}
     bool UseCompressedOops                        = true                                 {lp64_product} {ergonomic}
     bool UseG1GC                                  = true                                      {product} {ergonomic}
     bool UseLargePagesIndividualAllocation        = false                                  {pd product} {ergonomic}

Logging:
Log output configuration:
 #0: stdout all=warning uptime,level,tags
 #1: stderr all=off uptime,level,tags

Environment Variables:
JAVA_HOME=C:\Program Files\Android\Android Studio\jre
PATH=C:\Program Files\Common Files\Oracle\Java\javapath;C:\Windows\system32;C:\Windows;C:\Windows\System32\Wbem;C:\Windows\System32\WindowsPowerShell\v1.0\;C:\Windows\System32\OpenSSH\;C:\Program Files (x86)\NVIDIA Corporation\PhysX\Common;C:\Program Files\NVIDIA Corporation\NVIDIA NvDLISR;C:\Program Files\Git\cmd;C:\WINDOWS\system32;C:\WINDOWS;C:\WINDOWS\System32\Wbem;C:\WINDOWS\System32\WindowsPowerShell\v1.0\;C:\WINDOWS\System32\OpenSSH\;C:\Program Files (x86)\HP\Common\HPDestPlgIn\;C:\Users\manis\AppData\Local\Microsoft\WindowsApps;C:\Program Files\Java\jdk-12.0.2\bin;C:\Program Files (x86)\mingw-w64\i686-8.1.0-posix-dwarf-rt_v6-rev0\mingw32\bin;C:\flutter\bin;C:\Users\manis\AppData\Local\Programs\Microsoft VS Code\bin;C:\Program Files\JetBrains\IntelliJ IDEA Community Edition 2020.2.2\bin;;C:\Program Files (x86)\HP\Common\HPDestPlgIn\;;C:\Program Files\JetBrains\IntelliJ IDEA 2020.2.3\bin;
USERNAME=manis
OS=Windows_NT
PROCESSOR_IDENTIFIER=Intel64 Family 6 Model 165 Stepping 2, GenuineIntel



---------------  S Y S T E M  ---------------

OS: Windows 10 , 64 bit Build 19041 (10.0.19041.546)
HyperV virtualization detected

CPU:total 12 (initial active 12) (6 cores per cpu, 2 threads per core) family 6 model 165 stepping 2, cmov, cx8, fxsr, mmx, sse, sse2, sse3, ssse3, sse4.1, sse4.2, popcnt, avx, avx2, aes, clmul, erms, 3dnowpref, lzcnt, ht, tsc, tscinvbit, bmi1, bmi2, adx, fma

Memory: 4k page, system-wide physical 16204M (5910M free)
TotalPageFile size 17804M (AvailPageFile size 4236M)
current process WorkingSet (physical memory assigned to process): 185M, peak: 206M
current process commit charge ("private bytes"): 446M, peak: 465M

vm_info: Java HotSpot(TM) 64-Bit Server VM (11.0.8+10-LTS) for windows-amd64 JRE (11.0.8+10-LTS), built on Jun 16 2020 05:53:08 by "mach5one" with unknown MS VC++:1916

END.
